./apriori - find frequent item sets with the apriori algorithm
version 6.5 (2013.11.12)         (c) 1996-2013   Christian Borgelt
reading input-s7m3-c70Kmeans_clusters_16.txt.tmp ... [1175 item(s), 929 transaction(s)] done [0.00s].
filtering, sorting and recoding items ... [249 item(s)] done [0.00s].
sorting and reducing transactions ... [889/929 transaction(s)] done [0.00s].
writing rules-s7m3-c70Kmeans_clusters_16.txt.tmp ... [571 rule(s)] done [0.00s].
./apriori - find frequent item sets with the apriori algorithm
version 6.5 (2013.11.12)         (c) 1996-2013   Christian Borgelt
reading input-s7m3-c70Kmeans_clusters_16.txt.tmp ... [1143 item(s), 480 transaction(s)] done [0.00s].
filtering, sorting and recoding items ... [226 item(s)] done [0.00s].
sorting and reducing transactions ... [444/480 transaction(s)] done [0.00s].
writing rules-s7m3-c70Kmeans_clusters_16.txt.tmp ... [250 rule(s)] done [0.00s].
./apriori - find frequent item sets with the apriori algorithm
version 6.5 (2013.11.12)         (c) 1996-2013   Christian Borgelt
reading input-s7m3-c70Kmeans_clusters_16.txt.tmp ... [691 item(s), 481 transaction(s)] done [0.00s].
filtering, sorting and recoding items ... [62 item(s)] done [0.00s].
sorting and reducing transactions ... [472/481 transaction(s)] done [0.00s].
writing rules-s7m3-c70Kmeans_clusters_16.txt.tmp ... [469670 rule(s)] done [0.57s].
./apriori - find frequent item sets with the apriori algorithm
version 6.5 (2013.11.12)         (c) 1996-2013   Christian Borgelt
reading input-s7m3-c70Kmeans_clusters_16.txt.tmp ... [1177 item(s), 557 transaction(s)] done [0.00s].
filtering, sorting and recoding items ... [286 item(s)] done [0.00s].
sorting and reducing transactions ... [545/557 transaction(s)] done [0.00s].
writing rules-s7m3-c70Kmeans_clusters_16.txt.tmp ... [19263 rule(s)] done [0.04s].
./apriori - find frequent item sets with the apriori algorithm
version 6.5 (2013.11.12)         (c) 1996-2013   Christian Borgelt
reading input-s7m3-c70Kmeans_clusters_16.txt.tmp ... [967 item(s), 133 transaction(s)] done [0.00s].
filtering, sorting and recoding items ... [206 item(s)] done [0.00s].
sorting and reducing transactions ... [131/133 transaction(s)] done [0.00s].
writing rules-s7m3-c70Kmeans_clusters_16.txt.tmp ... [2129 rule(s)] done [0.00s].
./apriori - find frequent item sets with the apriori algorithm
version 6.5 (2013.11.12)         (c) 1996-2013   Christian Borgelt
reading input-s7m3-c70Kmeans_clusters_16.txt.tmp ... [764 item(s), 63 transaction(s)] done [0.00s].
filtering, sorting and recoding items ... [193 item(s)] done [0.00s].
sorting and reducing transactions ... [62/63 transaction(s)] done [0.00s].
writing rules-s7m3-c70Kmeans_clusters_16.txt.tmp ... [26509 rule(s)] done [0.02s].
./apriori - find frequent item sets with the apriori algorithm
version 6.5 (2013.11.12)         (c) 1996-2013   Christian Borgelt
reading input-s7m3-c70Kmeans_clusters_16.txt.tmp ... [556 item(s), 820 transaction(s)] done [0.00s].
filtering, sorting and recoding items ... [55 item(s)] done [0.00s].
sorting and reducing transactions ... [728/820 transaction(s)] done [0.00s].
writing rules-s7m3-c70Kmeans_clusters_16.txt.tmp ... [268520 rule(s)] done [0.38s].
./apriori - find frequent item sets with the apriori algorithm
version 6.5 (2013.11.12)         (c) 1996-2013   Christian Borgelt
reading input-s7m3-c70Kmeans_clusters_16.txt.tmp ... [984 item(s), 433 transaction(s)] done [0.00s].
filtering, sorting and recoding items ... [129 item(s)] done [0.00s].
sorting and reducing transactions ... [426/433 transaction(s)] done [0.00s].
writing rules-s7m3-c70Kmeans_clusters_16.txt.tmp ... [512653 rule(s)] done [0.67s].
./apriori - find frequent item sets with the apriori algorithm
version 6.5 (2013.11.12)         (c) 1996-2013   Christian Borgelt
reading input-s7m3-c70Kmeans_clusters_16.txt.tmp ... [567 item(s), 620 transaction(s)] done [0.00s].
filtering, sorting and recoding items ... [55 item(s)] done [0.00s].
sorting and reducing transactions ... [580/620 transaction(s)] done [0.00s].
writing rules-s7m3-c70Kmeans_clusters_16.txt.tmp ... [427195 rule(s)] done [0.58s].
./apriori - find frequent item sets with the apriori algorithm
version 6.5 (2013.11.12)         (c) 1996-2013   Christian Borgelt
reading input-s7m3-c70Kmeans_clusters_16.txt.tmp ... [1065 item(s), 301 transaction(s)] done [0.00s].
filtering, sorting and recoding items ... [214 item(s)] done [0.00s].
sorting and reducing transactions ... [287/301 transaction(s)] done [0.00s].
writing rules-s7m3-c70Kmeans_clusters_16.txt.tmp ... [8680 rule(s)] done [0.01s].
./apriori - find frequent item sets with the apriori algorithm
version 6.5 (2013.11.12)         (c) 1996-2013   Christian Borgelt
reading input-s7m3-c70Kmeans_clusters_16.txt.tmp ... [841 item(s), 95 transaction(s)] done [0.00s].
filtering, sorting and recoding items ... [245 item(s)] done [0.00s].
sorting and reducing transactions ... [88/95 transaction(s)] done [0.00s].
writing rules-s7m3-c70Kmeans_clusters_16.txt.tmp ... 
./apriori: write error on file rules-s7m3-c70Kmeans_clusters_16.txt.tmp
./apriori - find frequent item sets with the apriori algorithm
version 6.5 (2013.11.12)         (c) 1996-2013   Christian Borgelt
reading input-s7m3-c70Kmeans_clusters_16.txt.tmp ... [1041 item(s), 368 transaction(s)] done [0.00s].
filtering, sorting and recoding items ... [166 item(s)] done [0.00s].
sorting and reducing transactions ... [345/368 transaction(s)] done [0.00s].
writing rules-s7m3-c70Kmeans_clusters_16.txt.tmp ... [188492 rule(s)] done [0.47s].
./apriori - find frequent item sets with the apriori algorithm
version 6.5 (2013.11.12)         (c) 1996-2013   Christian Borgelt
reading input-s7m3-c70Kmeans_clusters_16.txt.tmp ... [769 item(s), 80 transaction(s)] done [0.00s].
filtering, sorting and recoding items ... [233 item(s)] done [0.00s].
sorting and reducing transactions ... [79/80 transaction(s)] done [0.00s].
writing rules-s7m3-c70Kmeans_clusters_16.txt.tmp ... [1580 rule(s)] done [0.00s].
./apriori - find frequent item sets with the apriori algorithm
version 6.5 (2013.11.12)         (c) 1996-2013   Christian Borgelt
reading input-s7m3-c70Kmeans_clusters_16.txt.tmp ... [1160 item(s), 559 transaction(s)] done [0.00s].
filtering, sorting and recoding items ... [217 item(s)] done [0.00s].
sorting and reducing transactions ... [535/559 transaction(s)] done [0.00s].
writing rules-s7m3-c70Kmeans_clusters_16.txt.tmp ... [8787 rule(s)] done [0.02s].
./apriori - find frequent item sets with the apriori algorithm
version 6.5 (2013.11.12)         (c) 1996-2013   Christian Borgelt
reading input-s7m3-c70Kmeans_clusters_16.txt.tmp ... [1114 item(s), 444 transaction(s)] done [0.00s].
filtering, sorting and recoding items ... [161 item(s)] done [0.00s].
sorting and reducing transactions ... [419/444 transaction(s)] done [0.00s].
writing rules-s7m3-c70Kmeans_clusters_16.txt.tmp ... [2569 rule(s)] done [0.01s].
./apriori - find frequent item sets with the apriori algorithm
version 6.5 (2013.11.12)         (c) 1996-2013   Christian Borgelt
reading input-s7m3-c70Kmeans_clusters_16.txt.tmp ... [1107 item(s), 365 transaction(s)] done [0.00s].
filtering, sorting and recoding items ... [188 item(s)] done [0.00s].
sorting and reducing transactions ... [359/365 transaction(s)] done [0.00s].
writing rules-s7m3-c70Kmeans_clusters_16.txt.tmp ... [3253 rule(s)] done [0.00s].
./apriori - find frequent item sets with the apriori algorithm
version 6.5 (2013.11.12)         (c) 1996-2013   Christian Borgelt
reading input-s7m3-c70Kmeans_clusters_16.txt.tmp ... [1055 item(s), 302 transaction(s)] done [0.00s].
filtering, sorting and recoding items ... [160 item(s)] done [0.00s].
sorting and reducing transactions ... [295/302 transaction(s)] done [0.00s].
writing rules-s7m3-c70Kmeans_clusters_16.txt.tmp ... [2372 rule(s)] done [0.00s].
./apriori - find frequent item sets with the apriori algorithm
version 6.5 (2013.11.12)         (c) 1996-2013   Christian Borgelt
reading input-s7m3-c70Kmeans_clusters_16.txt.tmp ... [1158 item(s), 501 transaction(s)] done [0.00s].
filtering, sorting and recoding items ... [390 item(s)] done [0.00s].
sorting and reducing transactions ... [484/501 transaction(s)] done [0.00s].
writing rules-s7m3-c70Kmeans_clusters_16.txt.tmp ... [55103 rule(s)] done [0.13s].
./apriori - find frequent item sets with the apriori algorithm
version 6.5 (2013.11.12)         (c) 1996-2013   Christian Borgelt
reading input-s7m3-c70Kmeans_clusters_16.txt.tmp ... [1118 item(s), 203 transaction(s)] done [0.00s].
filtering, sorting and recoding items ... [332 item(s)] done [0.00s].
sorting and reducing transactions ... [199/203 transaction(s)] done [0.00s].
writing rules-s7m3-c70Kmeans_clusters_16.txt.tmp ... [1282 rule(s)] done [0.01s].
./apriori - find frequent item sets with the apriori algorithm
version 6.5 (2013.11.12)         (c) 1996-2013   Christian Borgelt
reading input-s7m3-c70Kmeans_clusters_16.txt.tmp ... [1116 item(s), 191 transaction(s)] done [0.00s].
filtering, sorting and recoding items ... [309 item(s)] done [0.00s].
sorting and reducing transactions ... [187/191 transaction(s)] done [0.00s].
writing rules-s7m3-c70Kmeans_clusters_16.txt.tmp ... [1597 rule(s)] done [0.00s].
./apriori - find frequent item sets with the apriori algorithm
version 6.5 (2013.11.12)         (c) 1996-2013   Christian Borgelt
reading input-s7m3-c70Kmeans_clusters_16.txt.tmp ... [1086 item(s), 176 transaction(s)] done [0.00s].
filtering, sorting and recoding items ... [298 item(s)] done [0.00s].
sorting and reducing transactions ... [172/176 transaction(s)] done [0.00s].
writing rules-s7m3-c70Kmeans_clusters_16.txt.tmp ... [925 rule(s)] done [0.01s].
./apriori - find frequent item sets with the apriori algorithm
version 6.5 (2013.11.12)         (c) 1996-2013   Christian Borgelt
reading input-s7m3-c70Kmeans_clusters_16.txt.tmp ... [603 item(s), 261 transaction(s)] done [0.00s].
filtering, sorting and recoding items ... [77 item(s)] done [0.00s].
sorting and reducing transactions ... [243/261 transaction(s)] done [0.00s].
writing rules-s7m3-c70Kmeans_clusters_16.txt.tmp ... [1440480 rule(s)] done [2.03s].
./apriori - find frequent item sets with the apriori algorithm
version 6.5 (2013.11.12)         (c) 1996-2013   Christian Borgelt
reading input-s7m3-c70Kmeans_clusters_16.txt.tmp ... [1172 item(s), 702 transaction(s)] done [0.00s].
filtering, sorting and recoding items ... [330 item(s)] done [0.00s].
sorting and reducing transactions ... [656/702 transaction(s)] done [0.00s].
writing rules-s7m3-c70Kmeans_clusters_16.txt.tmp ... [80856 rule(s)] done [0.20s].
./apriori - find frequent item sets with the apriori algorithm
version 6.5 (2013.11.12)         (c) 1996-2013   Christian Borgelt
reading input-s7m3-c70Kmeans_clusters_16.txt.tmp ... [1059 item(s), 168 transaction(s)] done [0.00s].
filtering, sorting and recoding items ... [287 item(s)] done [0.00s].
sorting and reducing transactions ... [165/168 transaction(s)] done [0.00s].
writing rules-s7m3-c70Kmeans_clusters_16.txt.tmp ... [13961 rule(s)] done [0.02s].
./apriori - find frequent item sets with the apriori algorithm
version 6.5 (2013.11.12)         (c) 1996-2013   Christian Borgelt
reading input-s7m3-c70Kmeans_clusters_16.txt.tmp ... [988 item(s), 100 transaction(s)] done [0.00s].
filtering, sorting and recoding items ... [383 item(s)] done [0.00s].
sorting and reducing transactions ... [99/100 transaction(s)] done [0.00s].
writing rules-s7m3-c70Kmeans_clusters_16.txt.tmp ... [117387 rule(s)] done [0.16s].
./apriori - find frequent item sets with the apriori algorithm
version 6.5 (2013.11.12)         (c) 1996-2013   Christian Borgelt
reading input-s7m3-c70Kmeans_clusters_16.txt.tmp ... [911 item(s), 77 transaction(s)] done [0.00s].
filtering, sorting and recoding items ... [369 item(s)] done [0.00s].
sorting and reducing transactions ... [76/77 transaction(s)] done [0.00s].
writing rules-s7m3-c70Kmeans_clusters_16.txt.tmp ... [59734 rule(s)] done [0.07s].
./apriori - find frequent item sets with the apriori algorithm
version 6.5 (2013.11.12)         (c) 1996-2013   Christian Borgelt
reading input-s7m3-c70Kmeans_clusters_16.txt.tmp ... [882 item(s), 72 transaction(s)] done [0.00s].
filtering, sorting and recoding items ... [324 item(s)] done [0.00s].
sorting and reducing transactions ... [71/72 transaction(s)] done [0.00s].
writing rules-s7m3-c70Kmeans_clusters_16.txt.tmp ... [10304 rule(s)] done [0.01s].
./apriori - find frequent item sets with the apriori algorithm
version 6.5 (2013.11.12)         (c) 1996-2013   Christian Borgelt
reading input-s7m3-c70Kmeans_clusters_16.txt.tmp ... [1190 item(s), 634 transaction(s)] done [0.00s].
filtering, sorting and recoding items ... [229 item(s)] done [0.00s].
sorting and reducing transactions ... [620/634 transaction(s)] done [0.00s].
writing rules-s7m3-c70Kmeans_clusters_16.txt.tmp ... [14290 rule(s)] done [0.04s].
./apriori - find frequent item sets with the apriori algorithm
version 6.5 (2013.11.12)         (c) 1996-2013   Christian Borgelt
reading input-s7m3-c70Kmeans_clusters_16.txt.tmp ... [1112 item(s), 281 transaction(s)] done [0.00s].
filtering, sorting and recoding items ... [218 item(s)] done [0.00s].
sorting and reducing transactions ... [267/281 transaction(s)] done [0.00s].
writing rules-s7m3-c70Kmeans_clusters_16.txt.tmp ... [843 rule(s)] done [0.00s].
./apriori - find frequent item sets with the apriori algorithm
version 6.5 (2013.11.12)         (c) 1996-2013   Christian Borgelt
reading input-s7m3-c70Kmeans_clusters_16.txt.tmp ... [1044 item(s), 166 transaction(s)] done [0.00s].
filtering, sorting and recoding items ... [205 item(s)] done [0.00s].
sorting and reducing transactions ... [165/166 transaction(s)] done [0.00s].
writing rules-s7m3-c70Kmeans_clusters_16.txt.tmp ... [2349 rule(s)] done [0.00s].
./apriori - find frequent item sets with the apriori algorithm
version 6.5 (2013.11.12)         (c) 1996-2013   Christian Borgelt
reading input-s7m3-c70Kmeans_clusters_16.txt.tmp ... [1025 item(s), 140 transaction(s)] done [0.00s].
filtering, sorting and recoding items ... [248 item(s)] done [0.00s].
sorting and reducing transactions ... [139/140 transaction(s)] done [0.00s].
writing rules-s7m3-c70Kmeans_clusters_16.txt.tmp ... [2218 rule(s)] done [0.00s].
./apriori - find frequent item sets with the apriori algorithm
version 6.5 (2013.11.12)         (c) 1996-2013   Christian Borgelt
reading input-s7m3-c70Kmeans_clusters_16.txt.tmp ... [1002 item(s), 123 transaction(s)] done [0.00s].
filtering, sorting and recoding items ... [225 item(s)] done [0.00s].
sorting and reducing transactions ... [122/123 transaction(s)] done [0.00s].
writing rules-s7m3-c70Kmeans_clusters_16.txt.tmp ... [3053 rule(s)] done [0.00s].
./apriori - find frequent item sets with the apriori algorithm
version 6.5 (2013.11.12)         (c) 1996-2013   Christian Borgelt
reading input-s7m3-c70Kmeans_clusters_16.txt.tmp ... [1121 item(s), 730 transaction(s)] done [0.00s].
filtering, sorting and recoding items ... [216 item(s)] done [0.00s].
sorting and reducing transactions ... [727/730 transaction(s)] done [0.00s].
writing rules-s7m3-c70Kmeans_clusters_16.txt.tmp ... [47050 rule(s)] done [0.09s].
./apriori - find frequent item sets with the apriori algorithm
version 6.5 (2013.11.12)         (c) 1996-2013   Christian Borgelt
reading input-s7m3-c70Kmeans_clusters_16.txt.tmp ... [902 item(s), 123 transaction(s)] done [0.00s].
filtering, sorting and recoding items ... [172 item(s)] done [0.00s].
sorting and reducing transactions ... [122/123 transaction(s)] done [0.00s].
writing rules-s7m3-c70Kmeans_clusters_16.txt.tmp ... [20151 rule(s)] done [0.03s].
./apriori - find frequent item sets with the apriori algorithm
version 6.5 (2013.11.12)         (c) 1996-2013   Christian Borgelt
reading input-s7m3-c70Kmeans_clusters_16.txt.tmp ... [644 item(s), 437 transaction(s)] done [0.00s].
filtering, sorting and recoding items ... [52 item(s)] done [0.00s].
sorting and reducing transactions ... [350/437 transaction(s)] done [0.00s].
writing rules-s7m3-c70Kmeans_clusters_16.txt.tmp ... [33548 rule(s)] done [0.03s].
./apriori - find frequent item sets with the apriori algorithm
version 6.5 (2013.11.12)         (c) 1996-2013   Christian Borgelt
reading input-s7m3-c70Kmeans_clusters_16.txt.tmp ... [1073 item(s), 711 transaction(s)] done [0.00s].
filtering, sorting and recoding items ... [104 item(s)] done [0.00s].
sorting and reducing transactions ... [699/711 transaction(s)] done [0.00s].
writing rules-s7m3-c70Kmeans_clusters_16.txt.tmp ... [1170 rule(s)] done [0.00s].
./apriori - find frequent item sets with the apriori algorithm
version 6.5 (2013.11.12)         (c) 1996-2013   Christian Borgelt
reading input-s7m3-c70Kmeans_clusters_16.txt.tmp ... [790 item(s), 114 transaction(s)] done [0.00s].
filtering, sorting and recoding items ... [169 item(s)] done [0.00s].
sorting and reducing transactions ... [110/114 transaction(s)] done [0.00s].
writing rules-s7m3-c70Kmeans_clusters_16.txt.tmp ... [1183 rule(s)] done [0.00s].
./apriori - find frequent item sets with the apriori algorithm
version 6.5 (2013.11.12)         (c) 1996-2013   Christian Borgelt
reading input-s7m3-c70Kmeans_clusters_16.txt.tmp ... [612 item(s), 73 transaction(s)] done [0.00s].
filtering, sorting and recoding items ... [145 item(s)] done [0.00s].
sorting and reducing transactions ... [69/73 transaction(s)] done [0.00s].
writing rules-s7m3-c70Kmeans_clusters_16.txt.tmp ... [544 rule(s)] done [0.00s].
./apriori - find frequent item sets with the apriori algorithm
version 6.5 (2013.11.12)         (c) 1996-2013   Christian Borgelt
reading input-s7m3-c70Kmeans_clusters_16.txt.tmp ... [586 item(s), 65 transaction(s)] done [0.00s].
filtering, sorting and recoding items ... [123 item(s)] done [0.00s].
sorting and reducing transactions ... [61/65 transaction(s)] done [0.00s].
writing rules-s7m3-c70Kmeans_clusters_16.txt.tmp ... [2497 rule(s)] done [0.00s].
./apriori - find frequent item sets with the apriori algorithm
version 6.5 (2013.11.12)         (c) 1996-2013   Christian Borgelt
reading input-s7m3-c70Kmeans_clusters_16.txt.tmp ... [537 item(s), 52 transaction(s)] done [0.00s].
filtering, sorting and recoding items ... [131 item(s)] done [0.00s].
sorting and reducing transactions ... [51/52 transaction(s)] done [0.00s].
writing rules-s7m3-c70Kmeans_clusters_16.txt.tmp ... [1247 rule(s)] done [0.00s].
Train size: 9044 | Test Size: 2261

CLUSTER INDEX 0


#Rules before subsumption:  65
#Rules after subsumption:   30
Subsumption time: 0.0154919624329
Dataset uncovered: 480


#Rules before subsumption:  0
#Rules after subsumption:   0
Subsumption time: 0.000446081161499
Dataset uncovered: 480

No of labels after 2 iterations: 3

CLUSTER INDEX 1


#Rules before subsumption:  37516
#Rules after subsumption:   247
Subsumption time: 2.39019107819
Dataset uncovered: 2

No of labels after 1 iterations: 1

CLUSTER INDEX 2


#Rules before subsumption:  2943
#Rules after subsumption:   104
Subsumption time: 0.258183956146
Dataset uncovered: 133


#Rules before subsumption:  62
#Rules after subsumption:   14
Subsumption time: 0.00176405906677
Dataset uncovered: 63


#Rules before subsumption:  105
#Rules after subsumption:   11
Subsumption time: 0.00136685371399
Dataset uncovered: 36

No of labels after 3 iterations: 9

CLUSTER INDEX 3


#Rules before subsumption:  24869
#Rules after subsumption:   220
Subsumption time: 1.98897194862
Dataset uncovered: 3

No of labels after 1 iterations: 1

CLUSTER INDEX 4


#Rules before subsumption:  34603
#Rules after subsumption:   225
Subsumption time: 7.0929889679
Dataset uncovered: 27

No of labels after 1 iterations: 1

CLUSTER INDEX 5


#Rules before subsumption:  37287
#Rules after subsumption:   241
Subsumption time: 2.43060898781
Dataset uncovered: 10

No of labels after 1 iterations: 1

CLUSTER INDEX 6


#Rules before subsumption:  795
#Rules after subsumption:   40
Subsumption time: 0.0293209552765
Dataset uncovered: 95


#Rules before subsumption:  1744182
#Rules after subsumption:   20
Subsumption time: 36.7501218319
Dataset uncovered: 33

No of labels after 2 iterations: 10

CLUSTER INDEX 7


#Rules before subsumption:  11485
#Rules after subsumption:   63
Subsumption time: 0.615741968155
Dataset uncovered: 80


#Rules before subsumption:  115
#Rules after subsumption:   11
Subsumption time: 0.00202798843384
Dataset uncovered: 46

No of labels after 2 iterations: 7

CLUSTER INDEX 8


#Rules before subsumption:  368
#Rules after subsumption:   16
Subsumption time: 0.0403289794922
Dataset uncovered: 444


#Rules before subsumption:  9
#Rules after subsumption:   4
Subsumption time: 0.001620054245
Dataset uncovered: 365


#Rules before subsumption:  10
#Rules after subsumption:   5
Subsumption time: 0.00159502029419
Dataset uncovered: 302


#Rules before subsumption:  0
#Rules after subsumption:   0
Subsumption time: 0.000365972518921
Dataset uncovered: 302

No of labels after 4 iterations: 6

CLUSTER INDEX 9


#Rules before subsumption:  8358
#Rules after subsumption:   87
Subsumption time: 0.572134017944
Dataset uncovered: 203


#Rules before subsumption:  1
#Rules after subsumption:   1
Subsumption time: 0.000391006469727
Dataset uncovered: 191


#Rules before subsumption:  3
#Rules after subsumption:   3
Subsumption time: 0.00058388710022
Dataset uncovered: 176


#Rules before subsumption:  0
#Rules after subsumption:   0
Subsumption time: 0.000247955322266
Dataset uncovered: 176

No of labels after 4 iterations: 4

CLUSTER INDEX 10


#Rules before subsumption:  143731
#Rules after subsumption:   86
Subsumption time: 0.939398050308
Dataset uncovered: 5

No of labels after 1 iterations: 3

CLUSTER INDEX 11


#Rules before subsumption:  6892
#Rules after subsumption:   140
Subsumption time: 0.569212913513
Dataset uncovered: 168


#Rules before subsumption:  29
#Rules after subsumption:   11
Subsumption time: 0.00179600715637
Dataset uncovered: 100


#Rules before subsumption:  430
#Rules after subsumption:   5
Subsumption time: 0.00764107704163
Dataset uncovered: 77


#Rules before subsumption:  2
#Rules after subsumption:   1
Subsumption time: 0.000236988067627
Dataset uncovered: 72


#Rules before subsumption:  0
#Rules after subsumption:   0
Subsumption time: 0.000149011611938
Dataset uncovered: 72

No of labels after 5 iterations: 7

CLUSTER INDEX 12


#Rules before subsumption:  2246
#Rules after subsumption:   75
Subsumption time: 0.267689943314
Dataset uncovered: 281


#Rules before subsumption:  36
#Rules after subsumption:   11
Subsumption time: 0.00274395942688
Dataset uncovered: 166


#Rules before subsumption:  4
#Rules after subsumption:   2
Subsumption time: 0.000555038452148
Dataset uncovered: 140


#Rules before subsumption:  18
#Rules after subsumption:   4
Subsumption time: 0.000971078872681
Dataset uncovered: 123


#Rules before subsumption:  0
#Rules after subsumption:   0
Subsumption time: 0.000195980072021
Dataset uncovered: 123

No of labels after 5 iterations: 7

CLUSTER INDEX 13


#Rules before subsumption:  6456
#Rules after subsumption:   216
Subsumption time: 0.455210924149
Dataset uncovered: 123


#Rules before subsumption:  2320
#Rules after subsumption:   43
Subsumption time: 0.0561609268188
Dataset uncovered: 50

No of labels after 2 iterations: 2

CLUSTER INDEX 14


#Rules before subsumption:  3731
#Rules after subsumption:   137
Subsumption time: 0.427039861679
Dataset uncovered: 47

No of labels after 1 iterations: 1

CLUSTER INDEX 15


#Rules before subsumption:  519
#Rules after subsumption:   99
Subsumption time: 0.0482070446014
Dataset uncovered: 114


#Rules before subsumption:  59
#Rules after subsumption:   12
Subsumption time: 0.00147795677185
Dataset uncovered: 73


#Rules before subsumption:  6
#Rules after subsumption:   2
Subsumption time: 0.000255823135376
Dataset uncovered: 65


#Rules before subsumption:  127
#Rules after subsumption:   4
Subsumption time: 0.00175094604492
Dataset uncovered: 52


#Rules before subsumption:  4
#Rules after subsumption:   4
Subsumption time: 0.000195980072021
Dataset uncovered: 40

No of labels after 5 iterations: 10
Training Time: 492.531469107 

Accuracy by one match: 0.783281733746
Accuracy by one-to-one matching: 0.779559192098
F-measure:  0.713581707077
Accuracy by one match: 0.799203892083
Accuracy by one-to-one matching: 0.787048503612
F-measure:  0.674410293066

Testing Time: 16.3897621632 

Total Execution Time: 509.46559
