./apriori - find frequent item sets with the apriori algorithm
version 6.5 (2013.11.12)         (c) 1996-2013   Christian Borgelt
reading input-s9m3-c85Kmeans_clusters_16.txt.tmp ... [1175 item(s), 929 transaction(s)] done [0.00s].
filtering, sorting and recoding items ... [138 item(s)] done [0.00s].
sorting and reducing transactions ... [879/929 transaction(s)] done [0.00s].
writing rules-s9m3-c85Kmeans_clusters_16.txt.tmp ... [45 rule(s)] done [0.00s].
./apriori - find frequent item sets with the apriori algorithm
version 6.5 (2013.11.12)         (c) 1996-2013   Christian Borgelt
reading input-s9m3-c85Kmeans_clusters_16.txt.tmp ... [1153 item(s), 583 transaction(s)] done [0.00s].
filtering, sorting and recoding items ... [131 item(s)] done [0.00s].
sorting and reducing transactions ... [540/583 transaction(s)] done [0.00s].
writing rules-s9m3-c85Kmeans_clusters_16.txt.tmp ... [42 rule(s)] done [0.00s].
./apriori - find frequent item sets with the apriori algorithm
version 6.5 (2013.11.12)         (c) 1996-2013   Christian Borgelt
reading input-s9m3-c85Kmeans_clusters_16.txt.tmp ... [1145 item(s), 506 transaction(s)] done [0.00s].
filtering, sorting and recoding items ... [116 item(s)] done [0.00s].
sorting and reducing transactions ... [461/506 transaction(s)] done [0.00s].
writing rules-s9m3-c85Kmeans_clusters_16.txt.tmp ... [0 rule(s)] done [0.00s].
./apriori - find frequent item sets with the apriori algorithm
version 6.5 (2013.11.12)         (c) 1996-2013   Christian Borgelt
reading input-s9m3-c85Kmeans_clusters_16.txt.tmp ... [691 item(s), 481 transaction(s)] done [0.00s].
filtering, sorting and recoding items ... [43 item(s)] done [0.00s].
sorting and reducing transactions ... [463/481 transaction(s)] done [0.00s].
writing rules-s9m3-c85Kmeans_clusters_16.txt.tmp ... [154626 rule(s)] done [0.19s].
./apriori - find frequent item sets with the apriori algorithm
version 6.5 (2013.11.12)         (c) 1996-2013   Christian Borgelt
reading input-s9m3-c85Kmeans_clusters_16.txt.tmp ... [1177 item(s), 557 transaction(s)] done [0.00s].
filtering, sorting and recoding items ... [156 item(s)] done [0.00s].
sorting and reducing transactions ... [542/557 transaction(s)] done [0.00s].
writing rules-s9m3-c85Kmeans_clusters_16.txt.tmp ... [1947 rule(s)] done [0.00s].
./apriori - find frequent item sets with the apriori algorithm
version 6.5 (2013.11.12)         (c) 1996-2013   Christian Borgelt
reading input-s9m3-c85Kmeans_clusters_16.txt.tmp ... [1066 item(s), 184 transaction(s)] done [0.00s].
filtering, sorting and recoding items ... [118 item(s)] done [0.00s].
sorting and reducing transactions ... [181/184 transaction(s)] done [0.00s].
writing rules-s9m3-c85Kmeans_clusters_16.txt.tmp ... [2264 rule(s)] done [0.00s].
./apriori - find frequent item sets with the apriori algorithm
version 6.5 (2013.11.12)         (c) 1996-2013   Christian Borgelt
reading input-s9m3-c85Kmeans_clusters_16.txt.tmp ... [935 item(s), 113 transaction(s)] done [0.00s].
filtering, sorting and recoding items ... [118 item(s)] done [0.00s].
sorting and reducing transactions ... [110/113 transaction(s)] done [0.00s].
writing rules-s9m3-c85Kmeans_clusters_16.txt.tmp ... [159 rule(s)] done [0.00s].
./apriori - find frequent item sets with the apriori algorithm
version 6.5 (2013.11.12)         (c) 1996-2013   Christian Borgelt
reading input-s9m3-c85Kmeans_clusters_16.txt.tmp ... [913 item(s), 101 transaction(s)] done [0.00s].
filtering, sorting and recoding items ... [127 item(s)] done [0.00s].
sorting and reducing transactions ... [99/101 transaction(s)] done [0.00s].
writing rules-s9m3-c85Kmeans_clusters_16.txt.tmp ... [238 rule(s)] done [0.00s].
./apriori - find frequent item sets with the apriori algorithm
version 6.5 (2013.11.12)         (c) 1996-2013   Christian Borgelt
reading input-s9m3-c85Kmeans_clusters_16.txt.tmp ... [556 item(s), 820 transaction(s)] done [0.00s].
filtering, sorting and recoding items ... [38 item(s)] done [0.00s].
sorting and reducing transactions ... [684/820 transaction(s)] done [0.00s].
writing rules-s9m3-c85Kmeans_clusters_16.txt.tmp ... [131743 rule(s)] done [0.17s].
./apriori - find frequent item sets with the apriori algorithm
version 6.5 (2013.11.12)         (c) 1996-2013   Christian Borgelt
reading input-s9m3-c85Kmeans_clusters_16.txt.tmp ... [984 item(s), 433 transaction(s)] done [0.00s].
filtering, sorting and recoding items ... [82 item(s)] done [0.00s].
sorting and reducing transactions ... [425/433 transaction(s)] done [0.00s].
writing rules-s9m3-c85Kmeans_clusters_16.txt.tmp ... [114278 rule(s)] done [0.15s].
./apriori - find frequent item sets with the apriori algorithm
version 6.5 (2013.11.12)         (c) 1996-2013   Christian Borgelt
reading input-s9m3-c85Kmeans_clusters_16.txt.tmp ... [567 item(s), 620 transaction(s)] done [0.00s].
filtering, sorting and recoding items ... [41 item(s)] done [0.00s].
sorting and reducing transactions ... [558/620 transaction(s)] done [0.00s].
writing rules-s9m3-c85Kmeans_clusters_16.txt.tmp ... [172504 rule(s)] done [0.22s].
./apriori - find frequent item sets with the apriori algorithm
version 6.5 (2013.11.12)         (c) 1996-2013   Christian Borgelt
reading input-s9m3-c85Kmeans_clusters_16.txt.tmp ... [1065 item(s), 301 transaction(s)] done [0.00s].
filtering, sorting and recoding items ... [134 item(s)] done [0.00s].
sorting and reducing transactions ... [281/301 transaction(s)] done [0.00s].
writing rules-s9m3-c85Kmeans_clusters_16.txt.tmp ... [1005 rule(s)] done [0.00s].
./apriori - find frequent item sets with the apriori algorithm
version 6.5 (2013.11.12)         (c) 1996-2013   Christian Borgelt
reading input-s9m3-c85Kmeans_clusters_16.txt.tmp ... [947 item(s), 165 transaction(s)] done [0.00s].
filtering, sorting and recoding items ... [131 item(s)] done [0.00s].
sorting and reducing transactions ... [155/165 transaction(s)] done [0.00s].
writing rules-s9m3-c85Kmeans_clusters_16.txt.tmp ... [791 rule(s)] done [0.00s].
./apriori - find frequent item sets with the apriori algorithm
version 6.5 (2013.11.12)         (c) 1996-2013   Christian Borgelt
reading input-s9m3-c85Kmeans_clusters_16.txt.tmp ... [918 item(s), 133 transaction(s)] done [0.00s].
filtering, sorting and recoding items ... [123 item(s)] done [0.00s].
sorting and reducing transactions ... [125/133 transaction(s)] done [0.00s].
writing rules-s9m3-c85Kmeans_clusters_16.txt.tmp ... [1365 rule(s)] done [0.00s].
./apriori - find frequent item sets with the apriori algorithm
version 6.5 (2013.11.12)         (c) 1996-2013   Christian Borgelt
reading input-s9m3-c85Kmeans_clusters_16.txt.tmp ... [906 item(s), 120 transaction(s)] done [0.00s].
filtering, sorting and recoding items ... [124 item(s)] done [0.00s].
sorting and reducing transactions ... [111/120 transaction(s)] done [0.00s].
writing rules-s9m3-c85Kmeans_clusters_16.txt.tmp ... [6017 rule(s)] done [0.00s].
./apriori - find frequent item sets with the apriori algorithm
version 6.5 (2013.11.12)         (c) 1996-2013   Christian Borgelt
reading input-s9m3-c85Kmeans_clusters_16.txt.tmp ... [1041 item(s), 368 transaction(s)] done [0.00s].
filtering, sorting and recoding items ... [96 item(s)] done [0.00s].
sorting and reducing transactions ... [338/368 transaction(s)] done [0.00s].
writing rules-s9m3-c85Kmeans_clusters_16.txt.tmp ... [28971 rule(s)] done [0.04s].
./apriori - find frequent item sets with the apriori algorithm
version 6.5 (2013.11.12)         (c) 1996-2013   Christian Borgelt
reading input-s9m3-c85Kmeans_clusters_16.txt.tmp ... [907 item(s), 144 transaction(s)] done [0.00s].
filtering, sorting and recoding items ... [97 item(s)] done [0.00s].
sorting and reducing transactions ... [133/144 transaction(s)] done [0.00s].
writing rules-s9m3-c85Kmeans_clusters_16.txt.tmp ... [956 rule(s)] done [0.00s].
./apriori - find frequent item sets with the apriori algorithm
version 6.5 (2013.11.12)         (c) 1996-2013   Christian Borgelt
reading input-s9m3-c85Kmeans_clusters_16.txt.tmp ... [732 item(s), 69 transaction(s)] done [0.00s].
filtering, sorting and recoding items ... [99 item(s)] done [0.00s].
sorting and reducing transactions ... [69 transaction(s)] done [0.00s].
writing rules-s9m3-c85Kmeans_clusters_16.txt.tmp ... [293 rule(s)] done [0.00s].
./apriori - find frequent item sets with the apriori algorithm
version 6.5 (2013.11.12)         (c) 1996-2013   Christian Borgelt
reading input-s9m3-c85Kmeans_clusters_16.txt.tmp ... [627 item(s), 55 transaction(s)] done [0.00s].
filtering, sorting and recoding items ... [102 item(s)] done [0.00s].
sorting and reducing transactions ... [55 transaction(s)] done [0.00s].
writing rules-s9m3-c85Kmeans_clusters_16.txt.tmp ... [505 rule(s)] done [0.00s].
./apriori - find frequent item sets with the apriori algorithm
version 6.5 (2013.11.12)         (c) 1996-2013   Christian Borgelt
reading input-s9m3-c85Kmeans_clusters_16.txt.tmp ... [1160 item(s), 559 transaction(s)] done [0.00s].
filtering, sorting and recoding items ... [128 item(s)] done [0.00s].
sorting and reducing transactions ... [525/559 transaction(s)] done [0.00s].
writing rules-s9m3-c85Kmeans_clusters_16.txt.tmp ... [648 rule(s)] done [0.00s].
./apriori - find frequent item sets with the apriori algorithm
version 6.5 (2013.11.12)         (c) 1996-2013   Christian Borgelt
reading input-s9m3-c85Kmeans_clusters_16.txt.tmp ... [1129 item(s), 479 transaction(s)] done [0.00s].
filtering, sorting and recoding items ... [95 item(s)] done [0.00s].
sorting and reducing transactions ... [442/479 transaction(s)] done [0.00s].
writing rules-s9m3-c85Kmeans_clusters_16.txt.tmp ... [325 rule(s)] done [0.00s].
./apriori - find frequent item sets with the apriori algorithm
version 6.5 (2013.11.12)         (c) 1996-2013   Christian Borgelt
reading input-s9m3-c85Kmeans_clusters_16.txt.tmp ... [1158 item(s), 501 transaction(s)] done [0.00s].
filtering, sorting and recoding items ... [237 item(s)] done [0.00s].
sorting and reducing transactions ... [483/501 transaction(s)] done [0.00s].
writing rules-s9m3-c85Kmeans_clusters_16.txt.tmp ... [3997 rule(s)] done [0.01s].
./apriori - find frequent item sets with the apriori algorithm
version 6.5 (2013.11.12)         (c) 1996-2013   Christian Borgelt
reading input-s9m3-c85Kmeans_clusters_16.txt.tmp ... [1129 item(s), 235 transaction(s)] done [0.00s].
filtering, sorting and recoding items ... [199 item(s)] done [0.00s].
sorting and reducing transactions ... [228/235 transaction(s)] done [0.00s].
writing rules-s9m3-c85Kmeans_clusters_16.txt.tmp ... [215 rule(s)] done [0.00s].
./apriori - find frequent item sets with the apriori algorithm
version 6.5 (2013.11.12)         (c) 1996-2013   Christian Borgelt
reading input-s9m3-c85Kmeans_clusters_16.txt.tmp ... [603 item(s), 261 transaction(s)] done [0.00s].
filtering, sorting and recoding items ... [59 item(s)] done [0.00s].
sorting and reducing transactions ... [238/261 transaction(s)] done [0.00s].
writing rules-s9m3-c85Kmeans_clusters_16.txt.tmp ... [120159 rule(s)] done [0.14s].
./apriori - find frequent item sets with the apriori algorithm
version 6.5 (2013.11.12)         (c) 1996-2013   Christian Borgelt
reading input-s9m3-c85Kmeans_clusters_16.txt.tmp ... [1172 item(s), 702 transaction(s)] done [0.00s].
filtering, sorting and recoding items ... [204 item(s)] done [0.00s].
sorting and reducing transactions ... [650/702 transaction(s)] done [0.00s].
writing rules-s9m3-c85Kmeans_clusters_16.txt.tmp ... [5409 rule(s)] done [0.02s].
./apriori - find frequent item sets with the apriori algorithm
version 6.5 (2013.11.12)         (c) 1996-2013   Christian Borgelt
reading input-s9m3-c85Kmeans_clusters_16.txt.tmp ... [1118 item(s), 292 transaction(s)] done [0.00s].
filtering, sorting and recoding items ... [168 item(s)] done [0.00s].
sorting and reducing transactions ... [278/292 transaction(s)] done [0.00s].
writing rules-s9m3-c85Kmeans_clusters_16.txt.tmp ... [2349 rule(s)] done [0.00s].
./apriori - find frequent item sets with the apriori algorithm
version 6.5 (2013.11.12)         (c) 1996-2013   Christian Borgelt
reading input-s9m3-c85Kmeans_clusters_16.txt.tmp ... [1082 item(s), 223 transaction(s)] done [0.00s].
filtering, sorting and recoding items ... [141 item(s)] done [0.00s].
sorting and reducing transactions ... [213/223 transaction(s)] done [0.00s].
writing rules-s9m3-c85Kmeans_clusters_16.txt.tmp ... [181 rule(s)] done [0.00s].
./apriori - find frequent item sets with the apriori algorithm
version 6.5 (2013.11.12)         (c) 1996-2013   Christian Borgelt
reading input-s9m3-c85Kmeans_clusters_16.txt.tmp ... [1190 item(s), 634 transaction(s)] done [0.00s].
filtering, sorting and recoding items ... [132 item(s)] done [0.00s].
sorting and reducing transactions ... [606/634 transaction(s)] done [0.00s].
writing rules-s9m3-c85Kmeans_clusters_16.txt.tmp ... [2994 rule(s)] done [0.00s].
./apriori - find frequent item sets with the apriori algorithm
version 6.5 (2013.11.12)         (c) 1996-2013   Christian Borgelt
reading input-s9m3-c85Kmeans_clusters_16.txt.tmp ... [1139 item(s), 373 transaction(s)] done [0.00s].
filtering, sorting and recoding items ... [119 item(s)] done [0.00s].
sorting and reducing transactions ... [350/373 transaction(s)] done [0.00s].
writing rules-s9m3-c85Kmeans_clusters_16.txt.tmp ... [474 rule(s)] done [0.00s].
./apriori - find frequent item sets with the apriori algorithm
version 6.5 (2013.11.12)         (c) 1996-2013   Christian Borgelt
reading input-s9m3-c85Kmeans_clusters_16.txt.tmp ... [1084 item(s), 254 transaction(s)] done [0.00s].
filtering, sorting and recoding items ... [100 item(s)] done [0.00s].
sorting and reducing transactions ... [232/254 transaction(s)] done [0.00s].
writing rules-s9m3-c85Kmeans_clusters_16.txt.tmp ... [154 rule(s)] done [0.00s].
./apriori - find frequent item sets with the apriori algorithm
version 6.5 (2013.11.12)         (c) 1996-2013   Christian Borgelt
reading input-s9m3-c85Kmeans_clusters_16.txt.tmp ... [1074 item(s), 231 transaction(s)] done [0.00s].
filtering, sorting and recoding items ... [113 item(s)] done [0.00s].
sorting and reducing transactions ... [216/231 transaction(s)] done [0.00s].
writing rules-s9m3-c85Kmeans_clusters_16.txt.tmp ... [134 rule(s)] done [0.00s].
./apriori - find frequent item sets with the apriori algorithm
version 6.5 (2013.11.12)         (c) 1996-2013   Christian Borgelt
reading input-s9m3-c85Kmeans_clusters_16.txt.tmp ... [1044 item(s), 188 transaction(s)] done [0.00s].
filtering, sorting and recoding items ... [108 item(s)] done [0.00s].
sorting and reducing transactions ... [182/188 transaction(s)] done [0.00s].
writing rules-s9m3-c85Kmeans_clusters_16.txt.tmp ... [179 rule(s)] done [0.00s].
./apriori - find frequent item sets with the apriori algorithm
version 6.5 (2013.11.12)         (c) 1996-2013   Christian Borgelt
reading input-s9m3-c85Kmeans_clusters_16.txt.tmp ... [1121 item(s), 730 transaction(s)] done [0.00s].
filtering, sorting and recoding items ... [134 item(s)] done [0.00s].
sorting and reducing transactions ... [726/730 transaction(s)] done [0.00s].
writing rules-s9m3-c85Kmeans_clusters_16.txt.tmp ... [8472 rule(s)] done [0.02s].
./apriori - find frequent item sets with the apriori algorithm
version 6.5 (2013.11.12)         (c) 1996-2013   Christian Borgelt
reading input-s9m3-c85Kmeans_clusters_16.txt.tmp ... [902 item(s), 125 transaction(s)] done [0.00s].
filtering, sorting and recoding items ... [105 item(s)] done [0.00s].
sorting and reducing transactions ... [121/125 transaction(s)] done [0.00s].
writing rules-s9m3-c85Kmeans_clusters_16.txt.tmp ... [2027 rule(s)] done [0.00s].
./apriori - find frequent item sets with the apriori algorithm
version 6.5 (2013.11.12)         (c) 1996-2013   Christian Borgelt
reading input-s9m3-c85Kmeans_clusters_16.txt.tmp ... [594 item(s), 53 transaction(s)] done [0.00s].
filtering, sorting and recoding items ... [58 item(s)] done [0.00s].
sorting and reducing transactions ... [49/53 transaction(s)] done [0.00s].
writing rules-s9m3-c85Kmeans_clusters_16.txt.tmp ... [15 rule(s)] done [0.00s].
./apriori - find frequent item sets with the apriori algorithm
version 6.5 (2013.11.12)         (c) 1996-2013   Christian Borgelt
reading input-s9m3-c85Kmeans_clusters_16.txt.tmp ... [644 item(s), 437 transaction(s)] done [0.00s].
filtering, sorting and recoding items ... [34 item(s)] done [0.00s].
sorting and reducing transactions ... [324/437 transaction(s)] done [0.00s].
writing rules-s9m3-c85Kmeans_clusters_16.txt.tmp ... [18131 rule(s)] done [0.02s].
./apriori - find frequent item sets with the apriori algorithm
version 6.5 (2013.11.12)         (c) 1996-2013   Christian Borgelt
reading input-s9m3-c85Kmeans_clusters_16.txt.tmp ... [1073 item(s), 711 transaction(s)] done [0.00s].
filtering, sorting and recoding items ... [58 item(s)] done [0.00s].
sorting and reducing transactions ... [688/711 transaction(s)] done [0.00s].
writing rules-s9m3-c85Kmeans_clusters_16.txt.tmp ... [289 rule(s)] done [0.00s].
./apriori - find frequent item sets with the apriori algorithm
version 6.5 (2013.11.12)         (c) 1996-2013   Christian Borgelt
reading input-s9m3-c85Kmeans_clusters_16.txt.tmp ... [798 item(s), 119 transaction(s)] done [0.00s].
filtering, sorting and recoding items ... [71 item(s)] done [0.00s].
sorting and reducing transactions ... [109/119 transaction(s)] done [0.00s].
writing rules-s9m3-c85Kmeans_clusters_16.txt.tmp ... [49 rule(s)] done [0.00s].
./apriori - find frequent item sets with the apriori algorithm
version 6.5 (2013.11.12)         (c) 1996-2013   Christian Borgelt
reading input-s9m3-c85Kmeans_clusters_16.txt.tmp ... [754 item(s), 100 transaction(s)] done [0.00s].
filtering, sorting and recoding items ... [76 item(s)] done [0.00s].
sorting and reducing transactions ... [94/100 transaction(s)] done [0.00s].
writing rules-s9m3-c85Kmeans_clusters_16.txt.tmp ... [71 rule(s)] done [0.00s].
Train size: 9044 | Test Size: 2261

CLUSTER INDEX 0


#Rules before subsumption:  13
#Rules after subsumption:   10
Subsumption time: 0.00550603866577
Dataset uncovered: 583


#Rules before subsumption:  5
#Rules after subsumption:   4
Subsumption time: 0.00143384933472
Dataset uncovered: 506


#Rules before subsumption:  0
#Rules after subsumption:   0
Subsumption time: 0.000483989715576
Dataset uncovered: 506

No of labels after 3 iterations: 3

CLUSTER INDEX 1


#Rules before subsumption:  19301
#Rules after subsumption:   216
Subsumption time: 1.22037196159
Dataset uncovered: 2

No of labels after 1 iterations: 1

CLUSTER INDEX 2


#Rules before subsumption:  545
#Rules after subsumption:   65
Subsumption time: 0.0942091941833
Dataset uncovered: 184


#Rules before subsumption:  342
#Rules after subsumption:   13
Subsumption time: 0.0155038833618
Dataset uncovered: 113


#Rules before subsumption:  4
#Rules after subsumption:   2
Subsumption time: 0.000296831130981
Dataset uncovered: 101


#Rules before subsumption:  0
#Rules after subsumption:   0
Subsumption time: 0.000147104263306
Dataset uncovered: 101

No of labels after 4 iterations: 4

CLUSTER INDEX 3


#Rules before subsumption:  14325
#Rules after subsumption:   188
Subsumption time: 1.08083891869
Dataset uncovered: 3

No of labels after 1 iterations: 1

CLUSTER INDEX 4


#Rules before subsumption:  14933
#Rules after subsumption:   197
Subsumption time: 3.13037204742
Dataset uncovered: 27

No of labels after 1 iterations: 1

CLUSTER INDEX 5


#Rules before subsumption:  20731
#Rules after subsumption:   221
Subsumption time: 1.19537115097
Dataset uncovered: 10

No of labels after 1 iterations: 1

CLUSTER INDEX 6


#Rules before subsumption:  41
#Rules after subsumption:   11
Subsumption time: 0.00409317016602
Dataset uncovered: 165


#Rules before subsumption:  64
#Rules after subsumption:   10
Subsumption time: 0.00291395187378
Dataset uncovered: 133


#Rules before subsumption:  2
#Rules after subsumption:   1
Subsumption time: 0.00028395652771
Dataset uncovered: 120


#Rules before subsumption:  0
#Rules after subsumption:   0
Subsumption time: 0.000174045562744
Dataset uncovered: 120

No of labels after 4 iterations: 5

CLUSTER INDEX 7


#Rules before subsumption:  3194
#Rules after subsumption:   40
Subsumption time: 0.163122177124
Dataset uncovered: 144


#Rules before subsumption:  108
#Rules after subsumption:   18
Subsumption time: 0.00299882888794
Dataset uncovered: 69


#Rules before subsumption:  24
#Rules after subsumption:   3
Subsumption time: 0.000588893890381
Dataset uncovered: 55


#Rules before subsumption:  2
#Rules after subsumption:   2
Subsumption time: 0.000136852264404
Dataset uncovered: 45

No of labels after 4 iterations: 7

CLUSTER INDEX 8


#Rules before subsumption:  13
#Rules after subsumption:   4
Subsumption time: 0.00307893753052
Dataset uncovered: 479


#Rules before subsumption:  0
#Rules after subsumption:   0
Subsumption time: 0.000519990921021
Dataset uncovered: 479

No of labels after 2 iterations: 1

CLUSTER INDEX 9


#Rules before subsumption:  536
#Rules after subsumption:   63
Subsumption time: 0.0681219100952
Dataset uncovered: 235


#Rules before subsumption:  0
#Rules after subsumption:   0
Subsumption time: 0.000303983688354
Dataset uncovered: 235

No of labels after 2 iterations: 1

CLUSTER INDEX 10


#Rules before subsumption:  9681
#Rules after subsumption:   76
Subsumption time: 0.153846979141
Dataset uncovered: 5

No of labels after 1 iterations: 3

CLUSTER INDEX 11


#Rules before subsumption:  610
#Rules after subsumption:   74
Subsumption time: 0.0892190933228
Dataset uncovered: 292


#Rules before subsumption:  64
#Rules after subsumption:   12
Subsumption time: 0.00959992408752
Dataset uncovered: 223


#Rules before subsumption:  0
#Rules after subsumption:   0
Subsumption time: 0.000272989273071
Dataset uncovered: 223

No of labels after 3 iterations: 2

CLUSTER INDEX 12


#Rules before subsumption:  383
#Rules after subsumption:   36
Subsumption time: 0.0572919845581
Dataset uncovered: 373


#Rules before subsumption:  48
#Rules after subsumption:   10
Subsumption time: 0.0058319568634
Dataset uncovered: 254


#Rules before subsumption:  4
#Rules after subsumption:   1
Subsumption time: 0.00063681602478
Dataset uncovered: 231


#Rules before subsumption:  2
#Rules after subsumption:   2
Subsumption time: 0.000465154647827
Dataset uncovered: 188


#Rules before subsumption:  0
#Rules after subsumption:   0
Subsumption time: 0.000249862670898
Dataset uncovered: 188

No of labels after 5 iterations: 5

CLUSTER INDEX 13


#Rules before subsumption:  2657
#Rules after subsumption:   131
Subsumption time: 0.191603183746
Dataset uncovered: 125


#Rules before subsumption:  574
#Rules after subsumption:   34
Subsumption time: 0.0129070281982
Dataset uncovered: 53


#Rules before subsumption:  4
#Rules after subsumption:   2
Subsumption time: 0.00019907951355
Dataset uncovered: 47

No of labels after 3 iterations: 3

CLUSTER INDEX 14


#Rules before subsumption:  2612
#Rules after subsumption:   126
Subsumption time: 0.311626911163
Dataset uncovered: 48

No of labels after 1 iterations: 1

CLUSTER INDEX 15


#Rules before subsumption:  203
#Rules after subsumption:   62
Subsumption time: 0.0221350193024
Dataset uncovered: 119


#Rules before subsumption:  5
#Rules after subsumption:   3
Subsumption time: 0.000328063964844
Dataset uncovered: 100


#Rules before subsumption:  0
#Rules after subsumption:   0
Subsumption time: 0.0001540184021
Dataset uncovered: 100

No of labels after 3 iterations: 2
Training Time: 15.1783931255 

Accuracy by one match: 0.737284387439
Accuracy by one-to-one matching: 0.734556980687
F-measure:  0.70103950104
Accuracy by one match: 0.744360902256
Accuracy by one-to-one matching: 0.737689812767
F-measure:  0.681809125324

Testing Time: 16.269256115 

Total Execution Time: 31.995194912
