./apriori - find frequent item sets with the apriori algorithm
version 6.5 (2013.11.12)         (c) 1996-2013   Christian Borgelt
reading input-s8m3-c80Kmeans_clusters_16.txt.tmp ... [1175 item(s), 929 transaction(s)] done [0.00s].
filtering, sorting and recoding items ... [181 item(s)] done [0.00s].
sorting and reducing transactions ... [882/929 transaction(s)] done [0.00s].
writing rules-s8m3-c80Kmeans_clusters_16.txt.tmp ... [100 rule(s)] done [0.00s].
./apriori - find frequent item sets with the apriori algorithm
version 6.5 (2013.11.12)         (c) 1996-2013   Christian Borgelt
reading input-s8m3-c80Kmeans_clusters_16.txt.tmp ... [1153 item(s), 577 transaction(s)] done [0.00s].
filtering, sorting and recoding items ... [174 item(s)] done [0.00s].
sorting and reducing transactions ... [537/577 transaction(s)] done [0.00s].
writing rules-s8m3-c80Kmeans_clusters_16.txt.tmp ... [177 rule(s)] done [0.00s].
./apriori - find frequent item sets with the apriori algorithm
version 6.5 (2013.11.12)         (c) 1996-2013   Christian Borgelt
reading input-s8m3-c80Kmeans_clusters_16.txt.tmp ... [1144 item(s), 494 transaction(s)] done [0.00s].
filtering, sorting and recoding items ... [165 item(s)] done [0.00s].
sorting and reducing transactions ... [452/494 transaction(s)] done [0.00s].
writing rules-s8m3-c80Kmeans_clusters_16.txt.tmp ... [9 rule(s)] done [0.00s].
./apriori - find frequent item sets with the apriori algorithm
version 6.5 (2013.11.12)         (c) 1996-2013   Christian Borgelt
reading input-s8m3-c80Kmeans_clusters_16.txt.tmp ... [691 item(s), 481 transaction(s)] done [0.00s].
filtering, sorting and recoding items ... [51 item(s)] done [0.00s].
sorting and reducing transactions ... [468/481 transaction(s)] done [0.00s].
writing rules-s8m3-c80Kmeans_clusters_16.txt.tmp ... [242833 rule(s)] done [0.30s].
./apriori - find frequent item sets with the apriori algorithm
version 6.5 (2013.11.12)         (c) 1996-2013   Christian Borgelt
reading input-s8m3-c80Kmeans_clusters_16.txt.tmp ... [1177 item(s), 557 transaction(s)] done [0.00s].
filtering, sorting and recoding items ... [200 item(s)] done [0.00s].
sorting and reducing transactions ... [545/557 transaction(s)] done [0.00s].
writing rules-s8m3-c80Kmeans_clusters_16.txt.tmp ... [4730 rule(s)] done [0.01s].
./apriori - find frequent item sets with the apriori algorithm
version 6.5 (2013.11.12)         (c) 1996-2013   Christian Borgelt
reading input-s8m3-c80Kmeans_clusters_16.txt.tmp ... [1047 item(s), 173 transaction(s)] done [0.00s].
filtering, sorting and recoding items ... [165 item(s)] done [0.00s].
sorting and reducing transactions ... [171/173 transaction(s)] done [0.00s].
writing rules-s8m3-c80Kmeans_clusters_16.txt.tmp ... [8430 rule(s)] done [0.01s].
./apriori - find frequent item sets with the apriori algorithm
version 6.5 (2013.11.12)         (c) 1996-2013   Christian Borgelt
reading input-s8m3-c80Kmeans_clusters_16.txt.tmp ... [898 item(s), 100 transaction(s)] done [0.00s].
filtering, sorting and recoding items ... [158 item(s)] done [0.00s].
sorting and reducing transactions ... [98/100 transaction(s)] done [0.00s].
writing rules-s8m3-c80Kmeans_clusters_16.txt.tmp ... [3282 rule(s)] done [0.00s].
./apriori - find frequent item sets with the apriori algorithm
version 6.5 (2013.11.12)         (c) 1996-2013   Christian Borgelt
reading input-s8m3-c80Kmeans_clusters_16.txt.tmp ... [816 item(s), 78 transaction(s)] done [0.00s].
filtering, sorting and recoding items ... [195 item(s)] done [0.00s].
sorting and reducing transactions ... [77/78 transaction(s)] done [0.00s].
writing rules-s8m3-c80Kmeans_clusters_16.txt.tmp ... [1895 rule(s)] done [0.00s].
./apriori - find frequent item sets with the apriori algorithm
version 6.5 (2013.11.12)         (c) 1996-2013   Christian Borgelt
reading input-s8m3-c80Kmeans_clusters_16.txt.tmp ... [732 item(s), 61 transaction(s)] done [0.00s].
filtering, sorting and recoding items ... [167 item(s)] done [0.00s].
sorting and reducing transactions ... [60/61 transaction(s)] done [0.00s].
writing rules-s8m3-c80Kmeans_clusters_16.txt.tmp ... [10779 rule(s)] done [0.01s].
./apriori - find frequent item sets with the apriori algorithm
version 6.5 (2013.11.12)         (c) 1996-2013   Christian Borgelt
reading input-s8m3-c80Kmeans_clusters_16.txt.tmp ... [556 item(s), 820 transaction(s)] done [0.00s].
filtering, sorting and recoding items ... [46 item(s)] done [0.00s].
sorting and reducing transactions ... [708/820 transaction(s)] done [0.00s].
writing rules-s8m3-c80Kmeans_clusters_16.txt.tmp ... [180426 rule(s)] done [0.24s].
./apriori - find frequent item sets with the apriori algorithm
version 6.5 (2013.11.12)         (c) 1996-2013   Christian Borgelt
reading input-s8m3-c80Kmeans_clusters_16.txt.tmp ... [984 item(s), 433 transaction(s)] done [0.00s].
filtering, sorting and recoding items ... [97 item(s)] done [0.00s].
sorting and reducing transactions ... [425/433 transaction(s)] done [0.00s].
writing rules-s8m3-c80Kmeans_clusters_16.txt.tmp ... [213375 rule(s)] done [0.29s].
./apriori - find frequent item sets with the apriori algorithm
version 6.5 (2013.11.12)         (c) 1996-2013   Christian Borgelt
reading input-s8m3-c80Kmeans_clusters_16.txt.tmp ... [567 item(s), 620 transaction(s)] done [0.00s].
filtering, sorting and recoding items ... [44 item(s)] done [0.00s].
sorting and reducing transactions ... [563/620 transaction(s)] done [0.00s].
writing rules-s8m3-c80Kmeans_clusters_16.txt.tmp ... [251305 rule(s)] done [0.33s].
./apriori - find frequent item sets with the apriori algorithm
version 6.5 (2013.11.12)         (c) 1996-2013   Christian Borgelt
reading input-s8m3-c80Kmeans_clusters_16.txt.tmp ... [1065 item(s), 301 transaction(s)] done [0.00s].
filtering, sorting and recoding items ... [166 item(s)] done [0.00s].
sorting and reducing transactions ... [285/301 transaction(s)] done [0.00s].
writing rules-s8m3-c80Kmeans_clusters_16.txt.tmp ... [2439 rule(s)] done [0.00s].
./apriori - find frequent item sets with the apriori algorithm
version 6.5 (2013.11.12)         (c) 1996-2013   Christian Borgelt
reading input-s8m3-c80Kmeans_clusters_16.txt.tmp ... [901 item(s), 110 transaction(s)] done [0.00s].
filtering, sorting and recoding items ... [154 item(s)] done [0.00s].
sorting and reducing transactions ... [101/110 transaction(s)] done [0.00s].
writing rules-s8m3-c80Kmeans_clusters_16.txt.tmp ... [24119327 rule(s)] done [30.19s].
./apriori - find frequent item sets with the apriori algorithm
version 6.5 (2013.11.12)         (c) 1996-2013   Christian Borgelt
reading input-s8m3-c80Kmeans_clusters_16.txt.tmp ... [890 item(s), 91 transaction(s)] done [0.00s].
filtering, sorting and recoding items ... [216 item(s)] done [0.00s].
sorting and reducing transactions ... [83/91 transaction(s)] done [0.00s].
writing rules-s8m3-c80Kmeans_clusters_16.txt.tmp ... [3196 rule(s)] done [0.16s].
./apriori - find frequent item sets with the apriori algorithm
version 6.5 (2013.11.12)         (c) 1996-2013   Christian Borgelt
reading input-s8m3-c80Kmeans_clusters_16.txt.tmp ... [1041 item(s), 368 transaction(s)] done [0.00s].
filtering, sorting and recoding items ... [120 item(s)] done [0.00s].
sorting and reducing transactions ... [342/368 transaction(s)] done [0.00s].
writing rules-s8m3-c80Kmeans_clusters_16.txt.tmp ... [64007 rule(s)] done [0.09s].
./apriori - find frequent item sets with the apriori algorithm
version 6.5 (2013.11.12)         (c) 1996-2013   Christian Borgelt
reading input-s8m3-c80Kmeans_clusters_16.txt.tmp ... [870 item(s), 117 transaction(s)] done [0.00s].
filtering, sorting and recoding items ... [138 item(s)] done [0.00s].
sorting and reducing transactions ... [114/117 transaction(s)] done [0.00s].
writing rules-s8m3-c80Kmeans_clusters_16.txt.tmp ... [5836 rule(s)] done [0.00s].
./apriori - find frequent item sets with the apriori algorithm
version 6.5 (2013.11.12)         (c) 1996-2013   Christian Borgelt
reading input-s8m3-c80Kmeans_clusters_16.txt.tmp ... [644 item(s), 57 transaction(s)] done [0.00s].
filtering, sorting and recoding items ... [150 item(s)] done [0.00s].
sorting and reducing transactions ... [56/57 transaction(s)] done [0.00s].
writing rules-s8m3-c80Kmeans_clusters_16.txt.tmp ... [1851 rule(s)] done [0.00s].
./apriori - find frequent item sets with the apriori algorithm
version 6.5 (2013.11.12)         (c) 1996-2013   Christian Borgelt
reading input-s8m3-c80Kmeans_clusters_16.txt.tmp ... [1160 item(s), 559 transaction(s)] done [0.00s].
filtering, sorting and recoding items ... [162 item(s)] done [0.00s].
sorting and reducing transactions ... [532/559 transaction(s)] done [0.00s].
writing rules-s8m3-c80Kmeans_clusters_16.txt.tmp ... [2036 rule(s)] done [0.01s].
./apriori - find frequent item sets with the apriori algorithm
version 6.5 (2013.11.12)         (c) 1996-2013   Christian Borgelt
reading input-s8m3-c80Kmeans_clusters_16.txt.tmp ... [1119 item(s), 475 transaction(s)] done [0.00s].
filtering, sorting and recoding items ... [114 item(s)] done [0.00s].
sorting and reducing transactions ... [443/475 transaction(s)] done [0.00s].
writing rules-s8m3-c80Kmeans_clusters_16.txt.tmp ... [954 rule(s)] done [0.00s].
./apriori - find frequent item sets with the apriori algorithm
version 6.5 (2013.11.12)         (c) 1996-2013   Christian Borgelt
reading input-s8m3-c80Kmeans_clusters_16.txt.tmp ... [1108 item(s), 443 transaction(s)] done [0.00s].
filtering, sorting and recoding items ... [115 item(s)] done [0.00s].
sorting and reducing transactions ... [412/443 transaction(s)] done [0.00s].
writing rules-s8m3-c80Kmeans_clusters_16.txt.tmp ... [680 rule(s)] done [0.00s].
./apriori - find frequent item sets with the apriori algorithm
version 6.5 (2013.11.12)         (c) 1996-2013   Christian Borgelt
reading input-s8m3-c80Kmeans_clusters_16.txt.tmp ... [1158 item(s), 501 transaction(s)] done [0.00s].
filtering, sorting and recoding items ... [287 item(s)] done [0.00s].
sorting and reducing transactions ... [484/501 transaction(s)] done [0.00s].
writing rules-s8m3-c80Kmeans_clusters_16.txt.tmp ... [10292 rule(s)] done [0.04s].
./apriori - find frequent item sets with the apriori algorithm
version 6.5 (2013.11.12)         (c) 1996-2013   Christian Borgelt
reading input-s8m3-c80Kmeans_clusters_16.txt.tmp ... [1129 item(s), 226 transaction(s)] done [0.00s].
filtering, sorting and recoding items ... [256 item(s)] done [0.00s].
sorting and reducing transactions ... [218/226 transaction(s)] done [0.00s].
writing rules-s8m3-c80Kmeans_clusters_16.txt.tmp ... [1022 rule(s)] done [0.00s].
./apriori - find frequent item sets with the apriori algorithm
version 6.5 (2013.11.12)         (c) 1996-2013   Christian Borgelt
reading input-s8m3-c80Kmeans_clusters_16.txt.tmp ... [1116 item(s), 198 transaction(s)] done [0.00s].
filtering, sorting and recoding items ... [235 item(s)] done [0.00s].
sorting and reducing transactions ... [195/198 transaction(s)] done [0.00s].
writing rules-s8m3-c80Kmeans_clusters_16.txt.tmp ... [279 rule(s)] done [0.00s].
./apriori - find frequent item sets with the apriori algorithm
version 6.5 (2013.11.12)         (c) 1996-2013   Christian Borgelt
reading input-s8m3-c80Kmeans_clusters_16.txt.tmp ... [603 item(s), 261 transaction(s)] done [0.00s].
filtering, sorting and recoding items ... [64 item(s)] done [0.00s].
sorting and reducing transactions ... [238/261 transaction(s)] done [0.00s].
writing rules-s8m3-c80Kmeans_clusters_16.txt.tmp ... [468573 rule(s)] done [0.64s].
./apriori - find frequent item sets with the apriori algorithm
version 6.5 (2013.11.12)         (c) 1996-2013   Christian Borgelt
reading input-s8m3-c80Kmeans_clusters_16.txt.tmp ... [1172 item(s), 702 transaction(s)] done [0.00s].
filtering, sorting and recoding items ... [250 item(s)] done [0.00s].
sorting and reducing transactions ... [652/702 transaction(s)] done [0.00s].
writing rules-s8m3-c80Kmeans_clusters_16.txt.tmp ... [19928 rule(s)] done [0.05s].
./apriori - find frequent item sets with the apriori algorithm
version 6.5 (2013.11.12)         (c) 1996-2013   Christian Borgelt
reading input-s8m3-c80Kmeans_clusters_16.txt.tmp ... [1077 item(s), 206 transaction(s)] done [0.00s].
filtering, sorting and recoding items ... [202 item(s)] done [0.00s].
sorting and reducing transactions ... [200/206 transaction(s)] done [0.00s].
writing rules-s8m3-c80Kmeans_clusters_16.txt.tmp ... [1060 rule(s)] done [0.00s].
./apriori - find frequent item sets with the apriori algorithm
version 6.5 (2013.11.12)         (c) 1996-2013   Christian Borgelt
reading input-s8m3-c80Kmeans_clusters_16.txt.tmp ... [1073 item(s), 167 transaction(s)] done [0.00s].
filtering, sorting and recoding items ... [243 item(s)] done [0.00s].
sorting and reducing transactions ... [163/167 transaction(s)] done [0.00s].
writing rules-s8m3-c80Kmeans_clusters_16.txt.tmp ... [2753 rule(s)] done [0.00s].
./apriori - find frequent item sets with the apriori algorithm
version 6.5 (2013.11.12)         (c) 1996-2013   Christian Borgelt
reading input-s8m3-c80Kmeans_clusters_16.txt.tmp ... [1190 item(s), 634 transaction(s)] done [0.00s].
filtering, sorting and recoding items ... [165 item(s)] done [0.00s].
sorting and reducing transactions ... [612/634 transaction(s)] done [0.00s].
writing rules-s8m3-c80Kmeans_clusters_16.txt.tmp ... [5833 rule(s)] done [0.01s].
./apriori - find frequent item sets with the apriori algorithm
version 6.5 (2013.11.12)         (c) 1996-2013   Christian Borgelt
reading input-s8m3-c80Kmeans_clusters_16.txt.tmp ... [1138 item(s), 364 transaction(s)] done [0.00s].
filtering, sorting and recoding items ... [160 item(s)] done [0.00s].
sorting and reducing transactions ... [345/364 transaction(s)] done [0.00s].
writing rules-s8m3-c80Kmeans_clusters_16.txt.tmp ... [875 rule(s)] done [0.00s].
./apriori - find frequent item sets with the apriori algorithm
version 6.5 (2013.11.12)         (c) 1996-2013   Christian Borgelt
reading input-s8m3-c80Kmeans_clusters_16.txt.tmp ... [1073 item(s), 231 transaction(s)] done [0.00s].
filtering, sorting and recoding items ... [150 item(s)] done [0.00s].
sorting and reducing transactions ... [214/231 transaction(s)] done [0.00s].
writing rules-s8m3-c80Kmeans_clusters_16.txt.tmp ... [353 rule(s)] done [0.00s].
./apriori - find frequent item sets with the apriori algorithm
version 6.5 (2013.11.12)         (c) 1996-2013   Christian Borgelt
reading input-s8m3-c80Kmeans_clusters_16.txt.tmp ... [1024 item(s), 148 transaction(s)] done [0.00s].
filtering, sorting and recoding items ... [163 item(s)] done [0.00s].
sorting and reducing transactions ... [146/148 transaction(s)] done [0.00s].
writing rules-s8m3-c80Kmeans_clusters_16.txt.tmp ... [1533 rule(s)] done [0.00s].
./apriori - find frequent item sets with the apriori algorithm
version 6.5 (2013.11.12)         (c) 1996-2013   Christian Borgelt
reading input-s8m3-c80Kmeans_clusters_16.txt.tmp ... [1002 item(s), 136 transaction(s)] done [0.00s].
filtering, sorting and recoding items ... [163 item(s)] done [0.00s].
sorting and reducing transactions ... [134/136 transaction(s)] done [0.00s].
writing rules-s8m3-c80Kmeans_clusters_16.txt.tmp ... [715 rule(s)] done [0.00s].
./apriori - find frequent item sets with the apriori algorithm
version 6.5 (2013.11.12)         (c) 1996-2013   Christian Borgelt
reading input-s8m3-c80Kmeans_clusters_16.txt.tmp ... [1121 item(s), 730 transaction(s)] done [0.00s].
filtering, sorting and recoding items ... [163 item(s)] done [0.00s].
sorting and reducing transactions ... [726/730 transaction(s)] done [0.00s].
writing rules-s8m3-c80Kmeans_clusters_16.txt.tmp ... [17708 rule(s)] done [0.04s].
./apriori - find frequent item sets with the apriori algorithm
version 6.5 (2013.11.12)         (c) 1996-2013   Christian Borgelt
reading input-s8m3-c80Kmeans_clusters_16.txt.tmp ... [902 item(s), 124 transaction(s)] done [0.00s].
filtering, sorting and recoding items ... [145 item(s)] done [0.00s].
sorting and reducing transactions ... [120/124 transaction(s)] done [0.00s].
writing rules-s8m3-c80Kmeans_clusters_16.txt.tmp ... [8660 rule(s)] done [0.01s].
./apriori - find frequent item sets with the apriori algorithm
version 6.5 (2013.11.12)         (c) 1996-2013   Christian Borgelt
reading input-s8m3-c80Kmeans_clusters_16.txt.tmp ... [593 item(s), 52 transaction(s)] done [0.00s].
filtering, sorting and recoding items ... [96 item(s)] done [0.00s].
sorting and reducing transactions ... [49/52 transaction(s)] done [0.00s].
writing rules-s8m3-c80Kmeans_clusters_16.txt.tmp ... [70 rule(s)] done [0.00s].
./apriori - find frequent item sets with the apriori algorithm
version 6.5 (2013.11.12)         (c) 1996-2013   Christian Borgelt
reading input-s8m3-c80Kmeans_clusters_16.txt.tmp ... [644 item(s), 437 transaction(s)] done [0.00s].
filtering, sorting and recoding items ... [42 item(s)] done [0.00s].
sorting and reducing transactions ... [345/437 transaction(s)] done [0.00s].
writing rules-s8m3-c80Kmeans_clusters_16.txt.tmp ... [23503 rule(s)] done [0.02s].
./apriori - find frequent item sets with the apriori algorithm
version 6.5 (2013.11.12)         (c) 1996-2013   Christian Borgelt
reading input-s8m3-c80Kmeans_clusters_16.txt.tmp ... [1073 item(s), 711 transaction(s)] done [0.00s].
filtering, sorting and recoding items ... [69 item(s)] done [0.00s].
sorting and reducing transactions ... [690/711 transaction(s)] done [0.00s].
writing rules-s8m3-c80Kmeans_clusters_16.txt.tmp ... [511 rule(s)] done [0.00s].
./apriori - find frequent item sets with the apriori algorithm
version 6.5 (2013.11.12)         (c) 1996-2013   Christian Borgelt
reading input-s8m3-c80Kmeans_clusters_16.txt.tmp ... [795 item(s), 117 transaction(s)] done [0.00s].
filtering, sorting and recoding items ... [110 item(s)] done [0.00s].
sorting and reducing transactions ... [113/117 transaction(s)] done [0.00s].
writing rules-s8m3-c80Kmeans_clusters_16.txt.tmp ... [220 rule(s)] done [0.00s].
./apriori - find frequent item sets with the apriori algorithm
version 6.5 (2013.11.12)         (c) 1996-2013   Christian Borgelt
reading input-s8m3-c80Kmeans_clusters_16.txt.tmp ... [750 item(s), 98 transaction(s)] done [0.00s].
filtering, sorting and recoding items ... [97 item(s)] done [0.00s].
sorting and reducing transactions ... [94/98 transaction(s)] done [0.00s].
writing rules-s8m3-c80Kmeans_clusters_16.txt.tmp ... [249 rule(s)] done [0.00s].
./apriori - find frequent item sets with the apriori algorithm
version 6.5 (2013.11.12)         (c) 1996-2013   Christian Borgelt
reading input-s8m3-c80Kmeans_clusters_16.txt.tmp ... [642 item(s), 79 transaction(s)] done [0.00s].
filtering, sorting and recoding items ... [85 item(s)] done [0.00s].
sorting and reducing transactions ... [72/79 transaction(s)] done [0.00s].
writing rules-s8m3-c80Kmeans_clusters_16.txt.tmp ... [114 rule(s)] done [0.00s].
./apriori - find frequent item sets with the apriori algorithm
version 6.5 (2013.11.12)         (c) 1996-2013   Christian Borgelt
reading input-s8m3-c80Kmeans_clusters_16.txt.tmp ... [623 item(s), 72 transaction(s)] done [0.00s].
filtering, sorting and recoding items ... [100 item(s)] done [0.00s].
sorting and reducing transactions ... [68/72 transaction(s)] done [0.00s].
writing rules-s8m3-c80Kmeans_clusters_16.txt.tmp ... [169 rule(s)] done [0.00s].
Train size: 9044 | Test Size: 2261

CLUSTER INDEX 0


#Rules before subsumption:  27
#Rules after subsumption:   15
Subsumption time: 0.0087628364563
Dataset uncovered: 577


#Rules before subsumption:  16
#Rules after subsumption:   6
Subsumption time: 0.00282001495361
Dataset uncovered: 494


#Rules before subsumption:  0
#Rules after subsumption:   0
Subsumption time: 0.000452995300293
Dataset uncovered: 494

No of labels after 3 iterations: 3

CLUSTER INDEX 1


#Rules before subsumption:  26065
#Rules after subsumption:   231
Subsumption time: 1.68323493004
Dataset uncovered: 2

No of labels after 1 iterations: 1

CLUSTER INDEX 2


#Rules before subsumption:  1111
#Rules after subsumption:   86
Subsumption time: 0.146199941635
Dataset uncovered: 173


#Rules before subsumption:  1243
#Rules after subsumption:   24
Subsumption time: 0.0455601215363
Dataset uncovered: 100


#Rules before subsumption:  178
#Rules after subsumption:   7
Subsumption time: 0.00394606590271
Dataset uncovered: 78


#Rules before subsumption:  6
#Rules after subsumption:   4
Subsumption time: 0.000317096710205
Dataset uncovered: 61


#Rules before subsumption:  33
#Rules after subsumption:   5
Subsumption time: 0.000632047653198
Dataset uncovered: 46

No of labels after 5 iterations: 9

CLUSTER INDEX 3


#Rules before subsumption:  18539
#Rules after subsumption:   200
Subsumption time: 1.40164113045
Dataset uncovered: 3

No of labels after 1 iterations: 1

CLUSTER INDEX 4


#Rules before subsumption:  22082
#Rules after subsumption:   212
Subsumption time: 4.57483291626
Dataset uncovered: 27

No of labels after 1 iterations: 1

CLUSTER INDEX 5


#Rules before subsumption:  27226
#Rules after subsumption:   230
Subsumption time: 1.65607881546
Dataset uncovered: 10

No of labels after 1 iterations: 1

CLUSTER INDEX 6


#Rules before subsumption:  204
#Rules after subsumption:   24
Subsumption time: 0.0114121437073
Dataset uncovered: 110


#Rules before subsumption:  178
#Rules after subsumption:   4
Subsumption time: 0.00496315956116
Dataset uncovered: 91


#Rules before subsumption:  0
#Rules after subsumption:   0
Subsumption time: 0.000156879425049
Dataset uncovered: 91

No of labels after 3 iterations: 6

CLUSTER INDEX 7


#Rules before subsumption:  5697
#Rules after subsumption:   46
Subsumption time: 0.295484781265
Dataset uncovered: 117


#Rules before subsumption:  502
#Rules after subsumption:   29
Subsumption time: 0.00994300842285
Dataset uncovered: 57


#Rules before subsumption:  6
#Rules after subsumption:   4
Subsumption time: 0.000230073928833
Dataset uncovered: 38

No of labels after 3 iterations: 8

CLUSTER INDEX 8


#Rules before subsumption:  67
#Rules after subsumption:   11
Subsumption time: 0.00988698005676
Dataset uncovered: 475


#Rules before subsumption:  2
#Rules after subsumption:   1
Subsumption time: 0.00109004974365
Dataset uncovered: 443


#Rules before subsumption:  0
#Rules after subsumption:   0
Subsumption time: 0.000579118728638
Dataset uncovered: 443

No of labels after 3 iterations: 2

CLUSTER INDEX 9


#Rules before subsumption:  2301
#Rules after subsumption:   80
Subsumption time: 0.207391023636
Dataset uncovered: 226


#Rules before subsumption:  14
#Rules after subsumption:   5
Subsumption time: 0.00146794319153
Dataset uncovered: 198


#Rules before subsumption:  0
#Rules after subsumption:   0
Subsumption time: 0.000309944152832
Dataset uncovered: 198

No of labels after 3 iterations: 2

CLUSTER INDEX 10


#Rules before subsumption:  51141
#Rules after subsumption:   80
Subsumption time: 0.294439077377
Dataset uncovered: 5

No of labels after 1 iterations: 3

CLUSTER INDEX 11


#Rules before subsumption:  2077
#Rules after subsumption:   100
Subsumption time: 0.227189064026
Dataset uncovered: 206


#Rules before subsumption:  3
#Rules after subsumption:   3
Subsumption time: 0.000720977783203
Dataset uncovered: 167


#Rules before subsumption:  0
#Rules after subsumption:   0
Subsumption time: 0.000250816345215
Dataset uncovered: 167

No of labels after 3 iterations: 3

CLUSTER INDEX 12


#Rules before subsumption:  930
#Rules after subsumption:   59
Subsumption time: 0.120743989944
Dataset uncovered: 364


#Rules before subsumption:  128
#Rules after subsumption:   24
Subsumption time: 0.0126650333405
Dataset uncovered: 231


#Rules before subsumption:  20
#Rules after subsumption:   7
Subsumption time: 0.00148510932922
Dataset uncovered: 148


#Rules before subsumption:  1
#Rules after subsumption:   1
Subsumption time: 0.000347137451172
Dataset uncovered: 136


#Rules before subsumption:  0
#Rules after subsumption:   0
Subsumption time: 0.000220060348511
Dataset uncovered: 136

No of labels after 5 iterations: 6

CLUSTER INDEX 13


#Rules before subsumption:  4101
#Rules after subsumption:   164
Subsumption time: 0.289895772934
Dataset uncovered: 124


#Rules before subsumption:  1419
#Rules after subsumption:   36
Subsumption time: 0.0326879024506
Dataset uncovered: 52


#Rules before subsumption:  6
#Rules after subsumption:   3
Subsumption time: 0.000207901000977
Dataset uncovered: 42

No of labels after 3 iterations: 4

CLUSTER INDEX 14


#Rules before subsumption:  3118
#Rules after subsumption:   129
Subsumption time: 0.363515138626
Dataset uncovered: 47

No of labels after 1 iterations: 1

CLUSTER INDEX 15


#Rules before subsumption:  329
#Rules after subsumption:   81
Subsumption time: 0.0345809459686
Dataset uncovered: 117


#Rules before subsumption:  12
#Rules after subsumption:   5
Subsumption time: 0.000523090362549
Dataset uncovered: 98


#Rules before subsumption:  4
#Rules after subsumption:   4
Subsumption time: 0.000378131866455
Dataset uncovered: 79


#Rules before subsumption:  1
#Rules after subsumption:   1
Subsumption time: 0.000207901000977
Dataset uncovered: 72


#Rules before subsumption:  0
#Rules after subsumption:   0
Subsumption time: 0.000144958496094
Dataset uncovered: 72

No of labels after 5 iterations: 5
Training Time: 219.355967045 

Accuracy by one match: 0.756302521008
Accuracy by one-to-one matching: 0.753280259472
F-measure:  0.706745465661
Accuracy by one match: 0.768686421937
Accuracy by one-to-one matching: 0.759803921569
F-measure:  0.676560121766

Testing Time: 16.083988905 

Total Execution Time: 235.996965885
