./apriori - find frequent item sets with the apriori algorithm
version 6.5 (2013.11.12)         (c) 1996-2013   Christian Borgelt
reading input-s7m3-c75Kmeans_clusters_16.txt.tmp ... [1175 item(s), 929 transaction(s)] done [0.00s].
filtering, sorting and recoding items ... [229 item(s)] done [0.00s].
sorting and reducing transactions ... [885/929 transaction(s)] done [0.00s].
writing rules-s7m3-c75Kmeans_clusters_16.txt.tmp ... [314 rule(s)] done [0.00s].
./apriori - find frequent item sets with the apriori algorithm
version 6.5 (2013.11.12)         (c) 1996-2013   Christian Borgelt
reading input-s7m3-c75Kmeans_clusters_16.txt.tmp ... [1143 item(s), 484 transaction(s)] done [0.00s].
filtering, sorting and recoding items ... [202 item(s)] done [0.00s].
sorting and reducing transactions ... [448/484 transaction(s)] done [0.00s].
writing rules-s7m3-c75Kmeans_clusters_16.txt.tmp ... [124 rule(s)] done [0.00s].
./apriori - find frequent item sets with the apriori algorithm
version 6.5 (2013.11.12)         (c) 1996-2013   Christian Borgelt
reading input-s7m3-c75Kmeans_clusters_16.txt.tmp ... [691 item(s), 481 transaction(s)] done [0.00s].
filtering, sorting and recoding items ... [56 item(s)] done [0.00s].
sorting and reducing transactions ... [469/481 transaction(s)] done [0.00s].
writing rules-s7m3-c75Kmeans_clusters_16.txt.tmp ... [417518 rule(s)] done [0.49s].
./apriori - find frequent item sets with the apriori algorithm
version 6.5 (2013.11.12)         (c) 1996-2013   Christian Borgelt
reading input-s7m3-c75Kmeans_clusters_16.txt.tmp ... [1177 item(s), 557 transaction(s)] done [0.00s].
filtering, sorting and recoding items ... [259 item(s)] done [0.00s].
sorting and reducing transactions ... [545/557 transaction(s)] done [0.00s].
writing rules-s7m3-c75Kmeans_clusters_16.txt.tmp ... [13929 rule(s)] done [0.03s].
./apriori - find frequent item sets with the apriori algorithm
version 6.5 (2013.11.12)         (c) 1996-2013   Christian Borgelt
reading input-s7m3-c75Kmeans_clusters_16.txt.tmp ... [970 item(s), 136 transaction(s)] done [0.00s].
filtering, sorting and recoding items ... [183 item(s)] done [0.00s].
sorting and reducing transactions ... [134/136 transaction(s)] done [0.00s].
writing rules-s7m3-c75Kmeans_clusters_16.txt.tmp ... [1248 rule(s)] done [0.00s].
./apriori - find frequent item sets with the apriori algorithm
version 6.5 (2013.11.12)         (c) 1996-2013   Christian Borgelt
reading input-s7m3-c75Kmeans_clusters_16.txt.tmp ... [857 item(s), 82 transaction(s)] done [0.00s].
filtering, sorting and recoding items ... [190 item(s)] done [0.00s].
sorting and reducing transactions ... [81/82 transaction(s)] done [0.00s].
writing rules-s7m3-c75Kmeans_clusters_16.txt.tmp ... [9562 rule(s)] done [0.01s].
./apriori - find frequent item sets with the apriori algorithm
version 6.5 (2013.11.12)         (c) 1996-2013   Christian Borgelt
reading input-s7m3-c75Kmeans_clusters_16.txt.tmp ... [758 item(s), 62 transaction(s)] done [0.00s].
filtering, sorting and recoding items ... [175 item(s)] done [0.00s].
sorting and reducing transactions ... [61/62 transaction(s)] done [0.00s].
writing rules-s7m3-c75Kmeans_clusters_16.txt.tmp ... [12563 rule(s)] done [0.01s].
./apriori - find frequent item sets with the apriori algorithm
version 6.5 (2013.11.12)         (c) 1996-2013   Christian Borgelt
reading input-s7m3-c75Kmeans_clusters_16.txt.tmp ... [556 item(s), 820 transaction(s)] done [0.00s].
filtering, sorting and recoding items ... [53 item(s)] done [0.00s].
sorting and reducing transactions ... [722/820 transaction(s)] done [0.00s].
writing rules-s7m3-c75Kmeans_clusters_16.txt.tmp ... [254845 rule(s)] done [0.34s].
./apriori - find frequent item sets with the apriori algorithm
version 6.5 (2013.11.12)         (c) 1996-2013   Christian Borgelt
reading input-s7m3-c75Kmeans_clusters_16.txt.tmp ... [984 item(s), 433 transaction(s)] done [0.00s].
filtering, sorting and recoding items ... [125 item(s)] done [0.00s].
sorting and reducing transactions ... [426/433 transaction(s)] done [0.00s].
writing rules-s7m3-c75Kmeans_clusters_16.txt.tmp ... [429271 rule(s)] done [0.54s].
./apriori - find frequent item sets with the apriori algorithm
version 6.5 (2013.11.12)         (c) 1996-2013   Christian Borgelt
reading input-s7m3-c75Kmeans_clusters_16.txt.tmp ... [567 item(s), 620 transaction(s)] done [0.00s].
filtering, sorting and recoding items ... [53 item(s)] done [0.00s].
sorting and reducing transactions ... [578/620 transaction(s)] done [0.00s].
writing rules-s7m3-c75Kmeans_clusters_16.txt.tmp ... [384860 rule(s)] done [0.51s].
./apriori - find frequent item sets with the apriori algorithm
version 6.5 (2013.11.12)         (c) 1996-2013   Christian Borgelt
reading input-s7m3-c75Kmeans_clusters_16.txt.tmp ... [1065 item(s), 301 transaction(s)] done [0.00s].
filtering, sorting and recoding items ... [207 item(s)] done [0.00s].
sorting and reducing transactions ... [287/301 transaction(s)] done [0.00s].
writing rules-s7m3-c75Kmeans_clusters_16.txt.tmp ... [6266 rule(s)] done [0.01s].
./apriori - find frequent item sets with the apriori algorithm
version 6.5 (2013.11.12)         (c) 1996-2013   Christian Borgelt
reading input-s7m3-c75Kmeans_clusters_16.txt.tmp ... [846 item(s), 100 transaction(s)] done [0.00s].
filtering, sorting and recoding items ... [197 item(s)] done [0.00s].
sorting and reducing transactions ... [93/100 transaction(s)] done [0.00s].
writing rules-s7m3-c75Kmeans_clusters_16.txt.tmp ... 
./apriori: write error on file rules-s7m3-c75Kmeans_clusters_16.txt.tmp
./apriori - find frequent item sets with the apriori algorithm
version 6.5 (2013.11.12)         (c) 1996-2013   Christian Borgelt
reading input-s7m3-c75Kmeans_clusters_16.txt.tmp ... [1041 item(s), 368 transaction(s)] done [0.00s].
filtering, sorting and recoding items ... [159 item(s)] done [0.00s].
sorting and reducing transactions ... [345/368 transaction(s)] done [0.00s].
writing rules-s7m3-c75Kmeans_clusters_16.txt.tmp ... [160997 rule(s)] done [0.41s].
./apriori - find frequent item sets with the apriori algorithm
version 6.5 (2013.11.12)         (c) 1996-2013   Christian Borgelt
reading input-s7m3-c75Kmeans_clusters_16.txt.tmp ... [771 item(s), 82 transaction(s)] done [0.00s].
filtering, sorting and recoding items ... [172 item(s)] done [0.00s].
sorting and reducing transactions ... [81/82 transaction(s)] done [0.00s].
writing rules-s7m3-c75Kmeans_clusters_16.txt.tmp ... [1280 rule(s)] done [0.00s].
./apriori - find frequent item sets with the apriori algorithm
version 6.5 (2013.11.12)         (c) 1996-2013   Christian Borgelt
reading input-s7m3-c75Kmeans_clusters_16.txt.tmp ... [1160 item(s), 559 transaction(s)] done [0.01s].
filtering, sorting and recoding items ... [200 item(s)] done [0.00s].
sorting and reducing transactions ... [534/559 transaction(s)] done [0.00s].
writing rules-s7m3-c75Kmeans_clusters_16.txt.tmp ... [6184 rule(s)] done [0.01s].
./apriori - find frequent item sets with the apriori algorithm
version 6.5 (2013.11.12)         (c) 1996-2013   Christian Borgelt
reading input-s7m3-c75Kmeans_clusters_16.txt.tmp ... [1114 item(s), 444 transaction(s)] done [0.01s].
filtering, sorting and recoding items ... [148 item(s)] done [0.00s].
sorting and reducing transactions ... [418/444 transaction(s)] done [0.00s].
writing rules-s7m3-c75Kmeans_clusters_16.txt.tmp ... [1844 rule(s)] done [0.00s].
./apriori - find frequent item sets with the apriori algorithm
version 6.5 (2013.11.12)         (c) 1996-2013   Christian Borgelt
reading input-s7m3-c75Kmeans_clusters_16.txt.tmp ... [1107 item(s), 365 transaction(s)] done [0.00s].
filtering, sorting and recoding items ... [161 item(s)] done [0.00s].
sorting and reducing transactions ... [357/365 transaction(s)] done [0.00s].
writing rules-s7m3-c75Kmeans_clusters_16.txt.tmp ... [2280 rule(s)] done [0.00s].
./apriori - find frequent item sets with the apriori algorithm
version 6.5 (2013.11.12)         (c) 1996-2013   Christian Borgelt
reading input-s7m3-c75Kmeans_clusters_16.txt.tmp ... [1070 item(s), 320 transaction(s)] done [0.01s].
filtering, sorting and recoding items ... [152 item(s)] done [0.00s].
sorting and reducing transactions ... [312/320 transaction(s)] done [0.00s].
writing rules-s7m3-c75Kmeans_clusters_16.txt.tmp ... [1686 rule(s)] done [0.00s].
./apriori - find frequent item sets with the apriori algorithm
version 6.5 (2013.11.12)         (c) 1996-2013   Christian Borgelt
reading input-s7m3-c75Kmeans_clusters_16.txt.tmp ... [1158 item(s), 501 transaction(s)] done [0.00s].
filtering, sorting and recoding items ... [357 item(s)] done [0.00s].
sorting and reducing transactions ... [484/501 transaction(s)] done [0.00s].
writing rules-s7m3-c75Kmeans_clusters_16.txt.tmp ... [33888 rule(s)] done [0.09s].
./apriori - find frequent item sets with the apriori algorithm
version 6.5 (2013.11.12)         (c) 1996-2013   Christian Borgelt
reading input-s7m3-c75Kmeans_clusters_16.txt.tmp ... [1118 item(s), 203 transaction(s)] done [0.01s].
filtering, sorting and recoding items ... [300 item(s)] done [0.00s].
sorting and reducing transactions ... [199/203 transaction(s)] done [0.00s].
writing rules-s7m3-c75Kmeans_clusters_16.txt.tmp ... [817 rule(s)] done [0.00s].
./apriori - find frequent item sets with the apriori algorithm
version 6.5 (2013.11.12)         (c) 1996-2013   Christian Borgelt
reading input-s7m3-c75Kmeans_clusters_16.txt.tmp ... [1116 item(s), 191 transaction(s)] done [0.00s].
filtering, sorting and recoding items ... [278 item(s)] done [0.00s].
sorting and reducing transactions ... [187/191 transaction(s)] done [0.00s].
writing rules-s7m3-c75Kmeans_clusters_16.txt.tmp ... [973 rule(s)] done [0.00s].
./apriori - find frequent item sets with the apriori algorithm
version 6.5 (2013.11.12)         (c) 1996-2013   Christian Borgelt
reading input-s7m3-c75Kmeans_clusters_16.txt.tmp ... [1086 item(s), 176 transaction(s)] done [0.00s].
filtering, sorting and recoding items ... [257 item(s)] done [0.00s].
sorting and reducing transactions ... [172/176 transaction(s)] done [0.00s].
writing rules-s7m3-c75Kmeans_clusters_16.txt.tmp ... [675 rule(s)] done [0.00s].
./apriori - find frequent item sets with the apriori algorithm
version 6.5 (2013.11.12)         (c) 1996-2013   Christian Borgelt
reading input-s7m3-c75Kmeans_clusters_16.txt.tmp ... [603 item(s), 261 transaction(s)] done [0.01s].
filtering, sorting and recoding items ... [73 item(s)] done [0.00s].
sorting and reducing transactions ... [243/261 transaction(s)] done [0.00s].
writing rules-s7m3-c75Kmeans_clusters_16.txt.tmp ... [1282021 rule(s)] done [1.72s].
./apriori - find frequent item sets with the apriori algorithm
version 6.5 (2013.11.12)         (c) 1996-2013   Christian Borgelt
reading input-s7m3-c75Kmeans_clusters_16.txt.tmp ... [1172 item(s), 702 transaction(s)] done [0.00s].
filtering, sorting and recoding items ... [315 item(s)] done [0.00s].
sorting and reducing transactions ... [656/702 transaction(s)] done [0.00s].
writing rules-s7m3-c75Kmeans_clusters_16.txt.tmp ... [60400 rule(s)] done [0.14s].
./apriori - find frequent item sets with the apriori algorithm
version 6.5 (2013.11.12)         (c) 1996-2013   Christian Borgelt
reading input-s7m3-c75Kmeans_clusters_16.txt.tmp ... [1070 item(s), 183 transaction(s)] done [0.00s].
filtering, sorting and recoding items ... [263 item(s)] done [0.00s].
sorting and reducing transactions ... [179/183 transaction(s)] done [0.00s].
writing rules-s7m3-c75Kmeans_clusters_16.txt.tmp ... [6651 rule(s)] done [0.02s].
./apriori - find frequent item sets with the apriori algorithm
version 6.5 (2013.11.12)         (c) 1996-2013   Christian Borgelt
reading input-s7m3-c75Kmeans_clusters_16.txt.tmp ... [1054 item(s), 132 transaction(s)] done [0.01s].
filtering, sorting and recoding items ... [343 item(s)] done [0.00s].
sorting and reducing transactions ... [130/132 transaction(s)] done [0.00s].
writing rules-s7m3-c75Kmeans_clusters_16.txt.tmp ... [23965 rule(s)] done [0.03s].
./apriori - find frequent item sets with the apriori algorithm
version 6.5 (2013.11.12)         (c) 1996-2013   Christian Borgelt
reading input-s7m3-c75Kmeans_clusters_16.txt.tmp ... [1021 item(s), 113 transaction(s)] done [0.01s].
filtering, sorting and recoding items ... [325 item(s)] done [0.00s].
sorting and reducing transactions ... [111/113 transaction(s)] done [0.00s].
writing rules-s7m3-c75Kmeans_clusters_16.txt.tmp ... [31937 rule(s)] done [0.04s].
./apriori - find frequent item sets with the apriori algorithm
version 6.5 (2013.11.12)         (c) 1996-2013   Christian Borgelt
reading input-s7m3-c75Kmeans_clusters_16.txt.tmp ... [973 item(s), 95 transaction(s)] done [0.00s].
filtering, sorting and recoding items ... [327 item(s)] done [0.00s].
sorting and reducing transactions ... [93/95 transaction(s)] done [0.00s].
writing rules-s7m3-c75Kmeans_clusters_16.txt.tmp ... [12390 rule(s)] done [0.01s].
./apriori - find frequent item sets with the apriori algorithm
version 6.5 (2013.11.12)         (c) 1996-2013   Christian Borgelt
reading input-s7m3-c75Kmeans_clusters_16.txt.tmp ... [1190 item(s), 634 transaction(s)] done [0.00s].
filtering, sorting and recoding items ... [219 item(s)] done [0.00s].
sorting and reducing transactions ... [620/634 transaction(s)] done [0.00s].
writing rules-s7m3-c75Kmeans_clusters_16.txt.tmp ... [11276 rule(s)] done [0.03s].
./apriori - find frequent item sets with the apriori algorithm
version 6.5 (2013.11.12)         (c) 1996-2013   Christian Borgelt
reading input-s7m3-c75Kmeans_clusters_16.txt.tmp ... [1138 item(s), 363 transaction(s)] done [0.00s].
filtering, sorting and recoding items ... [201 item(s)] done [0.00s].
sorting and reducing transactions ... [348/363 transaction(s)] done [0.00s].
writing rules-s7m3-c75Kmeans_clusters_16.txt.tmp ... [1680 rule(s)] done [0.00s].
./apriori - find frequent item sets with the apriori algorithm
version 6.5 (2013.11.12)         (c) 1996-2013   Christian Borgelt
reading input-s7m3-c75Kmeans_clusters_16.txt.tmp ... [1059 item(s), 187 transaction(s)] done [0.01s].
filtering, sorting and recoding items ... [225 item(s)] done [0.00s].
sorting and reducing transactions ... [178/187 transaction(s)] done [0.00s].
writing rules-s7m3-c75Kmeans_clusters_16.txt.tmp ... [988 rule(s)] done [0.00s].
./apriori - find frequent item sets with the apriori algorithm
version 6.5 (2013.11.12)         (c) 1996-2013   Christian Borgelt
reading input-s7m3-c75Kmeans_clusters_16.txt.tmp ... [1017 item(s), 139 transaction(s)] done [0.01s].
filtering, sorting and recoding items ... [208 item(s)] done [0.00s].
sorting and reducing transactions ... [137/139 transaction(s)] done [0.00s].
writing rules-s7m3-c75Kmeans_clusters_16.txt.tmp ... [6380 rule(s)] done [0.00s].
./apriori - find frequent item sets with the apriori algorithm
version 6.5 (2013.11.12)         (c) 1996-2013   Christian Borgelt
reading input-s7m3-c75Kmeans_clusters_16.txt.tmp ... [984 item(s), 119 transaction(s)] done [0.01s].
filtering, sorting and recoding items ... [202 item(s)] done [0.00s].
sorting and reducing transactions ... [117/119 transaction(s)] done [0.00s].
writing rules-s7m3-c75Kmeans_clusters_16.txt.tmp ... [2311 rule(s)] done [0.00s].
./apriori - find frequent item sets with the apriori algorithm
version 6.5 (2013.11.12)         (c) 1996-2013   Christian Borgelt
reading input-s7m3-c75Kmeans_clusters_16.txt.tmp ... [1121 item(s), 730 transaction(s)] done [0.00s].
filtering, sorting and recoding items ... [200 item(s)] done [0.00s].
sorting and reducing transactions ... [726/730 transaction(s)] done [0.00s].
writing rules-s7m3-c75Kmeans_clusters_16.txt.tmp ... [36475 rule(s)] done [0.07s].
./apriori - find frequent item sets with the apriori algorithm
version 6.5 (2013.11.12)         (c) 1996-2013   Christian Borgelt
reading input-s7m3-c75Kmeans_clusters_16.txt.tmp ... [902 item(s), 123 transaction(s)] done [0.00s].
filtering, sorting and recoding items ... [172 item(s)] done [0.00s].
sorting and reducing transactions ... [122/123 transaction(s)] done [0.00s].
writing rules-s7m3-c75Kmeans_clusters_16.txt.tmp ... [17168 rule(s)] done [0.02s].
./apriori - find frequent item sets with the apriori algorithm
version 6.5 (2013.11.12)         (c) 1996-2013   Christian Borgelt
reading input-s7m3-c75Kmeans_clusters_16.txt.tmp ... [644 item(s), 437 transaction(s)] done [0.01s].
filtering, sorting and recoding items ... [50 item(s)] done [0.00s].
sorting and reducing transactions ... [349/437 transaction(s)] done [0.00s].
writing rules-s7m3-c75Kmeans_clusters_16.txt.tmp ... [31212 rule(s)] done [0.03s].
./apriori - find frequent item sets with the apriori algorithm
version 6.5 (2013.11.12)         (c) 1996-2013   Christian Borgelt
reading input-s7m3-c75Kmeans_clusters_16.txt.tmp ... [1073 item(s), 711 transaction(s)] done [0.00s].
filtering, sorting and recoding items ... [95 item(s)] done [0.00s].
sorting and reducing transactions ... [699/711 transaction(s)] done [0.00s].
writing rules-s7m3-c75Kmeans_clusters_16.txt.tmp ... [916 rule(s)] done [0.00s].
./apriori - find frequent item sets with the apriori algorithm
version 6.5 (2013.11.12)         (c) 1996-2013   Christian Borgelt
reading input-s7m3-c75Kmeans_clusters_16.txt.tmp ... [790 item(s), 114 transaction(s)] done [0.00s].
filtering, sorting and recoding items ... [169 item(s)] done [0.00s].
sorting and reducing transactions ... [110/114 transaction(s)] done [0.00s].
writing rules-s7m3-c75Kmeans_clusters_16.txt.tmp ... [1043 rule(s)] done [0.00s].
./apriori - find frequent item sets with the apriori algorithm
version 6.5 (2013.11.12)         (c) 1996-2013   Christian Borgelt
reading input-s7m3-c75Kmeans_clusters_16.txt.tmp ... [629 item(s), 74 transaction(s)] done [0.00s].
filtering, sorting and recoding items ... [150 item(s)] done [0.00s].
sorting and reducing transactions ... [71/74 transaction(s)] done [0.00s].
writing rules-s7m3-c75Kmeans_clusters_16.txt.tmp ... [441 rule(s)] done [0.00s].
./apriori - find frequent item sets with the apriori algorithm
version 6.5 (2013.11.12)         (c) 1996-2013   Christian Borgelt
reading input-s7m3-c75Kmeans_clusters_16.txt.tmp ... [603 item(s), 66 transaction(s)] done [0.00s].
filtering, sorting and recoding items ... [129 item(s)] done [0.00s].
sorting and reducing transactions ... [63/66 transaction(s)] done [0.00s].
writing rules-s7m3-c75Kmeans_clusters_16.txt.tmp ... [2622 rule(s)] done [0.00s].
./apriori - find frequent item sets with the apriori algorithm
version 6.5 (2013.11.12)         (c) 1996-2013   Christian Borgelt
reading input-s7m3-c75Kmeans_clusters_16.txt.tmp ... [556 item(s), 53 transaction(s)] done [0.01s].
filtering, sorting and recoding items ... [141 item(s)] done [0.00s].
sorting and reducing transactions ... [52/53 transaction(s)] done [0.00s].
writing rules-s7m3-c75Kmeans_clusters_16.txt.tmp ... [1263 rule(s)] done [0.00s].
Train size: 9044 | Test Size: 2261

CLUSTER INDEX 0


#Rules before subsumption:  54
#Rules after subsumption:   27
Subsumption time: 0.0137739181519
Dataset uncovered: 484


#Rules before subsumption:  0
#Rules after subsumption:   0
Subsumption time: 0.000456094741821
Dataset uncovered: 484

No of labels after 2 iterations: 3

CLUSTER INDEX 1


#Rules before subsumption:  37516
#Rules after subsumption:   247
Subsumption time: 2.38766288757
Dataset uncovered: 2

No of labels after 1 iterations: 1

CLUSTER INDEX 2


#Rules before subsumption:  2578
#Rules after subsumption:   101
Subsumption time: 0.244918107986
Dataset uncovered: 136


#Rules before subsumption:  33
#Rules after subsumption:   9
Subsumption time: 0.00124597549438
Dataset uncovered: 82


#Rules before subsumption:  138
#Rules after subsumption:   8
Subsumption time: 0.00286793708801
Dataset uncovered: 62


#Rules before subsumption:  35
#Rules after subsumption:   6
Subsumption time: 0.000683069229126
Dataset uncovered: 46

No of labels after 4 iterations: 9

CLUSTER INDEX 3


#Rules before subsumption:  24869
#Rules after subsumption:   220
Subsumption time: 1.99083518982
Dataset uncovered: 3

No of labels after 1 iterations: 1

CLUSTER INDEX 4


#Rules before subsumption:  34603
#Rules after subsumption:   225
Subsumption time: 7.08979582787
Dataset uncovered: 27

No of labels after 1 iterations: 1

CLUSTER INDEX 5


#Rules before subsumption:  37287
#Rules after subsumption:   241
Subsumption time: 2.43791794777
Dataset uncovered: 10

No of labels after 1 iterations: 1

CLUSTER INDEX 6


#Rules before subsumption:  571
#Rules after subsumption:   37
Subsumption time: 0.0244359970093
Dataset uncovered: 100


#Rules before subsumption:  2086903
#Rules after subsumption:   21
Subsumption time: 46.3391449451
Dataset uncovered: 38

No of labels after 2 iterations: 10

CLUSTER INDEX 7


#Rules before subsumption:  11458
#Rules after subsumption:   61
Subsumption time: 0.643486976624
Dataset uncovered: 82


#Rules before subsumption:  100
#Rules after subsumption:   12
Subsumption time: 0.00177311897278
Dataset uncovered: 42

No of labels after 2 iterations: 7

CLUSTER INDEX 8


#Rules before subsumption:  248
#Rules after subsumption:   16
Subsumption time: 0.0294408798218
Dataset uncovered: 444


#Rules before subsumption:  8
#Rules after subsumption:   4
Subsumption time: 0.00162816047668
Dataset uncovered: 365


#Rules before subsumption:  4
#Rules after subsumption:   2
Subsumption time: 0.00116300582886
Dataset uncovered: 320


#Rules before subsumption:  0
#Rules after subsumption:   0
Subsumption time: 0.000417947769165
Dataset uncovered: 320

No of labels after 4 iterations: 6

CLUSTER INDEX 9


#Rules before subsumption:  6602
#Rules after subsumption:   87
Subsumption time: 0.517341136932
Dataset uncovered: 203


#Rules before subsumption:  1
#Rules after subsumption:   1
Subsumption time: 0.000422954559326
Dataset uncovered: 191


#Rules before subsumption:  3
#Rules after subsumption:   3
Subsumption time: 0.000610113143921
Dataset uncovered: 176


#Rules before subsumption:  0
#Rules after subsumption:   0
Subsumption time: 0.000259160995483
Dataset uncovered: 176

No of labels after 4 iterations: 4

CLUSTER INDEX 10


#Rules before subsumption:  143723
#Rules after subsumption:   86
Subsumption time: 0.972387075424
Dataset uncovered: 5

No of labels after 1 iterations: 3

CLUSTER INDEX 11


#Rules before subsumption:  5560
#Rules after subsumption:   130
Subsumption time: 0.51739192009
Dataset uncovered: 183


#Rules before subsumption:  11
#Rules after subsumption:   6
Subsumption time: 0.00118803977966
Dataset uncovered: 132


#Rules before subsumption:  33
#Rules after subsumption:   9
Subsumption time: 0.00154185295105
Dataset uncovered: 113


#Rules before subsumption:  45
#Rules after subsumption:   5
Subsumption time: 0.00133991241455
Dataset uncovered: 95


#Rules before subsumption:  0
#Rules after subsumption:   0
Subsumption time: 0.00017786026001
Dataset uncovered: 95

No of labels after 5 iterations: 6

CLUSTER INDEX 12


#Rules before subsumption:  1917
#Rules after subsumption:   69
Subsumption time: 0.245054006577
Dataset uncovered: 363


#Rules before subsumption:  280
#Rules after subsumption:   37
Subsumption time: 0.0226721763611
Dataset uncovered: 187


#Rules before subsumption:  20
#Rules after subsumption:   5
Subsumption time: 0.00116205215454
Dataset uncovered: 139


#Rules before subsumption:  18
#Rules after subsumption:   2
Subsumption time: 0.000994920730591
Dataset uncovered: 119


#Rules before subsumption:  0
#Rules after subsumption:   0
Subsumption time: 0.000233173370361
Dataset uncovered: 119

No of labels after 5 iterations: 7

CLUSTER INDEX 13


#Rules before subsumption:  6435
#Rules after subsumption:   216
Subsumption time: 0.464244127274
Dataset uncovered: 123


#Rules before subsumption:  2277
#Rules after subsumption:   43
Subsumption time: 0.0563790798187
Dataset uncovered: 50

No of labels after 2 iterations: 2

CLUSTER INDEX 14


#Rules before subsumption:  3731
#Rules after subsumption:   137
Subsumption time: 0.419294118881
Dataset uncovered: 47

No of labels after 1 iterations: 1

CLUSTER INDEX 15


#Rules before subsumption:  510
#Rules after subsumption:   99
Subsumption time: 0.047553062439
Dataset uncovered: 114


#Rules before subsumption:  55
#Rules after subsumption:   11
Subsumption time: 0.00145292282104
Dataset uncovered: 74


#Rules before subsumption:  6
#Rules after subsumption:   2
Subsumption time: 0.000283002853394
Dataset uncovered: 66


#Rules before subsumption:  135
#Rules after subsumption:   4
Subsumption time: 0.00188803672791
Dataset uncovered: 53


#Rules before subsumption:  5
#Rules after subsumption:   5
Subsumption time: 0.000216007232666
Dataset uncovered: 38

No of labels after 5 iterations: 10
Training Time: 526.986284971 

Accuracy by one match: 0.77620521893
Accuracy by one-to-one matching: 0.771524399233
F-measure:  0.709383058917
Accuracy by one match: 0.791685095091
Accuracy by one-to-one matching: 0.780429013711
F-measure:  0.675862068966

Testing Time: 16.5524299145 

Total Execution Time: 544.288400888
