./apriori - find frequent item sets with the apriori algorithm
version 6.5 (2013.11.12)         (c) 1996-2013   Christian Borgelt
reading input-s10m3-c70Kmeans_clusters_16.txt.tmp ... [1175 item(s), 929 transaction(s)] done [0.00s].
filtering, sorting and recoding items ... [160 item(s)] done [0.00s].
sorting and reducing transactions ... [882/929 transaction(s)] done [0.00s].
writing rules-s10m3-c70Kmeans_clusters_16.txt.tmp ... [96 rule(s)] done [0.00s].
./apriori - find frequent item sets with the apriori algorithm
version 6.5 (2013.11.12)         (c) 1996-2013   Christian Borgelt
reading input-s10m3-c70Kmeans_clusters_16.txt.tmp ... [1155 item(s), 667 transaction(s)] done [0.00s].
filtering, sorting and recoding items ... [151 item(s)] done [0.00s].
sorting and reducing transactions ... [621/667 transaction(s)] done [0.00s].
writing rules-s10m3-c70Kmeans_clusters_16.txt.tmp ... [121 rule(s)] done [0.00s].
./apriori - find frequent item sets with the apriori algorithm
version 6.5 (2013.11.12)         (c) 1996-2013   Christian Borgelt
reading input-s10m3-c70Kmeans_clusters_16.txt.tmp ... [1144 item(s), 505 transaction(s)] done [0.00s].
filtering, sorting and recoding items ... [132 item(s)] done [0.00s].
sorting and reducing transactions ... [460/505 transaction(s)] done [0.00s].
writing rules-s10m3-c70Kmeans_clusters_16.txt.tmp ... [14 rule(s)] done [0.00s].
./apriori - find frequent item sets with the apriori algorithm
version 6.5 (2013.11.12)         (c) 1996-2013   Christian Borgelt
reading input-s10m3-c70Kmeans_clusters_16.txt.tmp ... [691 item(s), 481 transaction(s)] done [0.00s].
filtering, sorting and recoding items ... [46 item(s)] done [0.00s].
sorting and reducing transactions ... [463/481 transaction(s)] done [0.00s].
writing rules-s10m3-c70Kmeans_clusters_16.txt.tmp ... [174857 rule(s)] done [0.21s].
./apriori - find frequent item sets with the apriori algorithm
version 6.5 (2013.11.12)         (c) 1996-2013   Christian Borgelt
reading input-s10m3-c70Kmeans_clusters_16.txt.tmp ... [1177 item(s), 557 transaction(s)] done [0.00s].
filtering, sorting and recoding items ... [185 item(s)] done [0.00s].
sorting and reducing transactions ... [545/557 transaction(s)] done [0.00s].
writing rules-s10m3-c70Kmeans_clusters_16.txt.tmp ... [3414 rule(s)] done [0.01s].
./apriori - find frequent item sets with the apriori algorithm
version 6.5 (2013.11.12)         (c) 1996-2013   Christian Borgelt
reading input-s10m3-c70Kmeans_clusters_16.txt.tmp ... [1044 item(s), 168 transaction(s)] done [0.00s].
filtering, sorting and recoding items ... [164 item(s)] done [0.00s].
sorting and reducing transactions ... [166/168 transaction(s)] done [0.00s].
writing rules-s10m3-c70Kmeans_clusters_16.txt.tmp ... [3932 rule(s)] done [0.00s].
./apriori - find frequent item sets with the apriori algorithm
version 6.5 (2013.11.12)         (c) 1996-2013   Christian Borgelt
reading input-s10m3-c70Kmeans_clusters_16.txt.tmp ... [892 item(s), 95 transaction(s)] done [0.00s].
filtering, sorting and recoding items ... [154 item(s)] done [0.00s].
sorting and reducing transactions ... [93/95 transaction(s)] done [0.00s].
writing rules-s10m3-c70Kmeans_clusters_16.txt.tmp ... [1485 rule(s)] done [0.00s].
./apriori - find frequent item sets with the apriori algorithm
version 6.5 (2013.11.12)         (c) 1996-2013   Christian Borgelt
reading input-s10m3-c70Kmeans_clusters_16.txt.tmp ... [764 item(s), 63 transaction(s)] done [0.00s].
filtering, sorting and recoding items ... [138 item(s)] done [0.00s].
sorting and reducing transactions ... [62/63 transaction(s)] done [0.00s].
writing rules-s10m3-c70Kmeans_clusters_16.txt.tmp ... [2191 rule(s)] done [0.00s].
./apriori - find frequent item sets with the apriori algorithm
version 6.5 (2013.11.12)         (c) 1996-2013   Christian Borgelt
reading input-s10m3-c70Kmeans_clusters_16.txt.tmp ... [556 item(s), 820 transaction(s)] done [0.00s].
filtering, sorting and recoding items ... [40 item(s)] done [0.00s].
sorting and reducing transactions ... [686/820 transaction(s)] done [0.00s].
writing rules-s10m3-c70Kmeans_clusters_16.txt.tmp ... [114973 rule(s)] done [0.17s].
./apriori - find frequent item sets with the apriori algorithm
version 6.5 (2013.11.12)         (c) 1996-2013   Christian Borgelt
reading input-s10m3-c70Kmeans_clusters_16.txt.tmp ... [984 item(s), 433 transaction(s)] done [0.00s].
filtering, sorting and recoding items ... [89 item(s)] done [0.00s].
sorting and reducing transactions ... [425/433 transaction(s)] done [0.00s].
writing rules-s10m3-c70Kmeans_clusters_16.txt.tmp ... [135167 rule(s)] done [0.19s].
./apriori - find frequent item sets with the apriori algorithm
version 6.5 (2013.11.12)         (c) 1996-2013   Christian Borgelt
reading input-s10m3-c70Kmeans_clusters_16.txt.tmp ... [567 item(s), 620 transaction(s)] done [0.00s].
filtering, sorting and recoding items ... [42 item(s)] done [0.00s].
sorting and reducing transactions ... [562/620 transaction(s)] done [0.00s].
writing rules-s10m3-c70Kmeans_clusters_16.txt.tmp ... [173274 rule(s)] done [0.24s].
./apriori - find frequent item sets with the apriori algorithm
version 6.5 (2013.11.12)         (c) 1996-2013   Christian Borgelt
reading input-s10m3-c70Kmeans_clusters_16.txt.tmp ... [1065 item(s), 301 transaction(s)] done [0.00s].
filtering, sorting and recoding items ... [153 item(s)] done [0.00s].
sorting and reducing transactions ... [282/301 transaction(s)] done [0.00s].
writing rules-s10m3-c70Kmeans_clusters_16.txt.tmp ... [1527 rule(s)] done [0.00s].
./apriori - find frequent item sets with the apriori algorithm
version 6.5 (2013.11.12)         (c) 1996-2013   Christian Borgelt
reading input-s10m3-c70Kmeans_clusters_16.txt.tmp ... [906 item(s), 116 transaction(s)] done [0.00s].
filtering, sorting and recoding items ... [147 item(s)] done [0.00s].
sorting and reducing transactions ... [108/116 transaction(s)] done [0.00s].
writing rules-s10m3-c70Kmeans_clusters_16.txt.tmp ... [6249 rule(s)] done [0.00s].
./apriori - find frequent item sets with the apriori algorithm
version 6.5 (2013.11.12)         (c) 1996-2013   Christian Borgelt
reading input-s10m3-c70Kmeans_clusters_16.txt.tmp ... [844 item(s), 71 transaction(s)] done [0.00s].
filtering, sorting and recoding items ... [225 item(s)] done [0.00s].
sorting and reducing transactions ... [69/71 transaction(s)] done [0.00s].
writing rules-s10m3-c70Kmeans_clusters_16.txt.tmp ... [3239 rule(s)] done [0.00s].
./apriori - find frequent item sets with the apriori algorithm
version 6.5 (2013.11.12)         (c) 1996-2013   Christian Borgelt
reading input-s10m3-c70Kmeans_clusters_16.txt.tmp ... [763 item(s), 63 transaction(s)] done [0.00s].
filtering, sorting and recoding items ... [163 item(s)] done [0.00s].
sorting and reducing transactions ... [61/63 transaction(s)] done [0.00s].
writing rules-s10m3-c70Kmeans_clusters_16.txt.tmp ... [1242 rule(s)] done [0.00s].
./apriori - find frequent item sets with the apriori algorithm
version 6.5 (2013.11.12)         (c) 1996-2013   Christian Borgelt
reading input-s10m3-c70Kmeans_clusters_16.txt.tmp ... [631 item(s), 51 transaction(s)] done [0.00s].
filtering, sorting and recoding items ... [129 item(s)] done [0.00s].
sorting and reducing transactions ... [49/51 transaction(s)] done [0.00s].
writing rules-s10m3-c70Kmeans_clusters_16.txt.tmp ... [267 rule(s)] done [0.00s].
./apriori - find frequent item sets with the apriori algorithm
version 6.5 (2013.11.12)         (c) 1996-2013   Christian Borgelt
reading input-s10m3-c70Kmeans_clusters_16.txt.tmp ... [1041 item(s), 368 transaction(s)] done [0.00s].
filtering, sorting and recoding items ... [110 item(s)] done [0.00s].
sorting and reducing transactions ... [340/368 transaction(s)] done [0.00s].
writing rules-s10m3-c70Kmeans_clusters_16.txt.tmp ... [32069 rule(s)] done [0.05s].
./apriori - find frequent item sets with the apriori algorithm
version 6.5 (2013.11.12)         (c) 1996-2013   Christian Borgelt
reading input-s10m3-c70Kmeans_clusters_16.txt.tmp ... [907 item(s), 144 transaction(s)] done [0.00s].
filtering, sorting and recoding items ... [110 item(s)] done [0.00s].
sorting and reducing transactions ... [133/144 transaction(s)] done [0.00s].
writing rules-s10m3-c70Kmeans_clusters_16.txt.tmp ... [995 rule(s)] done [0.00s].
./apriori - find frequent item sets with the apriori algorithm
version 6.5 (2013.11.12)         (c) 1996-2013   Christian Borgelt
reading input-s10m3-c70Kmeans_clusters_16.txt.tmp ... [639 item(s), 56 transaction(s)] done [0.00s].
filtering, sorting and recoding items ... [145 item(s)] done [0.00s].
sorting and reducing transactions ... [56 transaction(s)] done [0.00s].
writing rules-s10m3-c70Kmeans_clusters_16.txt.tmp ... [422 rule(s)] done [0.00s].
./apriori - find frequent item sets with the apriori algorithm
version 6.5 (2013.11.12)         (c) 1996-2013   Christian Borgelt
reading input-s10m3-c70Kmeans_clusters_16.txt.tmp ... [1160 item(s), 559 transaction(s)] done [0.00s].
filtering, sorting and recoding items ... [139 item(s)] done [0.00s].
sorting and reducing transactions ... [528/559 transaction(s)] done [0.00s].
writing rules-s10m3-c70Kmeans_clusters_16.txt.tmp ... [1772 rule(s)] done [0.00s].
./apriori - find frequent item sets with the apriori algorithm
version 6.5 (2013.11.12)         (c) 1996-2013   Christian Borgelt
reading input-s10m3-c70Kmeans_clusters_16.txt.tmp ... [1119 item(s), 476 transaction(s)] done [0.00s].
filtering, sorting and recoding items ... [102 item(s)] done [0.00s].
sorting and reducing transactions ... [442/476 transaction(s)] done [0.00s].
writing rules-s10m3-c70Kmeans_clusters_16.txt.tmp ... [891 rule(s)] done [0.00s].
./apriori - find frequent item sets with the apriori algorithm
version 6.5 (2013.11.12)         (c) 1996-2013   Christian Borgelt
reading input-s10m3-c70Kmeans_clusters_16.txt.tmp ... [1101 item(s), 397 transaction(s)] done [0.00s].
filtering, sorting and recoding items ... [111 item(s)] done [0.00s].
sorting and reducing transactions ... [380/397 transaction(s)] done [0.00s].
writing rules-s10m3-c70Kmeans_clusters_16.txt.tmp ... [945 rule(s)] done [0.00s].
./apriori - find frequent item sets with the apriori algorithm
version 6.5 (2013.11.12)         (c) 1996-2013   Christian Borgelt
reading input-s10m3-c70Kmeans_clusters_16.txt.tmp ... [1085 item(s), 334 transaction(s)] done [0.00s].
filtering, sorting and recoding items ... [107 item(s)] done [0.00s].
sorting and reducing transactions ... [320/334 transaction(s)] done [0.00s].
writing rules-s10m3-c70Kmeans_clusters_16.txt.tmp ... [355 rule(s)] done [0.00s].
./apriori - find frequent item sets with the apriori algorithm
version 6.5 (2013.11.12)         (c) 1996-2013   Christian Borgelt
reading input-s10m3-c70Kmeans_clusters_16.txt.tmp ... [1158 item(s), 501 transaction(s)] done [0.00s].
filtering, sorting and recoding items ... [262 item(s)] done [0.00s].
sorting and reducing transactions ... [484/501 transaction(s)] done [0.00s].
writing rules-s10m3-c70Kmeans_clusters_16.txt.tmp ... [8944 rule(s)] done [0.03s].
./apriori - find frequent item sets with the apriori algorithm
version 6.5 (2013.11.12)         (c) 1996-2013   Christian Borgelt
reading input-s10m3-c70Kmeans_clusters_16.txt.tmp ... [1128 item(s), 225 transaction(s)] done [0.00s].
filtering, sorting and recoding items ... [236 item(s)] done [0.00s].
sorting and reducing transactions ... [217/225 transaction(s)] done [0.00s].
writing rules-s10m3-c70Kmeans_clusters_16.txt.tmp ... [933 rule(s)] done [0.00s].
./apriori - find frequent item sets with the apriori algorithm
version 6.5 (2013.11.12)         (c) 1996-2013   Christian Borgelt
reading input-s10m3-c70Kmeans_clusters_16.txt.tmp ... [1114 item(s), 194 transaction(s)] done [0.00s].
filtering, sorting and recoding items ... [207 item(s)] done [0.00s].
sorting and reducing transactions ... [188/194 transaction(s)] done [0.00s].
writing rules-s10m3-c70Kmeans_clusters_16.txt.tmp ... [210 rule(s)] done [0.00s].
./apriori - find frequent item sets with the apriori algorithm
version 6.5 (2013.11.12)         (c) 1996-2013   Christian Borgelt
reading input-s10m3-c70Kmeans_clusters_16.txt.tmp ... [603 item(s), 261 transaction(s)] done [0.00s].
filtering, sorting and recoding items ... [62 item(s)] done [0.00s].
sorting and reducing transactions ... [238/261 transaction(s)] done [0.00s].
writing rules-s10m3-c70Kmeans_clusters_16.txt.tmp ... [51236 rule(s)] done [0.07s].
./apriori - find frequent item sets with the apriori algorithm
version 6.5 (2013.11.12)         (c) 1996-2013   Christian Borgelt
reading input-s10m3-c70Kmeans_clusters_16.txt.tmp ... [1172 item(s), 702 transaction(s)] done [0.00s].
filtering, sorting and recoding items ... [220 item(s)] done [0.00s].
sorting and reducing transactions ... [652/702 transaction(s)] done [0.00s].
writing rules-s10m3-c70Kmeans_clusters_16.txt.tmp ... [13150 rule(s)] done [0.03s].
./apriori - find frequent item sets with the apriori algorithm
version 6.5 (2013.11.12)         (c) 1996-2013   Christian Borgelt
reading input-s10m3-c70Kmeans_clusters_16.txt.tmp ... [1067 item(s), 183 transaction(s)] done [0.00s].
filtering, sorting and recoding items ... [202 item(s)] done [0.00s].
sorting and reducing transactions ... [180/183 transaction(s)] done [0.00s].
writing rules-s10m3-c70Kmeans_clusters_16.txt.tmp ... [1031 rule(s)] done [0.00s].
./apriori - find frequent item sets with the apriori algorithm
version 6.5 (2013.11.12)         (c) 1996-2013   Christian Borgelt
reading input-s10m3-c70Kmeans_clusters_16.txt.tmp ... [1045 item(s), 144 transaction(s)] done [0.00s].
filtering, sorting and recoding items ... [199 item(s)] done [0.00s].
sorting and reducing transactions ... [142/144 transaction(s)] done [0.00s].
writing rules-s10m3-c70Kmeans_clusters_16.txt.tmp ... [2064 rule(s)] done [0.00s].
./apriori - find frequent item sets with the apriori algorithm
version 6.5 (2013.11.12)         (c) 1996-2013   Christian Borgelt
reading input-s10m3-c70Kmeans_clusters_16.txt.tmp ... [1017 item(s), 117 transaction(s)] done [0.00s].
filtering, sorting and recoding items ... [200 item(s)] done [0.00s].
sorting and reducing transactions ... [116/117 transaction(s)] done [0.00s].
writing rules-s10m3-c70Kmeans_clusters_16.txt.tmp ... [2350 rule(s)] done [0.00s].
./apriori - find frequent item sets with the apriori algorithm
version 6.5 (2013.11.12)         (c) 1996-2013   Christian Borgelt
reading input-s10m3-c70Kmeans_clusters_16.txt.tmp ... [1190 item(s), 634 transaction(s)] done [0.00s].
filtering, sorting and recoding items ... [148 item(s)] done [0.00s].
sorting and reducing transactions ... [608/634 transaction(s)] done [0.00s].
writing rules-s10m3-c70Kmeans_clusters_16.txt.tmp ... [4087 rule(s)] done [0.01s].
./apriori - find frequent item sets with the apriori algorithm
version 6.5 (2013.11.12)         (c) 1996-2013   Christian Borgelt
reading input-s10m3-c70Kmeans_clusters_16.txt.tmp ... [1122 item(s), 308 transaction(s)] done [0.00s].
filtering, sorting and recoding items ... [142 item(s)] done [0.00s].
sorting and reducing transactions ... [289/308 transaction(s)] done [0.00s].
writing rules-s10m3-c70Kmeans_clusters_16.txt.tmp ... [293 rule(s)] done [0.00s].
./apriori - find frequent item sets with the apriori algorithm
version 6.5 (2013.11.12)         (c) 1996-2013   Christian Borgelt
reading input-s10m3-c70Kmeans_clusters_16.txt.tmp ... [1063 item(s), 199 transaction(s)] done [0.00s].
filtering, sorting and recoding items ... [144 item(s)] done [0.00s].
sorting and reducing transactions ... [189/199 transaction(s)] done [0.00s].
writing rules-s10m3-c70Kmeans_clusters_16.txt.tmp ... [241 rule(s)] done [0.00s].
./apriori - find frequent item sets with the apriori algorithm
version 6.5 (2013.11.12)         (c) 1996-2013   Christian Borgelt
reading input-s10m3-c70Kmeans_clusters_16.txt.tmp ... [1030 item(s), 155 transaction(s)] done [0.00s].
filtering, sorting and recoding items ... [150 item(s)] done [0.00s].
sorting and reducing transactions ... [153/155 transaction(s)] done [0.00s].
writing rules-s10m3-c70Kmeans_clusters_16.txt.tmp ... [343 rule(s)] done [0.00s].
./apriori - find frequent item sets with the apriori algorithm
version 6.5 (2013.11.12)         (c) 1996-2013   Christian Borgelt
reading input-s10m3-c70Kmeans_clusters_16.txt.tmp ... [1121 item(s), 730 transaction(s)] done [0.00s].
filtering, sorting and recoding items ... [147 item(s)] done [0.00s].
sorting and reducing transactions ... [726/730 transaction(s)] done [0.00s].
writing rules-s10m3-c70Kmeans_clusters_16.txt.tmp ... [12934 rule(s)] done [0.03s].
./apriori - find frequent item sets with the apriori algorithm
version 6.5 (2013.11.12)         (c) 1996-2013   Christian Borgelt
reading input-s10m3-c70Kmeans_clusters_16.txt.tmp ... [902 item(s), 126 transaction(s)] done [0.00s].
filtering, sorting and recoding items ... [119 item(s)] done [0.00s].
sorting and reducing transactions ... [122/126 transaction(s)] done [0.00s].
writing rules-s10m3-c70Kmeans_clusters_16.txt.tmp ... [3118 rule(s)] done [0.00s].
./apriori - find frequent item sets with the apriori algorithm
version 6.5 (2013.11.12)         (c) 1996-2013   Christian Borgelt
reading input-s10m3-c70Kmeans_clusters_16.txt.tmp ... [591 item(s), 53 transaction(s)] done [0.00s].
filtering, sorting and recoding items ... [95 item(s)] done [0.00s].
sorting and reducing transactions ... [49/53 transaction(s)] done [0.00s].
writing rules-s10m3-c70Kmeans_clusters_16.txt.tmp ... [10 rule(s)] done [0.00s].
./apriori - find frequent item sets with the apriori algorithm
version 6.5 (2013.11.12)         (c) 1996-2013   Christian Borgelt
reading input-s10m3-c70Kmeans_clusters_16.txt.tmp ... [644 item(s), 437 transaction(s)] done [0.00s].
filtering, sorting and recoding items ... [38 item(s)] done [0.00s].
sorting and reducing transactions ... [341/437 transaction(s)] done [0.00s].
writing rules-s10m3-c70Kmeans_clusters_16.txt.tmp ... [20961 rule(s)] done [0.02s].
./apriori - find frequent item sets with the apriori algorithm
version 6.5 (2013.11.12)         (c) 1996-2013   Christian Borgelt
reading input-s10m3-c70Kmeans_clusters_16.txt.tmp ... [1073 item(s), 711 transaction(s)] done [0.00s].
filtering, sorting and recoding items ... [62 item(s)] done [0.00s].
sorting and reducing transactions ... [688/711 transaction(s)] done [0.00s].
writing rules-s10m3-c70Kmeans_clusters_16.txt.tmp ... [395 rule(s)] done [0.00s].
./apriori - find frequent item sets with the apriori algorithm
version 6.5 (2013.11.12)         (c) 1996-2013   Christian Borgelt
reading input-s10m3-c70Kmeans_clusters_16.txt.tmp ... [790 item(s), 116 transaction(s)] done [0.00s].
filtering, sorting and recoding items ... [87 item(s)] done [0.00s].
sorting and reducing transactions ... [109/116 transaction(s)] done [0.00s].
writing rules-s10m3-c70Kmeans_clusters_16.txt.tmp ... [170 rule(s)] done [0.00s].
./apriori - find frequent item sets with the apriori algorithm
version 6.5 (2013.11.12)         (c) 1996-2013   Christian Borgelt
reading input-s10m3-c70Kmeans_clusters_16.txt.tmp ... [745 item(s), 97 transaction(s)] done [0.00s].
filtering, sorting and recoding items ... [96 item(s)] done [0.00s].
sorting and reducing transactions ... [93/97 transaction(s)] done [0.00s].
writing rules-s10m3-c70Kmeans_clusters_16.txt.tmp ... [218 rule(s)] done [0.00s].
./apriori - find frequent item sets with the apriori algorithm
version 6.5 (2013.11.12)         (c) 1996-2013   Christian Borgelt
reading input-s10m3-c70Kmeans_clusters_16.txt.tmp ... [672 item(s), 86 transaction(s)] done [0.00s].
filtering, sorting and recoding items ... [76 item(s)] done [0.00s].
sorting and reducing transactions ... [78/86 transaction(s)] done [0.00s].
writing rules-s10m3-c70Kmeans_clusters_16.txt.tmp ... [68 rule(s)] done [0.00s].
Train size: 9044 | Test Size: 2261

CLUSTER INDEX 0


#Rules before subsumption:  14
#Rules after subsumption:   9
Subsumption time: 0.00531411170959
Dataset uncovered: 667


#Rules before subsumption:  3
#Rules after subsumption:   3
Subsumption time: 0.00141501426697
Dataset uncovered: 505


#Rules before subsumption:  0
#Rules after subsumption:   0
Subsumption time: 0.000478029251099
Dataset uncovered: 505

No of labels after 3 iterations: 3

CLUSTER INDEX 1


#Rules before subsumption:  14807
#Rules after subsumption:   201
Subsumption time: 0.940583944321
Dataset uncovered: 2

No of labels after 1 iterations: 1

CLUSTER INDEX 2


#Rules before subsumption:  680
#Rules after subsumption:   67
Subsumption time: 0.0891020298004
Dataset uncovered: 168


#Rules before subsumption:  478
#Rules after subsumption:   13
Subsumption time: 0.0160610675812
Dataset uncovered: 95


#Rules before subsumption:  35
#Rules after subsumption:   6
Subsumption time: 0.000852823257446
Dataset uncovered: 63


#Rules before subsumption:  11
#Rules after subsumption:   5
Subsumption time: 0.000349044799805
Dataset uncovered: 43

No of labels after 4 iterations: 8

CLUSTER INDEX 3


#Rules before subsumption:  11202
#Rules after subsumption:   170
Subsumption time: 0.836673021317
Dataset uncovered: 3

No of labels after 1 iterations: 1

CLUSTER INDEX 4


#Rules before subsumption:  9806
#Rules after subsumption:   179
Subsumption time: 2.0654540062
Dataset uncovered: 28

No of labels after 1 iterations: 1

CLUSTER INDEX 5


#Rules before subsumption:  15628
#Rules after subsumption:   202
Subsumption time: 0.852977991104
Dataset uncovered: 10

No of labels after 1 iterations: 1

CLUSTER INDEX 6


#Rules before subsumption:  178
#Rules after subsumption:   22
Subsumption time: 0.00933003425598
Dataset uncovered: 116


#Rules before subsumption:  46
#Rules after subsumption:   7
Subsumption time: 0.00154900550842
Dataset uncovered: 71


#Rules before subsumption:  42
#Rules after subsumption:   3
Subsumption time: 0.000872850418091
Dataset uncovered: 63


#Rules before subsumption:  5
#Rules after subsumption:   2
Subsumption time: 0.000231981277466
Dataset uncovered: 51


#Rules before subsumption:  1
#Rules after subsumption:   1
Subsumption time: 0.000132083892822
Dataset uncovered: 44

No of labels after 5 iterations: 10

CLUSTER INDEX 7


#Rules before subsumption:  2108
#Rules after subsumption:   32
Subsumption time: 0.108780145645
Dataset uncovered: 144


#Rules before subsumption:  103
#Rules after subsumption:   14
Subsumption time: 0.00230121612549
Dataset uncovered: 56


#Rules before subsumption:  0
#Rules after subsumption:   0
Subsumption time: 0.000113010406494
Dataset uncovered: 56

No of labels after 3 iterations: 5

CLUSTER INDEX 8


#Rules before subsumption:  38
#Rules after subsumption:   6
Subsumption time: 0.00574111938477
Dataset uncovered: 476


#Rules before subsumption:  3
#Rules after subsumption:   2
Subsumption time: 0.00105309486389
Dataset uncovered: 397


#Rules before subsumption:  3
#Rules after subsumption:   2
Subsumption time: 0.000902891159058
Dataset uncovered: 334


#Rules before subsumption:  0
#Rules after subsumption:   0
Subsumption time: 0.00039005279541
Dataset uncovered: 334

No of labels after 4 iterations: 5

CLUSTER INDEX 9


#Rules before subsumption:  1818
#Rules after subsumption:   62
Subsumption time: 0.134944915771
Dataset uncovered: 225


#Rules before subsumption:  13
#Rules after subsumption:   7
Subsumption time: 0.00131392478943
Dataset uncovered: 194


#Rules before subsumption:  0
#Rules after subsumption:   0
Subsumption time: 0.000262975692749
Dataset uncovered: 194

No of labels after 3 iterations: 2

CLUSTER INDEX 10


#Rules before subsumption:  6295
#Rules after subsumption:   69
Subsumption time: 0.123003005981
Dataset uncovered: 5

No of labels after 1 iterations: 3

CLUSTER INDEX 11


#Rules before subsumption:  1188
#Rules after subsumption:   91
Subsumption time: 0.118277072906
Dataset uncovered: 183


#Rules before subsumption:  5
#Rules after subsumption:   4
Subsumption time: 0.000643014907837
Dataset uncovered: 144


#Rules before subsumption:  4
#Rules after subsumption:   2
Subsumption time: 0.000464916229248
Dataset uncovered: 117


#Rules before subsumption:  0
#Rules after subsumption:   0
Subsumption time: 0.000180959701538
Dataset uncovered: 117

No of labels after 4 iterations: 4

CLUSTER INDEX 12


#Rules before subsumption:  684
#Rules after subsumption:   40
Subsumption time: 0.0796918869019
Dataset uncovered: 308


#Rules before subsumption:  30
#Rules after subsumption:   10
Subsumption time: 0.00319194793701
Dataset uncovered: 199


#Rules before subsumption:  3
#Rules after subsumption:   3
Subsumption time: 0.000529050827026
Dataset uncovered: 155


#Rules before subsumption:  0
#Rules after subsumption:   0
Subsumption time: 0.000233888626099
Dataset uncovered: 155

No of labels after 4 iterations: 5

CLUSTER INDEX 13


#Rules before subsumption:  1971
#Rules after subsumption:   104
Subsumption time: 0.147930145264
Dataset uncovered: 126


#Rules before subsumption:  487
#Rules after subsumption:   34
Subsumption time: 0.0111439228058
Dataset uncovered: 53


#Rules before subsumption:  1
#Rules after subsumption:   1
Subsumption time: 0.000131130218506
Dataset uncovered: 47

No of labels after 3 iterations: 3

CLUSTER INDEX 14


#Rules before subsumption:  2332
#Rules after subsumption:   117
Subsumption time: 0.288579940796
Dataset uncovered: 49

No of labels after 1 iterations: 1

CLUSTER INDEX 15


#Rules before subsumption:  194
#Rules after subsumption:   59
Subsumption time: 0.0195379257202
Dataset uncovered: 116


#Rules before subsumption:  6
#Rules after subsumption:   3
Subsumption time: 0.000391960144043
Dataset uncovered: 97


#Rules before subsumption:  4
#Rules after subsumption:   3
Subsumption time: 0.000314950942993
Dataset uncovered: 86


#Rules before subsumption:  0
#Rules after subsumption:   0
Subsumption time: 0.000142097473145
Dataset uncovered: 86

No of labels after 4 iterations: 3
Training Time: 15.001502037 

Accuracy by one match: 0.78283945157
Accuracy by one-to-one matching: 0.777274067522
F-measure:  0.712398974966
Accuracy by one match: 0.795223352499
Accuracy by one-to-one matching: 0.779161138139
F-measure:  0.672211173386

Testing Time: 16.1858181953 

Total Execution Time: 31.7326178551
