./apriori - find frequent item sets with the apriori algorithm
version 6.5 (2013.11.12)         (c) 1996-2013   Christian Borgelt
reading input-s7m3-c90Kmeans_clusters_16.txt.tmp ... [1175 item(s), 929 transaction(s)] done [0.00s].
filtering, sorting and recoding items ... [183 item(s)] done [0.00s].
sorting and reducing transactions ... [882/929 transaction(s)] done [0.00s].
writing rules-s7m3-c90Kmeans_clusters_16.txt.tmp ... [83 rule(s)] done [0.00s].
./apriori - find frequent item sets with the apriori algorithm
version 6.5 (2013.11.12)         (c) 1996-2013   Christian Borgelt
reading input-s7m3-c90Kmeans_clusters_16.txt.tmp ... [1146 item(s), 508 transaction(s)] done [0.00s].
filtering, sorting and recoding items ... [163 item(s)] done [0.00s].
sorting and reducing transactions ... [467/508 transaction(s)] done [0.00s].
writing rules-s7m3-c90Kmeans_clusters_16.txt.tmp ... [8 rule(s)] done [0.00s].
./apriori - find frequent item sets with the apriori algorithm
version 6.5 (2013.11.12)         (c) 1996-2013   Christian Borgelt
reading input-s7m3-c90Kmeans_clusters_16.txt.tmp ... [691 item(s), 481 transaction(s)] done [0.00s].
filtering, sorting and recoding items ... [51 item(s)] done [0.00s].
sorting and reducing transactions ... [468/481 transaction(s)] done [0.00s].
writing rules-s7m3-c90Kmeans_clusters_16.txt.tmp ... [272533 rule(s)] done [0.33s].
./apriori - find frequent item sets with the apriori algorithm
version 6.5 (2013.11.12)         (c) 1996-2013   Christian Borgelt
reading input-s7m3-c90Kmeans_clusters_16.txt.tmp ... [1177 item(s), 557 transaction(s)] done [0.00s].
filtering, sorting and recoding items ... [200 item(s)] done [0.00s].
sorting and reducing transactions ... [545/557 transaction(s)] done [0.00s].
writing rules-s7m3-c90Kmeans_clusters_16.txt.tmp ... [4847 rule(s)] done [0.01s].
./apriori - find frequent item sets with the apriori algorithm
version 6.5 (2013.11.12)         (c) 1996-2013   Christian Borgelt
reading input-s7m3-c90Kmeans_clusters_16.txt.tmp ... [1074 item(s), 189 transaction(s)] done [0.00s].
filtering, sorting and recoding items ... [178 item(s)] done [0.00s].
sorting and reducing transactions ... [186/189 transaction(s)] done [0.00s].
writing rules-s7m3-c90Kmeans_clusters_16.txt.tmp ... [5639 rule(s)] done [0.00s].
./apriori - find frequent item sets with the apriori algorithm
version 6.5 (2013.11.12)         (c) 1996-2013   Christian Borgelt
reading input-s7m3-c90Kmeans_clusters_16.txt.tmp ... [950 item(s), 123 transaction(s)] done [0.00s].
filtering, sorting and recoding items ... [164 item(s)] done [0.00s].
sorting and reducing transactions ... [120/123 transaction(s)] done [0.00s].
writing rules-s7m3-c90Kmeans_clusters_16.txt.tmp ... [503 rule(s)] done [0.00s].
./apriori - find frequent item sets with the apriori algorithm
version 6.5 (2013.11.12)         (c) 1996-2013   Christian Borgelt
reading input-s7m3-c90Kmeans_clusters_16.txt.tmp ... [929 item(s), 110 transaction(s)] done [0.00s].
filtering, sorting and recoding items ... [180 item(s)] done [0.00s].
sorting and reducing transactions ... [108/110 transaction(s)] done [0.00s].
writing rules-s7m3-c90Kmeans_clusters_16.txt.tmp ... [526 rule(s)] done [0.00s].
./apriori - find frequent item sets with the apriori algorithm
version 6.5 (2013.11.12)         (c) 1996-2013   Christian Borgelt
reading input-s7m3-c90Kmeans_clusters_16.txt.tmp ... [556 item(s), 820 transaction(s)] done [0.00s].
filtering, sorting and recoding items ... [47 item(s)] done [0.00s].
sorting and reducing transactions ... [708/820 transaction(s)] done [0.00s].
writing rules-s7m3-c90Kmeans_clusters_16.txt.tmp ... [212646 rule(s)] done [0.26s].
./apriori - find frequent item sets with the apriori algorithm
version 6.5 (2013.11.12)         (c) 1996-2013   Christian Borgelt
reading input-s7m3-c90Kmeans_clusters_16.txt.tmp ... [984 item(s), 433 transaction(s)] done [0.00s].
filtering, sorting and recoding items ... [97 item(s)] done [0.00s].
sorting and reducing transactions ... [425/433 transaction(s)] done [0.00s].
writing rules-s7m3-c90Kmeans_clusters_16.txt.tmp ... [232556 rule(s)] done [0.31s].
./apriori - find frequent item sets with the apriori algorithm
version 6.5 (2013.11.12)         (c) 1996-2013   Christian Borgelt
reading input-s7m3-c90Kmeans_clusters_16.txt.tmp ... [567 item(s), 620 transaction(s)] done [0.00s].
filtering, sorting and recoding items ... [44 item(s)] done [0.00s].
sorting and reducing transactions ... [563/620 transaction(s)] done [0.00s].
writing rules-s7m3-c90Kmeans_clusters_16.txt.tmp ... [295853 rule(s)] done [0.37s].
./apriori - find frequent item sets with the apriori algorithm
version 6.5 (2013.11.12)         (c) 1996-2013   Christian Borgelt
reading input-s7m3-c90Kmeans_clusters_16.txt.tmp ... [1065 item(s), 301 transaction(s)] done [0.00s].
filtering, sorting and recoding items ... [172 item(s)] done [0.00s].
sorting and reducing transactions ... [285/301 transaction(s)] done [0.00s].
writing rules-s7m3-c90Kmeans_clusters_16.txt.tmp ... [2526 rule(s)] done [0.00s].
./apriori - find frequent item sets with the apriori algorithm
version 6.5 (2013.11.12)         (c) 1996-2013   Christian Borgelt
reading input-s7m3-c90Kmeans_clusters_16.txt.tmp ... [966 item(s), 156 transaction(s)] done [0.00s].
filtering, sorting and recoding items ... [180 item(s)] done [0.00s].
sorting and reducing transactions ... [147/156 transaction(s)] done [0.00s].
writing rules-s7m3-c90Kmeans_clusters_16.txt.tmp ... [6502 rule(s)] done [0.01s].
./apriori - find frequent item sets with the apriori algorithm
version 6.5 (2013.11.12)         (c) 1996-2013   Christian Borgelt
reading input-s7m3-c90Kmeans_clusters_16.txt.tmp ... [1041 item(s), 368 transaction(s)] done [0.00s].
filtering, sorting and recoding items ... [120 item(s)] done [0.00s].
sorting and reducing transactions ... [342/368 transaction(s)] done [0.00s].
writing rules-s7m3-c90Kmeans_clusters_16.txt.tmp ... [99696 rule(s)] done [0.12s].
./apriori - find frequent item sets with the apriori algorithm
version 6.5 (2013.11.12)         (c) 1996-2013   Christian Borgelt
reading input-s7m3-c90Kmeans_clusters_16.txt.tmp ... [837 item(s), 116 transaction(s)] done [0.00s].
filtering, sorting and recoding items ... [114 item(s)] done [0.00s].
sorting and reducing transactions ... [107/116 transaction(s)] done [0.00s].
writing rules-s7m3-c90Kmeans_clusters_16.txt.tmp ... [3181 rule(s)] done [0.00s].
./apriori - find frequent item sets with the apriori algorithm
version 6.5 (2013.11.12)         (c) 1996-2013   Christian Borgelt
reading input-s7m3-c90Kmeans_clusters_16.txt.tmp ... [647 item(s), 59 transaction(s)] done [0.00s].
filtering, sorting and recoding items ... [154 item(s)] done [0.00s].
sorting and reducing transactions ... [59 transaction(s)] done [0.00s].
writing rules-s7m3-c90Kmeans_clusters_16.txt.tmp ... [626 rule(s)] done [0.00s].
./apriori - find frequent item sets with the apriori algorithm
version 6.5 (2013.11.12)         (c) 1996-2013   Christian Borgelt
reading input-s7m3-c90Kmeans_clusters_16.txt.tmp ... [1160 item(s), 559 transaction(s)] done [0.00s].
filtering, sorting and recoding items ... [162 item(s)] done [0.00s].
sorting and reducing transactions ... [532/559 transaction(s)] done [0.00s].
writing rules-s7m3-c90Kmeans_clusters_16.txt.tmp ... [1700 rule(s)] done [0.00s].
./apriori - find frequent item sets with the apriori algorithm
version 6.5 (2013.11.12)         (c) 1996-2013   Christian Borgelt
reading input-s7m3-c90Kmeans_clusters_16.txt.tmp ... [1129 item(s), 480 transaction(s)] done [0.00s].
filtering, sorting and recoding items ... [116 item(s)] done [0.00s].
sorting and reducing transactions ... [448/480 transaction(s)] done [0.00s].
writing rules-s7m3-c90Kmeans_clusters_16.txt.tmp ... [814 rule(s)] done [0.00s].
./apriori - find frequent item sets with the apriori algorithm
version 6.5 (2013.11.12)         (c) 1996-2013   Christian Borgelt
reading input-s7m3-c90Kmeans_clusters_16.txt.tmp ... [1158 item(s), 501 transaction(s)] done [0.00s].
filtering, sorting and recoding items ... [293 item(s)] done [0.00s].
sorting and reducing transactions ... [484/501 transaction(s)] done [0.00s].
writing rules-s7m3-c90Kmeans_clusters_16.txt.tmp ... [9885 rule(s)] done [0.04s].
./apriori - find frequent item sets with the apriori algorithm
version 6.5 (2013.11.12)         (c) 1996-2013   Christian Borgelt
reading input-s7m3-c90Kmeans_clusters_16.txt.tmp ... [1133 item(s), 248 transaction(s)] done [0.00s].
filtering, sorting and recoding items ... [249 item(s)] done [0.00s].
sorting and reducing transactions ... [242/248 transaction(s)] done [0.00s].
writing rules-s7m3-c90Kmeans_clusters_16.txt.tmp ... [345 rule(s)] done [0.00s].
./apriori - find frequent item sets with the apriori algorithm
version 6.5 (2013.11.12)         (c) 1996-2013   Christian Borgelt
reading input-s7m3-c90Kmeans_clusters_16.txt.tmp ... [1124 item(s), 230 transaction(s)] done [0.00s].
filtering, sorting and recoding items ... [231 item(s)] done [0.00s].
sorting and reducing transactions ... [227/230 transaction(s)] done [0.00s].
writing rules-s7m3-c90Kmeans_clusters_16.txt.tmp ... [74 rule(s)] done [0.00s].
./apriori - find frequent item sets with the apriori algorithm
version 6.5 (2013.11.12)         (c) 1996-2013   Christian Borgelt
reading input-s7m3-c90Kmeans_clusters_16.txt.tmp ... [603 item(s), 261 transaction(s)] done [0.00s].
filtering, sorting and recoding items ... [64 item(s)] done [0.00s].
sorting and reducing transactions ... [238/261 transaction(s)] done [0.00s].
writing rules-s7m3-c90Kmeans_clusters_16.txt.tmp ... [742043 rule(s)] done [0.83s].
./apriori - find frequent item sets with the apriori algorithm
version 6.5 (2013.11.12)         (c) 1996-2013   Christian Borgelt
reading input-s7m3-c90Kmeans_clusters_16.txt.tmp ... [1172 item(s), 702 transaction(s)] done [0.00s].
filtering, sorting and recoding items ... [250 item(s)] done [0.00s].
sorting and reducing transactions ... [652/702 transaction(s)] done [0.00s].
writing rules-s7m3-c90Kmeans_clusters_16.txt.tmp ... [10330 rule(s)] done [0.05s].
./apriori - find frequent item sets with the apriori algorithm
version 6.5 (2013.11.12)         (c) 1996-2013   Christian Borgelt
reading input-s7m3-c90Kmeans_clusters_16.txt.tmp ... [1107 item(s), 274 transaction(s)] done [0.00s].
filtering, sorting and recoding items ... [197 item(s)] done [0.00s].
sorting and reducing transactions ... [265/274 transaction(s)] done [0.00s].
writing rules-s7m3-c90Kmeans_clusters_16.txt.tmp ... [1387 rule(s)] done [0.00s].
./apriori - find frequent item sets with the apriori algorithm
version 6.5 (2013.11.12)         (c) 1996-2013   Christian Borgelt
reading input-s7m3-c90Kmeans_clusters_16.txt.tmp ... [1098 item(s), 254 transaction(s)] done [0.00s].
filtering, sorting and recoding items ... [186 item(s)] done [0.00s].
sorting and reducing transactions ... [246/254 transaction(s)] done [0.00s].
writing rules-s7m3-c90Kmeans_clusters_16.txt.tmp ... [833 rule(s)] done [0.00s].
./apriori - find frequent item sets with the apriori algorithm
version 6.5 (2013.11.12)         (c) 1996-2013   Christian Borgelt
reading input-s7m3-c90Kmeans_clusters_16.txt.tmp ... [1190 item(s), 634 transaction(s)] done [0.00s].
filtering, sorting and recoding items ... [170 item(s)] done [0.00s].
sorting and reducing transactions ... [612/634 transaction(s)] done [0.00s].
writing rules-s7m3-c90Kmeans_clusters_16.txt.tmp ... [5660 rule(s)] done [0.01s].
./apriori - find frequent item sets with the apriori algorithm
version 6.5 (2013.11.12)         (c) 1996-2013   Christian Borgelt
reading input-s7m3-c90Kmeans_clusters_16.txt.tmp ... [1140 item(s), 386 transaction(s)] done [0.00s].
filtering, sorting and recoding items ... [163 item(s)] done [0.00s].
sorting and reducing transactions ... [368/386 transaction(s)] done [0.00s].
writing rules-s7m3-c90Kmeans_clusters_16.txt.tmp ... [933 rule(s)] done [0.00s].
./apriori - find frequent item sets with the apriori algorithm
version 6.5 (2013.11.12)         (c) 1996-2013   Christian Borgelt
reading input-s7m3-c90Kmeans_clusters_16.txt.tmp ... [1101 item(s), 276 transaction(s)] done [0.00s].
filtering, sorting and recoding items ... [134 item(s)] done [0.00s].
sorting and reducing transactions ... [256/276 transaction(s)] done [0.00s].
writing rules-s7m3-c90Kmeans_clusters_16.txt.tmp ... [315 rule(s)] done [0.00s].
./apriori - find frequent item sets with the apriori algorithm
version 6.5 (2013.11.12)         (c) 1996-2013   Christian Borgelt
reading input-s7m3-c90Kmeans_clusters_16.txt.tmp ... [1071 item(s), 196 transaction(s)] done [0.00s].
filtering, sorting and recoding items ... [138 item(s)] done [0.00s].
sorting and reducing transactions ... [193/196 transaction(s)] done [0.00s].
writing rules-s7m3-c90Kmeans_clusters_16.txt.tmp ... [409 rule(s)] done [0.00s].
./apriori - find frequent item sets with the apriori algorithm
version 6.5 (2013.11.12)         (c) 1996-2013   Christian Borgelt
reading input-s7m3-c90Kmeans_clusters_16.txt.tmp ... [1121 item(s), 730 transaction(s)] done [0.00s].
filtering, sorting and recoding items ... [170 item(s)] done [0.00s].
sorting and reducing transactions ... [726/730 transaction(s)] done [0.00s].
writing rules-s7m3-c90Kmeans_clusters_16.txt.tmp ... [14262 rule(s)] done [0.04s].
./apriori - find frequent item sets with the apriori algorithm
version 6.5 (2013.11.12)         (c) 1996-2013   Christian Borgelt
reading input-s7m3-c90Kmeans_clusters_16.txt.tmp ... [903 item(s), 125 transaction(s)] done [0.00s].
filtering, sorting and recoding items ... [145 item(s)] done [0.00s].
sorting and reducing transactions ... [122/125 transaction(s)] done [0.00s].
writing rules-s7m3-c90Kmeans_clusters_16.txt.tmp ... [7249 rule(s)] done [0.00s].
./apriori - find frequent item sets with the apriori algorithm
version 6.5 (2013.11.12)         (c) 1996-2013   Christian Borgelt
reading input-s7m3-c90Kmeans_clusters_16.txt.tmp ... [595 item(s), 53 transaction(s)] done [0.00s].
filtering, sorting and recoding items ... [97 item(s)] done [0.00s].
sorting and reducing transactions ... [50/53 transaction(s)] done [0.00s].
writing rules-s7m3-c90Kmeans_clusters_16.txt.tmp ... [166 rule(s)] done [0.00s].
./apriori - find frequent item sets with the apriori algorithm
version 6.5 (2013.11.12)         (c) 1996-2013   Christian Borgelt
reading input-s7m3-c90Kmeans_clusters_16.txt.tmp ... [644 item(s), 437 transaction(s)] done [0.00s].
filtering, sorting and recoding items ... [42 item(s)] done [0.00s].
sorting and reducing transactions ... [345/437 transaction(s)] done [0.00s].
writing rules-s7m3-c90Kmeans_clusters_16.txt.tmp ... [23010 rule(s)] done [0.02s].
./apriori - find frequent item sets with the apriori algorithm
version 6.5 (2013.11.12)         (c) 1996-2013   Christian Borgelt
reading input-s7m3-c90Kmeans_clusters_16.txt.tmp ... [1073 item(s), 711 transaction(s)] done [0.00s].
filtering, sorting and recoding items ... [71 item(s)] done [0.00s].
sorting and reducing transactions ... [691/711 transaction(s)] done [0.00s].
writing rules-s7m3-c90Kmeans_clusters_16.txt.tmp ... [417 rule(s)] done [0.00s].
./apriori - find frequent item sets with the apriori algorithm
version 6.5 (2013.11.12)         (c) 1996-2013   Christian Borgelt
reading input-s7m3-c90Kmeans_clusters_16.txt.tmp ... [798 item(s), 119 transaction(s)] done [0.00s].
filtering, sorting and recoding items ... [110 item(s)] done [0.00s].
sorting and reducing transactions ... [115/119 transaction(s)] done [0.00s].
writing rules-s7m3-c90Kmeans_clusters_16.txt.tmp ... [121 rule(s)] done [0.00s].
./apriori - find frequent item sets with the apriori algorithm
version 6.5 (2013.11.12)         (c) 1996-2013   Christian Borgelt
reading input-s7m3-c90Kmeans_clusters_16.txt.tmp ... [754 item(s), 100 transaction(s)] done [0.00s].
filtering, sorting and recoding items ... [97 item(s)] done [0.00s].
sorting and reducing transactions ... [96/100 transaction(s)] done [0.00s].
writing rules-s7m3-c90Kmeans_clusters_16.txt.tmp ... [135 rule(s)] done [0.00s].
./apriori - find frequent item sets with the apriori algorithm
version 6.5 (2013.11.12)         (c) 1996-2013   Christian Borgelt
reading input-s7m3-c90Kmeans_clusters_16.txt.tmp ... [741 item(s), 93 transaction(s)] done [0.00s].
filtering, sorting and recoding items ... [120 item(s)] done [0.00s].
sorting and reducing transactions ... [90/93 transaction(s)] done [0.00s].
writing rules-s7m3-c90Kmeans_clusters_16.txt.tmp ... [99 rule(s)] done [0.00s].
./apriori - find frequent item sets with the apriori algorithm
version 6.5 (2013.11.12)         (c) 1996-2013   Christian Borgelt
reading input-s7m3-c90Kmeans_clusters_16.txt.tmp ... [707 item(s), 86 transaction(s)] done [0.00s].
filtering, sorting and recoding items ... [101 item(s)] done [0.00s].
sorting and reducing transactions ... [82/86 transaction(s)] done [0.00s].
writing rules-s7m3-c90Kmeans_clusters_16.txt.tmp ... [33 rule(s)] done [0.00s].
Train size: 9044 | Test Size: 2261

CLUSTER INDEX 0


#Rules before subsumption:  24
#Rules after subsumption:   19
Subsumption time: 0.00915002822876
Dataset uncovered: 508


#Rules before subsumption:  0
#Rules after subsumption:   0
Subsumption time: 0.000477075576782
Dataset uncovered: 508

No of labels after 2 iterations: 3

CLUSTER INDEX 1


#Rules before subsumption:  37516
#Rules after subsumption:   247
Subsumption time: 2.38907217979
Dataset uncovered: 2

No of labels after 1 iterations: 1

CLUSTER INDEX 2


#Rules before subsumption:  1197
#Rules after subsumption:   87
Subsumption time: 0.181838989258
Dataset uncovered: 189


#Rules before subsumption:  713
#Rules after subsumption:   19
Subsumption time: 0.0351791381836
Dataset uncovered: 123


#Rules before subsumption:  25
#Rules after subsumption:   4
Subsumption time: 0.000845909118652
Dataset uncovered: 110


#Rules before subsumption:  0
#Rules after subsumption:   0
Subsumption time: 0.000174045562744
Dataset uncovered: 110

No of labels after 4 iterations: 4

CLUSTER INDEX 3


#Rules before subsumption:  24869
#Rules after subsumption:   220
Subsumption time: 1.97774815559
Dataset uncovered: 3

No of labels after 1 iterations: 1

CLUSTER INDEX 4


#Rules before subsumption:  34596
#Rules after subsumption:   225
Subsumption time: 7.08418798447
Dataset uncovered: 27

No of labels after 1 iterations: 1

CLUSTER INDEX 5


#Rules before subsumption:  37287
#Rules after subsumption:   241
Subsumption time: 2.43404817581
Dataset uncovered: 10

No of labels after 1 iterations: 1

CLUSTER INDEX 6


#Rules before subsumption:  84
#Rules after subsumption:   15
Subsumption time: 0.00662612915039
Dataset uncovered: 156


#Rules before subsumption:  0
#Rules after subsumption:   0
Subsumption time: 0.000236988067627
Dataset uncovered: 156

No of labels after 2 iterations: 5

CLUSTER INDEX 7


#Rules before subsumption:  11326
#Rules after subsumption:   59
Subsumption time: 0.59638094902
Dataset uncovered: 116


#Rules before subsumption:  378
#Rules after subsumption:   14
Subsumption time: 0.00965285301208
Dataset uncovered: 59


#Rules before subsumption:  2
#Rules after subsumption:   2
Subsumption time: 0.000170946121216
Dataset uncovered: 49

No of labels after 3 iterations: 7

CLUSTER INDEX 8


#Rules before subsumption:  54
#Rules after subsumption:   8
Subsumption time: 0.00962901115417
Dataset uncovered: 480


#Rules before subsumption:  0
#Rules after subsumption:   0
Subsumption time: 0.000574827194214
Dataset uncovered: 480

No of labels after 2 iterations: 1

CLUSTER INDEX 9


#Rules before subsumption:  742
#Rules after subsumption:   65
Subsumption time: 0.103986978531
Dataset uncovered: 248


#Rules before subsumption:  2
#Rules after subsumption:   2
Subsumption time: 0.000762224197388
Dataset uncovered: 230


#Rules before subsumption:  0
#Rules after subsumption:   0
Subsumption time: 0.000327110290527
Dataset uncovered: 230

No of labels after 3 iterations: 2

CLUSTER INDEX 10


#Rules before subsumption:  10893
#Rules after subsumption:   82
Subsumption time: 0.287157058716
Dataset uncovered: 13

No of labels after 1 iterations: 3

CLUSTER INDEX 11


#Rules before subsumption:  897
#Rules after subsumption:   85
Subsumption time: 0.157392978668
Dataset uncovered: 274


#Rules before subsumption:  2
#Rules after subsumption:   2
Subsumption time: 0.000921964645386
Dataset uncovered: 254


#Rules before subsumption:  0
#Rules after subsumption:   0
Subsumption time: 0.000353097915649
Dataset uncovered: 254

No of labels after 3 iterations: 2

CLUSTER INDEX 12


#Rules before subsumption:  551
#Rules after subsumption:   49
Subsumption time: 0.0923252105713
Dataset uncovered: 386


#Rules before subsumption:  46
#Rules after subsumption:   13
Subsumption time: 0.00734210014343
Dataset uncovered: 276


#Rules before subsumption:  14
#Rules after subsumption:   5
Subsumption time: 0.00138187408447
Dataset uncovered: 196


#Rules before subsumption:  0
#Rules after subsumption:   0
Subsumption time: 0.000284194946289
Dataset uncovered: 196

No of labels after 4 iterations: 5

CLUSTER INDEX 13


#Rules before subsumption:  5383
#Rules after subsumption:   214
Subsumption time: 0.415469884872
Dataset uncovered: 125


#Rules before subsumption:  1851
#Rules after subsumption:   42
Subsumption time: 0.0503249168396
Dataset uncovered: 53


#Rules before subsumption:  26
#Rules after subsumption:   4
Subsumption time: 0.000414133071899
Dataset uncovered: 43

No of labels after 3 iterations: 4

CLUSTER INDEX 14


#Rules before subsumption:  3719
#Rules after subsumption:   137
Subsumption time: 0.419118881226
Dataset uncovered: 47

No of labels after 1 iterations: 1

CLUSTER INDEX 15


#Rules before subsumption:  327
#Rules after subsumption:   94
Subsumption time: 0.0407710075378
Dataset uncovered: 119


#Rules before subsumption:  15
#Rules after subsumption:   7
Subsumption time: 0.000622987747192
Dataset uncovered: 100


#Rules before subsumption:  1
#Rules after subsumption:   1
Subsumption time: 0.000237941741943
Dataset uncovered: 93


#Rules before subsumption:  1
#Rules after subsumption:   1
Subsumption time: 0.00021505355835
Dataset uncovered: 86


#Rules before subsumption:  0
#Rules after subsumption:   0
Subsumption time: 0.000149011611938
Dataset uncovered: 86

No of labels after 5 iterations: 4
Training Time: 30.4590010643 

Accuracy by one match: 0.714727996462
Accuracy by one-to-one matching: 0.712958867758
F-measure:  0.691017201104
Accuracy by one match: 0.72047766475
Accuracy by one-to-one matching: 0.716718266254
F-measure:  0.673628173628

Testing Time: 16.2700660229 

Total Execution Time: 47.2807700634
