./apriori - find frequent item sets with the apriori algorithm
version 6.5 (2013.11.12)         (c) 1996-2013   Christian Borgelt
reading input-s8m3-c90.tmp ... [1272 item(s), 9044 transaction(s)] done [0.01s].
filtering, sorting and recoding items ... [95 item(s)] done [0.00s].
sorting and reducing transactions ... [7983/9044 transaction(s)] done [0.01s].
writing rules-s8m3-c90.tmp ... [1045 rule(s)] done [0.03s].
./apriori - find frequent item sets with the apriori algorithm
version 6.5 (2013.11.12)         (c) 1996-2013   Christian Borgelt
reading input-s8m3-c90.tmp ... [1272 item(s), 6268 transaction(s)] done [0.01s].
filtering, sorting and recoding items ... [143 item(s)] done [0.00s].
sorting and reducing transactions ... [5920/6268 transaction(s)] done [0.00s].
writing rules-s8m3-c90.tmp ... [1 rule(s)] done [0.01s].
Train size: 9044 | Test Size: 2261


#Rules before subsumption:  231
#Rules after subsumption:   94
Subsumption time: 0.699241161346
Dataset uncovered: 6268


#Rules before subsumption:  0
#Rules after subsumption:   0
Subsumption time: 0.0057327747345
Dataset uncovered: 6268

No of labels after 2 iterations: 1
Training Time: 1.19029808044 

Performance with K = 5 :
Accuracy by one match: 0.313135780628
Accuracy by one-to-one matching: 0.313135780628
F-measure:  0.385096546097

Performance with varying number of predictions:
Accuracy by one match: 0.313135780628
Accuracy by one-to-one matching: 0.313135780628
F-measure:  0.385096546097

Testing Time: 0.608668088913 

Total Execution Time: 0.608675956726
