./apriori - find frequent item sets with the apriori algorithm
version 6.5 (2013.11.12)         (c) 1996-2013   Christian Borgelt
reading input-s8m3-c65.tmp ... [1272 item(s), 9044 transaction(s)] done [0.01s].
filtering, sorting and recoding items ... [178 item(s)] done [0.00s].
sorting and reducing transactions ... [8450/9044 transaction(s)] done [0.01s].
writing rules-s8m3-c65.tmp ... [2223 rule(s)] done [0.08s].
./apriori - find frequent item sets with the apriori algorithm
version 6.5 (2013.11.12)         (c) 1996-2013   Christian Borgelt
reading input-s8m3-c65.tmp ... [1272 item(s), 5645 transaction(s)] done [0.01s].
filtering, sorting and recoding items ... [203 item(s)] done [0.00s].
sorting and reducing transactions ... [5368/5645 transaction(s)] done [0.00s].
writing rules-s8m3-c65.tmp ... [29 rule(s)] done [0.02s].
./apriori - find frequent item sets with the apriori algorithm
version 6.5 (2013.11.12)         (c) 1996-2013   Christian Borgelt
reading input-s8m3-c65.tmp ... [1270 item(s), 4764 transaction(s)] done [0.01s].
filtering, sorting and recoding items ... [219 item(s)] done [0.00s].
sorting and reducing transactions ... [4508/4764 transaction(s)] done [0.00s].
writing rules-s8m3-c65.tmp ... [67 rule(s)] done [0.02s].
Train size: 9044 | Test Size: 2261


#Rules before subsumption:  240
#Rules after subsumption:   103
Subsumption time: 0.707487106323
Dataset uncovered: 5645


#Rules before subsumption:  4
#Rules after subsumption:   4
Subsumption time: 0.0164549350739
Dataset uncovered: 4764


#Rules before subsumption:  0
#Rules after subsumption:   0
Subsumption time: 0.00427889823914
Dataset uncovered: 4764

No of labels after 3 iterations: 2
Training Time: 1.37771320343 

Performance with K = 5 :
Accuracy by one match: 0.461300309598
Accuracy by one-to-one matching: 0.460636886333
F-measure:  0.486385850593

Performance with varying number of predictions:
Accuracy by one match: 0.465280849182
Accuracy by one-to-one matching: 0.463954002654
F-measure:  0.461673236969

Testing Time: 0.6832280159 

Total Execution Time: 0.683237075806
