./apriori - find frequent item sets with the apriori algorithm
version 6.5 (2013.11.12)         (c) 1996-2013   Christian Borgelt
reading input-s1m3-c90.tmp ... [1272 item(s), 9044 transaction(s)] done [0.01s].
filtering, sorting and recoding items ... [917 item(s)] done [0.00s].
sorting and reducing transactions ... [8792/9044 transaction(s)] done [0.01s].
writing rules-s1m3-c90.tmp ... [394134 rule(s)] done [1.76s].
./apriori - find frequent item sets with the apriori algorithm
version 6.5 (2013.11.12)         (c) 1996-2013   Christian Borgelt
reading input-s1m3-c90.tmp ... [1260 item(s), 3255 transaction(s)] done [0.00s].
filtering, sorting and recoding items ... [998 item(s)] done [0.00s].
sorting and reducing transactions ... [3128/3255 transaction(s)] done [0.01s].
writing rules-s1m3-c90.tmp ... [64583 rule(s)] done [1.05s].
./apriori - find frequent item sets with the apriori algorithm
version 6.5 (2013.11.12)         (c) 1996-2013   Christian Borgelt
reading input-s1m3-c90.tmp ... [1255 item(s), 2271 transaction(s)] done [0.00s].
filtering, sorting and recoding items ... [933 item(s)] done [0.00s].
sorting and reducing transactions ... [2205/2271 transaction(s)] done [0.00s].
writing rules-s1m3-c90.tmp ... [7216 rule(s)] done [0.22s].
./apriori - find frequent item sets with the apriori algorithm
version 6.5 (2013.11.12)         (c) 1996-2013   Christian Borgelt
reading input-s1m3-c90.tmp ... [1251 item(s), 2056 transaction(s)] done [0.00s].
filtering, sorting and recoding items ... [904 item(s)] done [0.00s].
sorting and reducing transactions ... [2000/2056 transaction(s)] done [0.00s].
writing rules-s1m3-c90.tmp ... [4814 rule(s)] done [0.14s].
./apriori - find frequent item sets with the apriori algorithm
version 6.5 (2013.11.12)         (c) 1996-2013   Christian Borgelt
reading input-s1m3-c90.tmp ... [1251 item(s), 1977 transaction(s)] done [0.00s].
filtering, sorting and recoding items ... [911 item(s)] done [0.00s].
sorting and reducing transactions ... [1922/1977 transaction(s)] done [0.00s].
writing rules-s1m3-c90.tmp ... [6421 rule(s)] done [0.14s].
Train size: 9044 | Test Size: 2261


#Rules before subsumption:  57311
#Rules after subsumption:   1437
Subsumption time: 179.187265873
Dataset uncovered: 3255


#Rules before subsumption:  1238
#Rules after subsumption:   151
Subsumption time: 1.00339007378
Dataset uncovered: 2271


#Rules before subsumption:  57
#Rules after subsumption:   16
Subsumption time: 0.0344669818878
Dataset uncovered: 2056


#Rules before subsumption:  5
#Rules after subsumption:   5
Subsumption time: 0.00549387931824
Dataset uncovered: 1977


#Rules before subsumption:  0
#Rules after subsumption:   0
Subsumption time: 0.00207614898682
Dataset uncovered: 1977
No of labels after 5 iterations: 20
Training Time: 186.255784035
Accuracy by one match: 0.729323308271
Accuracy by one-to-one matching: 0.721067374318
F-measure:  0.790992258973
Accuracy by one match: 0.738611233967
Accuracy by one-to-one matching: 0.728586171311
F-measure:  0.779127305443
Testing Time: 9.29711794853
Total Execution Time: 195.866410017
