./apriori - find frequent item sets with the apriori algorithm
version 6.5 (2013.11.12)         (c) 1996-2013   Christian Borgelt
reading input-s3.5m3-c85.tmp ... [1272 item(s), 9044 transaction(s)] done [0.01s].
filtering, sorting and recoding items ... [326 item(s)] done [0.00s].
sorting and reducing transactions ... [8658/9044 transaction(s)] done [0.01s].
writing rules-s3.5m3-c85.tmp ... [17137 rule(s)] done [0.20s].
./apriori - find frequent item sets with the apriori algorithm
version 6.5 (2013.11.12)         (c) 1996-2013   Christian Borgelt
reading input-s3.5m3-c85.tmp ... [1271 item(s), 4902 transaction(s)] done [0.01s].
filtering, sorting and recoding items ... [433 item(s)] done [0.00s].
sorting and reducing transactions ... [4711/4902 transaction(s)] done [0.00s].
writing rules-s3.5m3-c85.tmp ... [67 rule(s)] done [0.05s].
./apriori - find frequent item sets with the apriori algorithm
version 6.5 (2013.11.12)         (c) 1996-2013   Christian Borgelt
reading input-s3.5m3-c85.tmp ... [1271 item(s), 4658 transaction(s)] done [0.01s].
filtering, sorting and recoding items ... [424 item(s)] done [0.00s].
sorting and reducing transactions ... [4470/4658 transaction(s)] done [0.00s].
writing rules-s3.5m3-c85.tmp ... [61 rule(s)] done [0.05s].
./apriori - find frequent item sets with the apriori algorithm
version 6.5 (2013.11.12)         (c) 1996-2013   Christian Borgelt
reading input-s3.5m3-c85.tmp ... [1269 item(s), 4496 transaction(s)] done [0.00s].
filtering, sorting and recoding items ... [422 item(s)] done [0.00s].
sorting and reducing transactions ... [4307/4496 transaction(s)] done [0.01s].
writing rules-s3.5m3-c85.tmp ... [64 rule(s)] done [0.05s].
Train size: 9044 | Test Size: 2261


#Rules before subsumption:  2623
#Rules after subsumption:   394
Subsumption time: 7.2991039753
Dataset uncovered: 4902


#Rules before subsumption:  4
#Rules after subsumption:   2
Subsumption time: 0.0112199783325
Dataset uncovered: 4658


#Rules before subsumption:  2
#Rules after subsumption:   1
Subsumption time: 0.00802993774414
Dataset uncovered: 4496


#Rules before subsumption:  0
#Rules after subsumption:   0
Subsumption time: 0.00421810150146
Dataset uncovered: 4496
No of labels after 4 iterations: 4
Training Time: 8.35726284981
Accuracy by one match: 0.491375497567
Accuracy by one-to-one matching: 0.490269792127
F-measure:  0.81373265157
Accuracy by one match: 0.498009730208
Accuracy by one-to-one matching: 0.496461742592
F-measure:  0.807719799857
Testing Time: 2.4295399189
Total Execution Time: 11.1040899754
