./apriori - find frequent item sets with the apriori algorithm
version 6.5 (2013.11.12)         (c) 1996-2013   Christian Borgelt
reading input-s2.5m3-c90.tmp ... [1272 item(s), 9044 transaction(s)] done [0.01s].
filtering, sorting and recoding items ... [433 item(s)] done [0.00s].
sorting and reducing transactions ... [8700/9044 transaction(s)] done [0.01s].
writing rules-s2.5m3-c90.tmp ... [36384 rule(s)] done [0.34s].
./apriori - find frequent item sets with the apriori algorithm
version 6.5 (2013.11.12)         (c) 1996-2013   Christian Borgelt
reading input-s2.5m3-c90.tmp ... [1271 item(s), 5018 transaction(s)] done [0.01s].
filtering, sorting and recoding items ... [551 item(s)] done [0.00s].
sorting and reducing transactions ... [4833/5018 transaction(s)] done [0.00s].
writing rules-s2.5m3-c90.tmp ... [173 rule(s)] done [0.10s].
./apriori - find frequent item sets with the apriori algorithm
version 6.5 (2013.11.12)         (c) 1996-2013   Christian Borgelt
reading input-s2.5m3-c90.tmp ... [1264 item(s), 4447 transaction(s)] done [0.00s].
filtering, sorting and recoding items ... [525 item(s)] done [0.00s].
sorting and reducing transactions ... [4272/4447 transaction(s)] done [0.01s].
writing rules-s2.5m3-c90.tmp ... [193 rule(s)] done [0.09s].
./apriori - find frequent item sets with the apriori algorithm
version 6.5 (2013.11.12)         (c) 1996-2013   Christian Borgelt
reading input-s2.5m3-c90.tmp ... [1263 item(s), 4269 transaction(s)] done [0.01s].
filtering, sorting and recoding items ... [531 item(s)] done [0.00s].
sorting and reducing transactions ... [4097/4269 transaction(s)] done [0.00s].
writing rules-s2.5m3-c90.tmp ... [258 rule(s)] done [0.09s].
./apriori - find frequent item sets with the apriori algorithm
version 6.5 (2013.11.12)         (c) 1996-2013   Christian Borgelt
reading input-s2.5m3-c90.tmp ... [1263 item(s), 4069 transaction(s)] done [0.00s].
filtering, sorting and recoding items ... [523 item(s)] done [0.01s].
sorting and reducing transactions ... [3910/4069 transaction(s)] done [0.00s].
writing rules-s2.5m3-c90.tmp ... [126 rule(s)] done [0.07s].
Train size: 9044 | Test Size: 2261


#Rules before subsumption:  6188
#Rules after subsumption:   544
Subsumption time: 16.8290629387
Dataset uncovered: 5018


#Rules before subsumption:  15
#Rules after subsumption:   12
Subsumption time: 0.0263419151306
Dataset uncovered: 4447


#Rules before subsumption:  2
#Rules after subsumption:   2
Subsumption time: 0.00891494750977
Dataset uncovered: 4269


#Rules before subsumption:  7
#Rules after subsumption:   3
Subsumption time: 0.0177979469299
Dataset uncovered: 4069


#Rules before subsumption:  0
#Rules after subsumption:   0
Subsumption time: 0.00378179550171
Dataset uncovered: 4069
No of labels after 5 iterations: 5
Training Time: 18.4453709126
Accuracy by one match: 0.540911101283
Accuracy by one-to-one matching: 0.538478549314
F-measure:  0.811651770937
Accuracy by one match: 0.545776205219
Accuracy by one-to-one matching: 0.542901371075
F-measure:  0.801944894652
Testing Time: 3.4499669075
Total Execution Time: 22.2066969872
