Magnitudes computed in time:  2.09211611748
Starting iteration 0
[502, 1090, 359, 578, 195, 863, 798, 1015, 880, 572, 610, 881, 444, 188, 350, 571, 322, 539, 1006, 883, 722, 689, 1004, 630, 284, 561, 895, 1656, 522, 435, 320, 477]
diff = [0.4312796257397663, 0.49499355826794444, 0.40588148441851679, 0.4016633719718733, 0.41344673095210349, 0.34851916845024622, 0.36370251419439836, 0.39220905220263769, 0.33495598259009807, 0.38182542372555639, 0.4621282506913772, 0.48496539418147311, 0.3481245444182679, 0.38841611944825316, 0.39483060147538618, 0.54529591162925839, 0.38598799503776837, 0.57281652140903727, 0.41516351913782978, 0.45960988994824603, 0.51583404761004914, 0.50044046685807153, 0.45966131825248913, 0.49768787765341072, 0.38599854292754021, 0.48349138995630692, 0.61122111691014624, 0.40099536354916843, 0.44412752442879444, 0.3976612978481876, 0.41675991400686541, 0.3673218172144016]
Starting iteration 1
[374, 1803, 291, 484, 274, 862, 597, 808, 1464, 619, 591, 363, 794, 569, 1217, 900, 415, 494, 360, 158, 118, 325, 441, 1038, 599, 420, 1150, 924, 901, 591, 254, 643]
diff = [0.39414916757537999, 0.042629844734794142, 0.097737426759916701, 0.07409015056571655, 0.2042188865770167, 0.17834003811169297, 0.11858016050894571, 0.073222804716023826, 0.17006064497764506, 0.18516535677783663, 0.10314513939496983, 0.19924383903247311, 0.18796149147369134, 0.18908701003579276, 0.11293227920377957, 0.084189550229474386, 0.22084428990223559, 0.076598749380283437, 0.12762193984688486, 0.17296913964286897, 0.10029164854454531, 0.13501368319136031, 0.23829800534748535, 0.098513505806428814, 0.13282666423969747, 0.22241417016461218, 0.049720402446226331, 0.13502607769451824, 0.09316274848554662, 0.13888462812183366, 0.44310604022113853, 0.10336827846520891]
Starting iteration 2
[599, 1603, 332, 335, 253, 742, 638, 826, 1446, 413, 481, 545, 756, 565, 857, 974, 510, 354, 444, 258, 242, 427, 798, 1076, 650, 701, 804, 991, 790, 601, 333, 497]
diff = [0.078702808214059172, 0.0087331216831858516, 0.054414963934932281, 0.087098198475975663, 0.20654473330026413, 0.03299321628996188, 0.087254594717570799, 0.016745930238051154, 0.016983707070372223, 0.062737194798781148, 0.031889562383631942, 0.0098601775841712369, 0.019689326693270282, 0.027475450210323715, 0.068183809496683012, 0.0014003448897838, 0.031058857883405566, 0.015676838183327213, 0.08765842716759209, 0.14654415297236045, 0.014913768661026561, 0.082018341302843689, 0.033727890019944806, 0.0020629162970433601, 0.02975907924074539, 0.036571149980232698, 0.0050947073538023524, 0.029035693056613798, 0.019136710665155099, 0.038371886676614175, 0.045435101112958232, 0.082252829412627015]
Starting iteration 3
[603, 1560, 349, 374, 380, 596, 691, 726, 1362, 385, 480, 619, 668, 569, 915, 930, 521, 312, 463, 232, 300, 543, 829, 1069, 652, 750, 769, 988, 730, 556, 360, 560]
diff = [0.013598570225539452, 0.0021835152024501925, 0.024086050367178036, 0.041183476978672751, 0.043699455036520729, 0.019863860536799005, 0.02638644832989967, 0.016348734777185014, 0.0026706615126568245, 0.021104924543719039, 0.0026260355925746826, 0.0014992306185338533, 0.02340792225329047, 0.0015819781855722637, 0.040894695827261129, 0.00049721829360660497, 0.0082778080710669277, 0.020133606020227068, 0.044522728208241991, 0.055519925469206699, 0.0091872382091182647, 0.034813301524242557, 0.001124328890592885, 0.00066996978965716547, 0.019621681092219734, 0.010508657526516196, 0.00031508981918293433, 0.0024636537860771579, 0.0092767871642217559, 0.0074155135100812952, 0.016363780944558481, 0.030153131912701081]
Starting iteration 4
[644, 1524, 322, 466, 445, 543, 657, 660, 1315, 368, 487, 639, 700, 549, 1004, 879, 530, 319, 546, 222, 365, 584, 808, 1086, 592, 718, 766, 955, 672, 509, 400, 567]
diff = [0.002840262159180762, 0.00072394648979889897, 0.016459016552067496, 0.022212365903402587, 0.014111618052640496, 0.013345096715128513, 0.0057247705548311156, 0.033961589630190137, 0.001085438024284513, 0.00097499224306774046, 0.00047261312667890021, 0.00024887126222172817, 0.013860576710202688, 0.0002905484362312194, 0.010590577504454024, 0.00037684337316723493, 0.003073938773285434, 0.0083537432051891125, 0.00712845483532909, 0.0027678734179418241, 0.0026621746538282309, 0.010447658236477642, 0.00045800809202523052, 0.00048814985265810407, 0.011758115593638707, 0.0044696253571484545, 0.00011992388744797022, 0.0004293572393123668, 0.0056924558650576218, 0.007834875717857237, 0.011021741387507, 0.039883012186611277]
Starting iteration 5
[656, 1480, 340, 519, 471, 498, 644, 555, 1284, 367, 482, 643, 716, 542, 1075, 850, 547, 355, 608, 207, 405, 603, 805, 1098, 535, 691, 760, 933, 670, 470, 477, 555]
diff = [0.00058822656430945752, 0.00065528740960141274, 0.027179385372922082, 0.0074633010393180266, 0.0052368917305727347, 0.019063217772487984, 0.00098207973701136542, 0.033597986748459818, 0.0022177313698186207, 8.0049632157686013e-05, 0.00029186249765822403, 1.5611131644166498e-05, 0.0083013506014962823, 7.7158246326813895e-05, 0.004352203663683607, 0.00014949322658397435, 0.0049691800697949651, 0.0038388850707999911, 0.0015943680084760103, 0.0010390338828104584, 0.00055293616812834845, 0.0095777218970716227, 0.00028625392488212942, 0.00039271190623979546, 0.0057341861234313507, 0.0023389458846286848, 5.2768433463801223e-05, 0.00025469700256175454, 0.0015839475076200316, 0.01112261203568099, 0.013475585957796632, 0.022722286641151168]
Starting iteration 6
[663, 1454, 410, 582, 475, 464, 645, 541, 1311, 368, 479, 642, 711, 537, 1093, 820, 502, 387, 623, 196, 442, 591, 800, 1074, 499, 667, 754, 927, 645, 418, 537, 584]
diff = [0.00017622927038085656, 0.0002087797918596257, 0.017968103266130631, 0.007537862290872388, 0.0023817773340322201, 0.012329543466254478, 0.00034381147607875917, 0.0035570669524290777, 0.0024528745171980004, 6.9022755141312508e-05, 9.6282257544211269e-05, 3.8511655925388411e-06, 0.0029790943799696823, 0.00026702097644926148, 0.00096425948887191026, 0.00011344098418020199, 0.025507410422236587, 0.0010495430900169245, 0.00047046876559786455, 0.00073236171369339687, 0.00046104016274572945, 0.0059436664773820924, 0.00019698237834309129, 0.00028958809797541285, 0.0017344480351391134, 0.002703608659494261, 5.741748801724178e-05, 0.00011559229521895809, 0.00046066532332811327, 0.017572589017546325, 0.010282320320554428, 0.0012781614030632493]
Starting iteration 7
[664, 1430, 494, 634, 485, 433, 639, 543, 1372, 368, 471, 641, 681, 530, 1102, 806, 500, 399, 623, 189, 463, 534, 789, 1052, 475, 647, 755, 909, 621, 406, 595, 591]
diff = [0.00012269024933009298, 5.9371063911073385e-05, 0.016844172152200021, 0.0065950564386061394, 0.0025413396013771461, 0.022200776745377682, 0.00028183124186198505, 0.00042518579278305602, 0.0020540452472358472, 2.8266267119381183e-05, 0.00034223202040728484, 4.9497862636416201e-06, 0.0016841063019481517, 0.00024727548507719188, 0.00026069941402762087, 4.7873590702685043e-05, 0.047570570397693857, 0.00074368305359884257, 0.00025036101758735274, 0.00031866370509858744, 8.4143832314254041e-05, 0.0050192675516929075, 0.00013692013094424027, 0.00027052965463392198, 0.00075369889432197468, 0.0042109292556838929, 1.3883776143308602e-05, 0.00018071195769786552, 0.00017178657808292197, 0.0017815031557315564, 0.0067648482067811377, 6.2518260248167756e-05]
Starting iteration 8
[659, 1434, 531, 650, 484, 417, 636, 540, 1461, 369, 460, 640, 646, 527, 1103, 795, 552, 406, 629, 189, 477, 498, 776, 1009, 463, 609, 751, 901, 615, 396, 628, 590]
diff = [0.00021088174881644939, 4.7898977377447416e-05, 0.0054424586181708312, 0.001777849941678844, 0.0020517355444328311, 0.0038965286344955219, 0.00020217560931412581, 0.00016552265758218443, 0.0024531560632468086, 9.9298897348054638e-06, 0.00017482346137165372, 9.4960487606599031e-07, 0.00096411962185849465, 0.00012810440845500981, 0.00029674697528980776, 2.3596126169866949e-05, 0.010758394055976561, 0.00011843311334069906, 7.9540218501428228e-05, 0.00021352718348699451, 6.8880160012385616e-05, 0.0036114820014914173, 0.00011742054581931338, 0.00070480203423972654, 0.00037505044376928698, 0.011068433332653838, 5.8986771734881316e-06, 2.0421842954143621e-05, 0.00012013236524621718, 0.00033359589144987822, 0.0022237898707629933, 1.9248875089306061e-05]
Starting iteration 9
[655, 1437, 542, 661, 471, 412, 625, 531, 1518, 368, 453, 639, 623, 522, 1080, 780, 627, 408, 627, 190, 494, 487, 771, 977, 461, 567, 746, 900, 607, 398, 672, 592]
diff = [2.9398753808362876e-05, 3.2498391930091408e-05, 0.0005932248776767679, 0.00061461361464754116, 0.00066785198790242362, 0.00017857025022427475, 0.00016120436258137971, 0.00021521199438712113, 0.0020328124701610717, 2.409602429354063e-05, 0.00014384651254406577, 5.4099423427711457e-06, 0.0011473765189361496, 6.3913420269789967e-05, 0.00019279605223210261, 3.3690721196633078e-05, 0.0073021392612064862, 5.9885924386327005e-05, 2.7659770824750574e-05, 0.00013709651585824822, 5.0511843092349018e-05, 0.0010035589577912507, 4.6205568419721565e-05, 0.00035400061408996653, 8.3460169671978335e-05, 0.005749484449389719, 7.4892311067165096e-06, 5.7342166328577804e-06, 0.00010858409156977444, 0.00014967066891713454, 0.0024464308220535358, 1.8096209357998383e-05]
Starting iteration 10
[655, 1434, 546, 671, 467, 411, 621, 533, 1546, 368, 451, 638, 590, 519, 1051, 768, 705, 411, 623, 189, 508, 486, 764, 970, 457, 530, 737, 903, 602, 397, 699, 591]
diff = [4.5331730408992854e-05, 2.3333467036312783e-05, 0.00011296414423123124, 0.00045708325564075558, 0.00048788311244463145, 0.00021370096437234309, 3.3480177496159058e-05, 8.0033120060107876e-06, 0.00099808724902916701, 0.0, 5.9741469881746667e-05, 1.4066864578721194e-06, 0.00093922610143215568, 8.0098797113459241e-05, 0.0001499388494109466, 3.2163422266529018e-05, 0.0057495041274342462, 2.9397959798060924e-05, 2.6179028962958206e-05, 2.4677377597259742e-05, 5.2309358344104773e-05, 4.9646053140284252e-05, 6.4757748345689592e-05, 6.015632617584199e-05, 5.3451189384490227e-05, 0.0019475587408982475, 1.3861790994496026e-05, 1.4159230681598522e-05, 4.1787562373052367e-05, 0.00015073885158689571, 0.0013203813779872897, 1.3462496918359435e-06]
Starting iteration 11
[655, 1437, 547, 685, 467, 412, 616, 533, 1521, 368, 451, 637, 553, 516, 1036, 757, 789, 413, 623, 190, 517, 486, 756, 970, 461, 500, 735, 900, 595, 399, 725, 591]
diff = [1.256806007421396e-05, 1.8632383454009194e-05, 0.00017498234509749633, 0.00024084398160928444, 8.3448656374218722e-05, 0.00011696913544256837, 2.1249871509754215e-05, 2.2362874455672532e-05, 0.00067514900190723814, 0.0, 2.2776837361515589e-05, 2.5951172990534843e-06, 0.0016729169703288971, 4.7413000096474534e-05, 7.8831256059341825e-05, 2.1335641496755819e-05, 0.005231124935683007, 1.0195768954113227e-05, 8.2646170596056834e-06, 2.0437033980580388e-05, 2.8938844779502482e-05, 0.0, 3.2769501026153058e-05, 1.5515877870520001e-05, 0.00016811325956422873, 0.0013713756887051565, 4.0594539816307673e-06, 5.0636388037039737e-06, 5.8729353192399358e-05, 0.00032020768445772951, 0.0010091300595930219, 0.0]
Starting iteration 12
[656, 1439, 548, 691, 466, 408, 616, 533, 1476, 368, 450, 637, 511, 516, 1016, 748, 889, 413, 623, 192, 524, 486, 749, 968, 464, 483, 737, 898, 592, 401, 751, 592]
diff = [4.0247825966677198e-05, 1.4342265268640908e-05, 4.3967020086355113e-05, 0.00013971618841490674, 4.9936322419452672e-05, 0.00011036651374851658, 2.0666028272997572e-05, 1.4130320882488334e-05, 0.00062452697767101384, 0.0, 1.0645461175462501e-05, 0.0, 0.0010808081970000716, 9.7760456673201546e-06, 0.00021130791363355161, 3.4397797447072165e-05, 0.0050901724183102237, 0.0, 2.6600426887291029e-05, 7.3821324860334769e-05, 5.8470987407521768e-05, 0.0, 1.590474033819067e-05, 2.7266323444630203e-06, 2.992034058535431e-05, 0.00036263744822140342, 1.67159410302542e-06, 8.3491675768598839e-06, 2.1886459819264736e-05, 2.4459891868056083e-05, 0.00061977433874482735, 1.6287483375010403e-05]
Starting iteration 13
[657, 1432, 547, 701, 466, 406, 618, 532, 1434, 368, 447, 638, 484, 512, 993, 739, 992, 411, 619, 191, 532, 483, 746, 963, 464, 478, 737, 894, 590, 401, 777, 589]
diff = [4.5267064870957441e-06, 1.4462187567398921e-05, 3.0953194084526459e-06, 0.00017529045091912998, 5.4289652973049662e-05, 0.00010508050760416054, 8.2448522171763017e-06, 9.0138975069598004e-06, 0.00048646809667618474, 0.0, 3.399977489360051e-05, 1.5104621938766272e-06, 0.00066284794901161348, 1.83627470413672e-05, 8.4388393152612373e-05, 2.248454842435077e-05, 0.0043161076198846571, 4.8401403353048877e-06, 2.513488161792754e-05, 1.7744762111471246e-05, 4.3831926700210744e-05, 3.6822890782439721e-05, 1.248329173320073e-05, 6.3550293334380115e-06, 5.6626751251398488e-05, 3.8289390182466576e-05, 3.6592207958152656e-06, 2.988944666548754e-06, 2.2534487129410863e-05, 5.7658252485826011e-05, 0.0008742150142485583, 1.1405474228287638e-05]
Starting iteration 14
[658, 1423, 546, 700, 467, 404, 619, 531, 1378, 368, 446, 637, 466, 511, 972, 730, 1089, 411, 615, 191, 541, 480, 744, 967, 467, 478, 737, 896, 588, 403, 790, 588]
diff = [2.6393212516517828e-05, 1.158699994519008e-05, 4.4704611701362751e-06, 4.2947112612767846e-05, 8.3254408433930394e-06, 5.2929162768777793e-05, 3.6858282241869489e-06, 4.8073014382588042e-06, 0.00079887742743667278, 0.0, 5.7179120740435962e-06, 1.142215232952104e-06, 0.0005618370300545239, 7.2039282985603137e-06, 0.00013114924489687763, 3.6962649730631902e-05, 0.0034541534336397506, 5.9299773244037013e-06, 3.2825215396048435e-05, 2.2204460492503131e-16, 4.5878270452548442e-05, 0.00022813646415698052, 7.4825234898101556e-06, 7.5844250990719786e-06, 7.7025637540972802e-05, 0.0, 2.5191779622346644e-06, 3.8866647903423868e-06, 6.598646140831832e-06, 2.2177519529265055e-05, 0.00046452855997924924, 2.2607829071041863e-06]
Starting iteration 15
[659, 1421, 547, 699, 468, 396, 619, 529, 1294, 368, 445, 637, 458, 509, 955, 725, 1217, 409, 617, 190, 547, 479, 733, 967, 463, 473, 731, 895, 588, 403, 813, 587]
diff = [2.3691251644919475e-06, 9.5276868941063242e-06, 4.1732783873094093e-06, 5.6172310878843668e-05, 1.2027791029378676e-05, 0.00017739516533854527, 3.8195278612929151e-05, 1.1093405631767972e-05, 0.0013537407400145973, 0.0, 1.1129227182271606e-05, 3.1189321044733376e-06, 0.00021417141222501712, 1.1784250000146379e-05, 0.00014466906435384175, 1.2853463921769226e-05, 0.0032971624309764413, 9.1150366287040541e-06, 1.4206344070788468e-05, 8.5504002412806202e-06, 2.4226707220020849e-05, 4.2753105006121395e-05, 3.9744600748070624e-05, 3.6436794068617218e-06, 2.5596858715060122e-05, 5.252298752334017e-05, 1.0856233155887018e-05, 6.1923795580121066e-06, -2.2204460492503131e-16, 7.8201286753398769e-05, 0.00085288228699620383, 3.104425999711502e-06]
Starting iteration 16
[656, 1419, 547, 704, 468, 393, 619, 529, 1211, 367, 443, 637, 450, 507, 935, 727, 1328, 408, 615, 190, 546, 479, 730, 968, 462, 472, 729, 893, 589, 404, 829, 587]
diff = [2.0956554494966362e-05, 2.2403503374679445e-05, 1.1102230246251565e-16, 4.8060711118624866e-05, 0.0, 5.1309506736485488e-05, 2.2204460492503131e-16, 0.0, 0.001563659864365019, 4.2189308985696172e-05, 1.5616575765098339e-05, 0.0, 9.5281263942537109e-05, 3.0906323466584062e-05, 8.7304301633839287e-05, 7.001143135121346e-06, 0.0022918846451041031, 4.046902265075758e-06, 4.7381314370875671e-06, 0.0, 6.4159548844866521e-06, 0.0, 1.9255876504087333e-05, 8.8381275887838839e-06, 3.5820325089863658e-05, 1.3325581245449136e-05, 3.4469577526730077e-06, 1.3525276736481295e-05, 3.8673242466202851e-06, 4.3555429308894666e-05, 0.00061511124681723484, 0.0]
Starting iteration 17
[655, 1416, 548, 701, 468, 393, 619, 528, 1126, 366, 442, 638, 444, 505, 925, 724, 1426, 405, 612, 190, 550, 478, 730, 968, 465, 470, 729, 893, 589, 406, 846, 586]
diff = [2.5859671209271795e-05, 9.4237632826121853e-06, 1.8982640356934866e-05, 8.7130413266467421e-05, 4.0892526412039665e-05, 4.5143082452847594e-05, 7.2724672894874942e-06, 2.4119499363317587e-05, 0.0016716745188842808, 3.9381347243794274e-05, 5.2436862114646487e-06, 1.4424685281788641e-06, 0.00017686930556848335, 1.5076302430583333e-05, 4.8461904085472796e-05, 9.7795174255344008e-06, 0.0014064317824683537, 1.1096683778633043e-05, 1.2972486087114987e-05, 0.0, 9.2455601016228073e-06, 7.9031584988564774e-06, 1.8991910867294237e-05, 1.3704522980440004e-05, 8.003229352016028e-05, 6.5958425751189154e-06, 1.8751949990569727e-06, 3.4697880624268151e-06, 0.0, 2.5884266587117288e-05, 0.0003142945528382679, 3.9851892763564933e-06]
Starting iteration 18
[655, 1411, 549, 701, 468, 392, 619, 525, 1043, 366, 442, 638, 434, 503, 925, 721, 1521, 405, 611, 190, 553, 479, 729, 968, 463, 469, 728, 892, 589, 406, 860, 586]
diff = [1.614767331370448e-05, 9.8802951118415194e-06, 2.5425271966250662e-05, 3.3359930738274812e-05, 0.0, 1.0516171143781783e-05, 8.0355468772275174e-06, 1.5299685832137477e-05, 0.0017757196273964215, -2.2204460492503131e-16, 0.0, -2.2204460492503131e-16, 0.0001856151614447743, 3.1949750783133446e-05, 2.4795470928595797e-05, 5.2680876809763078e-06, 0.0011020028958301786, 1.677553649315211e-05, 4.32467890365551e-06, 0.0, 3.3201392197756974e-06, 5.1422514043442114e-05, 1.635003599398388e-06, 4.8402840433503513e-06, 3.9864353935770147e-05, 4.3017016437163491e-05, 1.1354937335950055e-06, 1.5248043422344537e-06, 0.0, 1.0304528930138446e-05, 0.00038304328425620149, 8.9385683987863729e-06]
Starting iteration 19
[656, 1403, 548, 703, 466, 393, 621, 522, 971, 366, 443, 638, 427, 500, 921, 718, 1620, 406, 610, 190, 555, 477, 731, 965, 463, 464, 729, 887, 589, 405, 868, 586]
diff = [1.7534033585953068e-05, 1.4632137916859023e-05, 2.0181202374125462e-05, 4.0108403868255316e-05, 7.3369672293432942e-05, 2.0502676852274249e-05, 1.1243295571450318e-05, 2.0626236922671737e-05, 0.0028057415682538611, -2.2204460492503131e-16, 3.3091749978009233e-06, -2.2204460492503131e-16, 9.9846143371440377e-05, 2.0517044982515387e-05, 1.2266735997190636e-05, 4.1053916756128572e-06, 0.0013981862402928646, 1.7184962927352387e-05, 3.126292746458148e-06, 0.0, 5.1062954087299772e-06, 1.9364795433740589e-05, 7.6390306735785174e-06, 1.1023196302861749e-05, -2.2204460492503131e-16, 2.5981452304701946e-05, 3.5934398900927533e-07, 4.521472726892739e-06, 5.4125715781561112e-06, 3.6115984511364552e-05, 0.0001728980125087487, -2.2204460492503131e-16]
Starting iteration 20
[655, 1405, 548, 702, 461, 394, 622, 520, 870, 366, 443, 638, 421, 499, 918, 712, 1706, 408, 610, 190, 563, 481, 733, 966, 465, 463, 729, 890, 589, 406, 882, 586]
diff = [2.1902174568433352e-06, 8.4217045409618052e-06, 0.0, 2.7040807898393027e-06, 0.00018524735639813272, 5.391157043133088e-05, 6.4411700982924813e-06, 3.6594544730816914e-05, 0.0042271157823932093, -2.2204460492503131e-16, 0.0, -2.2204460492503131e-16, 0.00020014016696279224, 5.168789980136701e-06, 4.7729141173791234e-06, 7.6850933308225677e-06, 0.0016829638010911196, 1.9650261983139572e-05, -2.2204460492503131e-16, 0.0, 1.7321371920453466e-05, 4.3010263099385604e-05, 3.5123192574371132e-06, 2.2743796779245429e-06, 3.3206529838736287e-05, 2.7530502294537129e-06, 0.0, 7.1153905629728342e-06, 0.0, 9.6414091269592106e-06, 0.00025148546317121934, 5.7745022936650514e-06]
Starting iteration 21
[655, 1406, 546, 705, 462, 393, 623, 517, 796, 366, 444, 639, 415, 496, 921, 711, 1773, 409, 612, 190, 561, 479, 729, 967, 465, 461, 728, 891, 589, 407, 899, 586]
diff = [1.1102230246251565e-16, 1.8648981695457145e-05, 2.0707394682850655e-05, 6.8302208645953932e-05, 7.0443048596602331e-05, 6.0724962069658162e-05, 1.8705096370030816e-05, 1.4790105023143596e-05, 0.0031323664034237364, -2.2204460492503131e-16, 1.1460012655395424e-05, 2.5000234992189618e-06, 0.00021132150239788761, 2.0323537639255207e-05, 1.9843929113805281e-05, 1.2269738441927913e-06, 0.0013180934019659807, 4.6008120836438238e-06, 9.0111589274854964e-06, 0.0, 1.0775622536596252e-05, 3.8063042894886934e-05, 4.7443912754463469e-05, 7.3305277257240675e-06, 1.1102230246251565e-16, 1.6258991180406746e-05, 4.9642002009075981e-07, 9.9674836617769103e-07, 2.4766782112939367e-05, 1.3559679112096212e-05, 0.00041126731061413846, 1.1102230246251565e-16]
Starting iteration 22
[656, 1400, 544, 700, 463, 391, 624, 517, 756, 366, 444, 639, 414, 494, 924, 710, 1820, 409, 612, 190, 559, 479, 728, 967, 463, 460, 729, 889, 590, 408, 909, 587]
diff = [7.657222096058014e-06, 1.3399111928769081e-05, 1.4254448426398447e-05, 1.9474868874103102e-05, 1.8772585199000602e-05, 0.00013753413507333612, 2.4793886656437891e-05, 9.4226930764662598e-06, 0.0013941882619828982, -2.2204460492503131e-16, 0.0, 3.8823800886378379e-06, 6.5683674787098134e-05, 1.0043394252035043e-05, 7.5943309307713314e-05, 4.266824663146096e-06, 0.00089937907450743371, 1.1102230246251565e-16, 0.0, 0.0, 1.4850843665259461e-05, 1.4795050875759941e-05, 2.3902412407128537e-06, 9.6935272839715481e-06, 5.8909130569162471e-06, 2.3630321038803359e-06, 5.1599112305122929e-07, 4.0859945743543236e-06, 1.1095877805233911e-05, 9.7524904850709859e-06, 0.00028294336320289215, 1.4874538180276176e-05]
Starting iteration 23
[659, 1396, 543, 701, 465, 390, 623, 517, 740, 366, 445, 640, 412, 494, 931, 707, 1825, 408, 615, 190, 560, 477, 729, 967, 462, 458, 728, 887, 590, 408, 921, 587]
diff = [3.4973500656954037e-05, 7.1777358453539719e-06, 4.1381785755856271e-06, 4.6596725660652538e-05, 6.8958282123277037e-05, 2.0525267770743483e-05, 2.6297395492314024e-06, 3.9931977983465039e-05, 0.00035551927855470566, -2.2204460492503131e-16, 1.0782640094464391e-05, 9.364756350382919e-07, 3.2520417231007848e-05, 0.0, 3.446604750456661e-05, 4.3551441021305592e-06, 0.00037930207307046437, 2.1051346003830851e-05, 2.9215229847112667e-05, 0.0, 7.8699332447529358e-06, 1.3196870566556385e-05, 2.4090691383538143e-05, 0.0, 2.9195369811829686e-05, 2.8608926127771106e-05, 1.6774704714173083e-06, 7.150507359221514e-06, 0.0, 1.7676321173554221e-05, 0.00021657219339976663, 0.0]
Starting iteration 24
[659, 1393, 542, 698, 466, 388, 621, 519, 733, 366, 444, 640, 411, 494, 932, 702, 1828, 410, 614, 190, 565, 477, 731, 969, 460, 458, 727, 881, 590, 408, 938, 587]
diff = [1.1102230246251565e-16, 2.7377090249247615e-06, 1.7792224370594134e-05, 5.2354043087010638e-05, 0.00014207799959864431, 7.0252171808782293e-05, 9.8278827722619866e-06, 8.4497656839821467e-05, 6.9371139668761295e-05, -2.2204460492503131e-16, 5.7722317007291579e-06, 0.0, 6.6346971925312914e-06, 0.0, 1.3107466913186983e-05, 1.0420163161439788e-05, 0.00018797943910042747, 1.1766021131398574e-05, 3.7918990565266597e-06, 0.0, 9.5807657667368318e-06, -2.2204460492503131e-16, 9.7941298932147092e-06, 1.6981708483854163e-06, 2.1050349121587431e-05, -2.2204460492503131e-16, 4.9893587694693764e-07, 2.460090213274313e-05, 0.0, -2.2204460492503131e-16, 0.00020222273603587304, 0.0]
Starting iteration 25
[659, 1391, 538, 699, 471, 388, 621, 518, 728, 366, 442, 640, 409, 494, 931, 700, 1826, 410, 614, 190, 565, 477, 729, 969, 460, 458, 729, 880, 590, 408, 954, 587]
diff = [1.1102230246251565e-16, 3.6500732969457772e-06, 4.4365832692960794e-05, 1.861110030554336e-05, 0.00017012211512357212, 3.0378087993998548e-05, 2.2204460492503131e-16, 4.5173895998340541e-06, 3.7781547731818854e-05, -2.2204460492503131e-16, 1.8089461476633595e-05, 0.0, 3.1491866396393675e-05, 4.4328306614271895e-06, 5.442781350950554e-06, 2.0503350109946084e-06, 8.3148101373109462e-05, 1.1102230246251565e-16, 0.0, 0.0, 5.3668448315447037e-06, -2.2204460492503131e-16, 1.8116829139214197e-05, 0.0, 1.2741055034681814e-05, -2.2204460492503131e-16, 2.056682746109928e-06, 5.6991380292803484e-07, 0.0, -2.2204460492503131e-16, 0.00021668865079493838, 0.0]
Starting iteration 26
[658, 1391, 533, 696, 477, 388, 621, 517, 725, 366, 442, 640, 408, 495, 930, 696, 1817, 412, 615, 190, 569, 477, 729, 969, 459, 458, 729, 880, 588, 407, 972, 587]
diff = [5.9444245184003819e-06, 4.6102677064840947e-07, 9.0675831035946786e-05, 1.0636186649315427e-05, 0.00041678660715371851, 0.0, 8.9840153849607418e-06, 2.9099084211114956e-06, 1.9269392842247157e-05, -2.2204460492503131e-16, -2.2204460492503131e-16, 0.0, 2.8622808469380701e-05, 4.0936084623188762e-06, 1.5070170392261772e-05, 7.0581989143336799e-06, 7.4034771422870627e-05, 2.5123739366916809e-05, 2.3263193656974934e-06, 0.0, 6.3579519790080141e-06, -2.2204460492503131e-16, 1.1102230246251565e-16, 1.3673056923346749e-06, 1.3433528887496493e-05, -2.2204460492503131e-16, 0.0, -2.2204460492503131e-16, 1.0277532194180594e-05, 3.9169144205875028e-05, 0.0002724524913637616, 0.0]
Starting iteration 27
[658, 1391, 526, 689, 484, 388, 621, 517, 725, 366, 442, 640, 407, 495, 929, 692, 1816, 412, 615, 190, 573, 477, 727, 971, 459, 459, 729, 881, 588, 405, 982, 587]
diff = [-2.2204460492503131e-16, 1.3378402022867775e-06, 0.00018977521759655502, 4.2348330503316767e-05, 0.00058847157470942602, 0.0, 7.6887742680442628e-06, 2.2204460492503131e-16, -2.2204460492503131e-16, -2.2204460492503131e-16, -2.2204460492503131e-16, 0.0, 1.4922638376324571e-05, 0.0, 2.5628765410790066e-05, 6.7852963959724732e-06, 3.9168934328315252e-05, -2.2204460492503131e-16, -2.2204460492503131e-16, 0.0, 9.4320736708786157e-06, -2.2204460492503131e-16, 1.8029748510728361e-05, 4.1144122107095171e-06, -2.2204460492503131e-16, 5.3159009681946756e-06, 1.3082007613851587e-06, 1.4230018674510347e-06, 0.0, 1.5112045142262609e-05, 0.00013616076098310614, 0.0]
Starting iteration 28
[658, 1391, 522, 688, 487, 387, 621, 517, 725, 366, 442, 640, 406, 494, 928, 690, 1813, 412, 615, 190, 576, 477, 726, 972, 456, 459, 729, 881, 588, 404, 994, 587]
diff = [-2.2204460492503131e-16, 0.0, 7.5890817289092638e-05, 2.6800256666126288e-06, 0.00028277709665103234, 8.9217939434060867e-06, -2.2204460492503131e-16, 2.2204460492503131e-16, -2.2204460492503131e-16, -2.2204460492503131e-16, -2.2204460492503131e-16, 3.5429302540634922e-06, 6.617928525631811e-06, 4.9258444186905948e-06, 1.3100870169258094e-05, 2.5641927623443195e-06, 1.8843094501730384e-05, 1.6456236662243384e-05, -2.2204460492503131e-16, 0.0, 1.4716752398835631e-05, -2.2204460492503131e-16, 2.1644537789855534e-06, 4.120821828434984e-06, 4.5279089879723955e-05, 2.2204460492503131e-16, 1.4478832087716498e-06, 1.1102230246251565e-16, 0.0, 7.19488651657052e-06, 0.00013049410202148337, 0.0]
Starting iteration 29
[658, 1393, 519, 686, 490, 387, 622, 517, 725, 366, 442, 640, 404, 494, 929, 689, 1807, 413, 615, 190, 577, 477, 726, 971, 454, 459, 728, 881, 589, 405, 1001, 587]
diff = [-2.2204460492503131e-16, 9.1665095292015053e-07, 8.9551071081772626e-05, 7.644173820486877e-06, 0.00021423264766562422, 0.0, 3.0524980225710152e-06, 2.2204460492503131e-16, -2.2204460492503131e-16, -2.2204460492503131e-16, -2.2204460492503131e-16, 0.0, 2.6262040651703344e-05, 1.1102230246251565e-16, 1.6268705527178184e-06, 4.162711223609783e-06, 2.1582070852788071e-05, 2.0570950276521671e-06, -2.2204460492503131e-16, 0.0, 6.3475158682546606e-06, -2.2204460492503131e-16, 0.0, 1.225600539056515e-06, 9.1748562696114533e-06, 2.2204460492503131e-16, 5.582119487756998e-07, 1.1102230246251565e-16, 2.6380107158718857e-06, 7.9468278171290763e-06, 9.2789856102504231e-05, 0.0]
Starting iteration 30
[658, 1393, 517, 686, 488, 387, 622, 517, 725, 366, 442, 640, 404, 495, 929, 686, 1802, 413, 616, 190, 580, 477, 726, 970, 454, 459, 728, 881, 589, 405, 1009, 587]
diff = [-2.2204460492503131e-16, 2.2204460492503131e-16, 2.3083526340061944e-05, 0.0, 5.3824989136641577e-05, 0.0, 0.0, 2.2204460492503131e-16, -2.2204460492503131e-16, -2.2204460492503131e-16, -2.2204460492503131e-16, 0.0, 0.0, 7.3643010048973778e-06, 0.0, 3.7859352038926986e-06, 8.8470191499379069e-06, 1.3575689817968417e-05, 2.5177970598422306e-06, 0.0, 3.1833543426840194e-06, -2.2204460492503131e-16, 0.0, 2.6619631035007529e-06, 1.7553195339359284e-05, 2.2204460492503131e-16, 2.2204460492503131e-16, 1.1102230246251565e-16, 1.1102230246251565e-16, 2.2204460492503131e-16, 4.7511923912058052e-05, 0.0]
Starting iteration 31
[658, 1393, 517, 686, 487, 387, 622, 517, 725, 366, 442, 640, 404, 495, 929, 685, 1799, 413, 616, 190, 581, 477, 726, 970, 454, 459, 728, 881, 589, 405, 1013, 587]
diff = [-2.2204460492503131e-16, 2.2204460492503131e-16, 2.1238095249231925e-05, 0.0, 5.1785832802297982e-05, 0.0, 0.0, 2.2204460492503131e-16, -2.2204460492503131e-16, -2.2204460492503131e-16, -2.2204460492503131e-16, 0.0, 0.0, -2.2204460492503131e-16, 0.0, 1.4713038835045822e-06, 6.6320063244473815e-06, -2.2204460492503131e-16, 0.0, 0.0, 1.2353682916632636e-06, -2.2204460492503131e-16, 0.0, -2.2204460492503131e-16, 0.0, 2.2204460492503131e-16, 2.2204460492503131e-16, 1.1102230246251565e-16, 1.1102230246251565e-16, 2.2204460492503131e-16, 2.3149118772436417e-05, 0.0]
Starting iteration 32
[658, 1395, 517, 686, 485, 387, 622, 517, 725, 366, 442, 640, 404, 494, 929, 684, 1794, 413, 617, 190, 582, 477, 726, 971, 454, 459, 728, 881, 589, 405, 1017, 587]
diff = [-2.2204460492503131e-16, 1.4565646424546941e-06, 2.1110452032901961e-05, 0.0, 9.1066304609643822e-05, 0.0, 0.0, 2.2204460492503131e-16, -2.2204460492503131e-16, -2.2204460492503131e-16, -2.2204460492503131e-16, 0.0, 0.0, 5.2154100611545573e-06, 0.0, 1.8996586718111885e-06, 1.9460949654326321e-05, -2.2204460492503131e-16, 3.3041261767730035e-06, 0.0, 1.5858164559290344e-06, -2.2204460492503131e-16, 0.0, 8.1914719873843467e-07, 0.0, 2.2204460492503131e-16, 2.2204460492503131e-16, 1.1102230246251565e-16, 1.1102230246251565e-16, 2.2204460492503131e-16, 4.6565195219394617e-05, 0.0]
Starting iteration 33
[658, 1395, 516, 685, 484, 387, 622, 517, 725, 366, 442, 640, 404, 494, 929, 683, 1792, 413, 617, 190, 583, 477, 725, 971, 454, 459, 728, 881, 589, 405, 1023, 587]
diff = [-2.2204460492503131e-16, 0.0, 3.7037951823304383e-06, 7.7199055430465791e-06, 2.8219689056530051e-05, 0.0, 0.0, 2.2204460492503131e-16, -2.2204460492503131e-16, -2.2204460492503131e-16, -2.2204460492503131e-16, 0.0, 0.0, -2.2204460492503131e-16, 0.0, 1.4353274497835855e-06, 3.7335908664726247e-06, -2.2204460492503131e-16, 1.1102230246251565e-16, 0.0, 1.1862318053390553e-06, -2.2204460492503131e-16, 2.1262423505197248e-06, -2.2204460492503131e-16, 0.0, 2.2204460492503131e-16, 2.2204460492503131e-16, 1.1102230246251565e-16, 1.1102230246251565e-16, 2.2204460492503131e-16, 3.6999707838880624e-05, 0.0]
Starting iteration 34
[658, 1394, 514, 685, 485, 387, 622, 517, 725, 366, 442, 640, 404, 494, 929, 682, 1792, 413, 617, 190, 583, 477, 725, 971, 454, 459, 729, 881, 589, 406, 1024, 587]
diff = [-2.2204460492503131e-16, 4.2759310503459602e-07, 2.0046109955540459e-05, 0.0, 0.00010179283479150314, 0.0, 0.0, 2.2204460492503131e-16, -2.2204460492503131e-16, -2.2204460492503131e-16, -2.2204460492503131e-16, 0.0, 0.0, -2.2204460492503131e-16, 0.0, 1.035861214915279e-06, 3.3264508609853749e-06, -2.2204460492503131e-16, 1.1102230246251565e-16, 0.0, 9.7443361568583242e-07, -2.2204460492503131e-16, -2.2204460492503131e-16, -2.2204460492503131e-16, 0.0, 2.2204460492503131e-16, 3.6519959634162547e-07, 1.1102230246251565e-16, 1.1102230246251565e-16, 3.0161373796300239e-05, 4.9503280481477674e-06, 0.0]
Starting iteration 35
[659, 1395, 510, 685, 486, 387, 622, 517, 725, 366, 442, 640, 404, 494, 929, 682, 1791, 413, 617, 190, 581, 477, 725, 970, 454, 459, 729, 881, 589, 406, 1029, 587]
diff = [5.1630364886756652e-06, 7.4687658513372668e-07, 8.2070684891966117e-05, 7.2447598729041829e-06, 0.00022922098816591241, 0.0, 0.0, 2.2204460492503131e-16, -2.2204460492503131e-16, -2.2204460492503131e-16, -2.2204460492503131e-16, 0.0, 0.0, -2.2204460492503131e-16, 0.0, 1.1102230246251565e-16, 3.2640955811569228e-06, -2.2204460492503131e-16, 1.1102230246251565e-16, 0.0, 3.1665945019465624e-06, -2.2204460492503131e-16, -2.2204460492503131e-16, 7.7860371527904704e-07, 0.0, 2.2204460492503131e-16, 0.0, 1.1102230246251565e-16, 1.1102230246251565e-16, 0.0, 2.7275389578362841e-05, 0.0]
Starting iteration 36
[659, 1395, 505, 685, 493, 387, 622, 517, 725, 366, 442, 640, 404, 494, 929, 681, 1790, 411, 617, 190, 582, 477, 725, 970, 454, 459, 729, 881, 589, 406, 1030, 587]
diff = [-2.2204460492503131e-16, 0.0, 0.00012525149281161774, 1.1102230246251565e-16, 0.0003140070164572295, 0.0, 0.0, 2.2204460492503131e-16, -2.2204460492503131e-16, -2.2204460492503131e-16, -2.2204460492503131e-16, 0.0, 0.0, -2.2204460492503131e-16, 0.0, 7.4829024443445746e-07, 4.8795037296267552e-06, 2.2869652535839613e-05, 1.1102230246251565e-16, 0.0, 6.1457337896531072e-07, -2.2204460492503131e-16, -2.2204460492503131e-16, -2.2204460492503131e-16, 0.0, 2.2204460492503131e-16, 0.0, 1.1102230246251565e-16, 1.1102230246251565e-16, 0.0, 1.2339460431221028e-05, 0.0]
Starting iteration 37
[659, 1395, 500, 685, 497, 387, 622, 517, 725, 366, 442, 640, 404, 494, 929, 680, 1790, 410, 617, 190, 583, 477, 724, 970, 454, 459, 729, 881, 589, 406, 1033, 587]
diff = [-2.2204460492503131e-16, 0.0, 0.00015844789505081724, 1.1102230246251565e-16, 0.00034685847742077502, 0.0, 0.0, 2.2204460492503131e-16, -2.2204460492503131e-16, -2.2204460492503131e-16, -2.2204460492503131e-16, 0.0, 0.0, -2.2204460492503131e-16, 0.0, 7.4921820680806661e-07, 0.0, 5.6436373803148143e-06, 1.1102230246251565e-16, 0.0, 6.1037625598281409e-07, -2.2204460492503131e-16, 2.3083609618224088e-06, -2.2204460492503131e-16, 0.0, 2.2204460492503131e-16, 0.0, 1.1102230246251565e-16, 1.1102230246251565e-16, 0.0, 2.3583717158381923e-05, 0.0]
Starting iteration 38
[659, 1394, 499, 684, 499, 387, 621, 517, 725, 366, 442, 640, 405, 494, 929, 678, 1791, 408, 617, 190, 585, 477, 723, 970, 454, 459, 729, 881, 589, 406, 1036, 587]
diff = [-2.2204460492503131e-16, 5.3352083728697153e-07, 0.00022080283705938619, 9.0097380848197517e-06, 0.00042245788841110965, 0.0, 1.557524813644573e-05, 2.2204460492503131e-16, -2.2204460492503131e-16, -2.2204460492503131e-16, -2.2204460492503131e-16, 0.0, 1.1489670235009797e-05, -2.2204460492503131e-16, 0.0, 2.3823782802079307e-06, 1.4105799659436258e-06, 3.372334543205735e-05, 1.1102230246251565e-16, 0.0, 1.9099983943338117e-06, -2.2204460492503131e-16, 5.3093223637556974e-06, -2.2204460492503131e-16, 0.0, 2.2204460492503131e-16, 0.0, 1.1102230246251565e-16, 1.1102230246251565e-16, 0.0, 2.1846996518082307e-05, 0.0]
Starting iteration 39
[659, 1394, 502, 684, 494, 387, 620, 517, 725, 366, 442, 640, 406, 494, 929, 678, 1790, 408, 617, 190, 585, 478, 723, 970, 454, 459, 729, 881, 589, 406, 1038, 587]
diff = [-2.2204460492503131e-16, 0.0, 3.5789740821412508e-05, 9.4187656907163131e-06, 0.00011297819680000654, 0.0, 3.0658087660784261e-06, 2.2204460492503131e-16, -2.2204460492503131e-16, -2.2204460492503131e-16, -2.2204460492503131e-16, 0.0, 1.152507556245741e-05, -2.2204460492503131e-16, 0.0, 1.1102230246251565e-16, 9.3824542257703314e-07, -2.2204460492503131e-16, 1.1102230246251565e-16, 0.0, 0.0, 8.7307817526749432e-06, 1.1102230246251565e-16, -2.2204460492503131e-16, 0.0, 2.2204460492503131e-16, 0.0, 1.1102230246251565e-16, 1.1102230246251565e-16, 1.2185746946613563e-05, 7.2520637764972307e-06, 0.0]
Starting iteration 40
[659, 1394, 501, 684, 492, 387, 620, 517, 725, 366, 442, 640, 406, 494, 929, 678, 1790, 409, 617, 190, 585, 478, 723, 970, 454, 459, 729, 881, 589, 406, 1040, 587]
diff = [-2.2204460492503131e-16, 0.0, 4.3113347713008565e-06, -2.2204460492503131e-16, 4.4859430398558331e-05, 0.0, 2.2204460492503131e-16, 2.2204460492503131e-16, -2.2204460492503131e-16, -2.2204460492503131e-16, -2.2204460492503131e-16, 0.0, -2.2204460492503131e-16, -2.2204460492503131e-16, 0.0, 1.1102230246251565e-16, -2.2204460492503131e-16, 7.391272111023639e-06, 1.1102230246251565e-16, 0.0, 0.0, 0.0, 1.1102230246251565e-16, -2.2204460492503131e-16, 0.0, 2.2204460492503131e-16, 0.0, 1.1102230246251565e-16, 1.1102230246251565e-16, 2.2204460492503131e-16, 6.8625876273875619e-06, 0.0]
Starting iteration 41
[659, 1394, 502, 683, 492, 387, 620, 517, 725, 366, 442, 640, 406, 494, 929, 678, 1789, 409, 617, 190, 585, 478, 723, 970, 454, 459, 729, 881, 589, 406, 1041, 587]
diff = [-2.2204460492503131e-16, 0.0, 7.3587941905595144e-06, 1.9329399977285888e-06, -2.2204460492503131e-16, 0.0, 2.2204460492503131e-16, 2.2204460492503131e-16, -2.2204460492503131e-16, -2.2204460492503131e-16, -2.2204460492503131e-16, 0.0, -2.2204460492503131e-16, -2.2204460492503131e-16, 0.0, 1.1102230246251565e-16, 2.2434298621032411e-06, -2.2204460492503131e-16, 1.1102230246251565e-16, 0.0, 0.0, 0.0, 1.1102230246251565e-16, -2.2204460492503131e-16, 0.0, 2.2204460492503131e-16, 0.0, 1.1102230246251565e-16, 1.1102230246251565e-16, 2.2204460492503131e-16, 3.1283391765946078e-06, 0.0]
Starting iteration 42
[659, 1394, 502, 683, 492, 387, 620, 517, 725, 366, 442, 640, 406, 494, 929, 678, 1789, 409, 617, 190, 585, 478, 723, 970, 454, 459, 729, 881, 589, 406, 1041, 587]
diff = [-2.2204460492503131e-16, 0.0, 1.1102230246251565e-16, 1.1102230246251565e-16, -2.2204460492503131e-16, 0.0, 2.2204460492503131e-16, 2.2204460492503131e-16, -2.2204460492503131e-16, -2.2204460492503131e-16, -2.2204460492503131e-16, 0.0, -2.2204460492503131e-16, -2.2204460492503131e-16, 0.0, 1.1102230246251565e-16, 1.1102230246251565e-16, -2.2204460492503131e-16, 1.1102230246251565e-16, 0.0, 0.0, 0.0, 1.1102230246251565e-16, -2.2204460492503131e-16, 0.0, 2.2204460492503131e-16, 0.0, 1.1102230246251565e-16, 1.1102230246251565e-16, 2.2204460492503131e-16, 1.1102230246251565e-16, 0.0]
Converged in 43 iterations
K-means converged in time: 9262.98443198 seconds or 154.383073866 minutes
Entropy = 3.05459599744
