Magnitudes computed in time:  2.09742903709
Starting iteration 0
[1047, 588, 1777, 1667, 1022, 1921, 1026, 543, 1302, 1399, 1303, 2693, 594, 1569, 1174, 1216]
diff = [0.35284989959248569, 0.47283509026008175, 0.449874861636539, 0.5239710326850171, 0.41011748070423415, 0.41980455401902794, 0.46322000190572232, 0.34745934248438493, 0.48615683383974484, 0.36288600667168769, 0.45417142240671438, 0.45774146846837516, 0.44198484667508764, 0.36069949883674968, 0.33147921799290414, 0.39365181457820497]
Starting iteration 1
[1205, 962, 2286, 1406, 1552, 737, 1328, 1191, 1174, 1300, 547, 783, 1425, 1394, 2334, 1217]
diff = [0.080819800710092871, 0.064014209665760324, 0.0618946348405498, 0.058961775241535674, 0.059167180078500858, 0.15002068351989328, 0.12352301117616005, 0.1097133906822827, 0.13147817571752707, 0.067211586215779606, 0.19821127292935892, 0.097358517403591582, 0.063088869402060488, 0.15050612789118989, 0.1005929559409674, 0.16855829473885708]
Starting iteration 2
[1206, 1244, 1943, 1483, 1263, 852, 826, 1782, 862, 1928, 953, 631, 1382, 877, 2267, 1342]
diff = [0.048088427501142172, 0.069154307719092256, 0.022960208642102797, 0.012954465890602895, 0.018241391556991005, 0.046243546857291706, 0.018838172055605118, 0.039418724482025214, 0.0017943482591419313, 0.028247680945262088, 0.0084427214872864198, 0.021742486122726112, 0.0072184863517490427, 0.039903260746770419, 0.0092435076693844209, 0.047079752972333133]
Starting iteration 3
[1410, 1457, 1742, 1705, 1054, 857, 666, 1989, 688, 2156, 1083, 627, 1302, 813, 2071, 1221]
diff = [0.010811439450943428, 0.058512759528550062, 0.015771954917227826, 0.0052534358307718687, 0.0083130038386453053, 0.019719675408536586, 0.003115064377811394, 0.019030689025781533, 0.0038076310143686509, 0.0073660211212501769, 0.0028648419387610202, 0.016606100364335963, 0.0021612846600589375, 0.011085267517151554, 0.0019451145605574593, 0.038564810947169015]
Starting iteration 4
[1570, 1575, 1690, 1821, 983, 761, 588, 2002, 627, 2254, 1150, 616, 1247, 938, 1925, 1094]
diff = [0.0032945829650150582, 0.011473486841158675, 0.0092670993767084431, 0.0014451188028411499, 0.0021076050814419212, 0.021005910794621219, 0.0035435703653010631, 0.012855585634583777, 0.0024382008583372361, 0.0040927394386527371, 0.00084501797857805538, 0.0091195778583010867, 0.0009662545947229928, 0.0054936044421084462, 0.0011672355376890486, 0.015940837532837704]
Starting iteration 5
[1636, 1642, 1699, 1862, 980, 736, 536, 1979, 617, 2231, 1182, 637, 1183, 1013, 1837, 1071]
diff = [0.0014059485984829756, 0.0010560195777379322, 0.0022589571655295959, 0.00032047357644027219, 0.0014847980616670142, 0.018003725216748534, 0.0051663236672634394, 0.0064817204520862814, 0.00035255672637801716, 0.0013745267303161279, 0.00025351486124103317, 0.0014881415916139229, 0.00065292526532922945, 0.00283266353042122, 0.0008666382981911136, 0.00048641553415307293]
Starting iteration 6
[1676, 1682, 1692, 1871, 1031, 705, 553, 1907, 621, 2248, 1173, 653, 1116, 1063, 1792, 1058]
diff = [0.00045137999782707272, 0.00041358268543334464, 0.00060459904731746672, 0.00010201819850508276, 0.003417672514485548, 0.0087179714413055942, 0.0045043401210653755, 0.0022336571184532472, 6.8951822374652139e-05, 0.00066830761442893127, 0.00021201194751996333, 0.00031084952359161644, 0.0010032179920834716, 0.00099209736385530434, 0.00038777612188956034, 0.0001474303975934621]
Starting iteration 7
[1707, 1685, 1668, 1872, 1168, 667, 571, 1838, 619, 2301, 1184, 655, 989, 1105, 1768, 1044]
diff = [0.00024889068912847812, 0.00018231341416863334, 0.00024162804056648834, 5.9912776588011418e-05, 0.0073975335364127037, 0.0040809684948960312, 0.001956661006236482, 0.0012036102967414308, 4.190685433069774e-05, 0.00045971130959010509, 0.00010236622000536766, 5.5949590186177289e-05, 0.0059717356183243142, 0.00043590496701217951, 0.00011516342297446247, 0.00014506409824799338]
Starting iteration 8
[1721, 1685, 1650, 1870, 1327, 656, 562, 1791, 622, 2322, 1202, 663, 861, 1119, 1759, 1031]
diff = [0.00030033912266669294, 0.0001684390947975789, 0.00011601374898861927, 8.5460546443316687e-05, 0.0094063159031471111, 0.0011722471835253767, 0.0023133078950180463, 0.00070073394456371396, 5.6675666962213711e-05, 0.00094763631800376391, 6.6988991068162029e-05, 8.627489758028517e-05, 0.02958835946462024, 0.00012569245326099487, 9.2929361858673509e-05, 0.00017610427253866856]
Starting iteration 9
[1740, 1675, 1628, 1870, 1442, 639, 556, 1752, 625, 2321, 1226, 667, 823, 1119, 1737, 1021]
diff = [0.00041765138528448986, 0.00033062506643322109, 0.00014381024042364743, 6.8366066051206431e-05, 0.0037723160876887984, 0.00055620494244390528, 0.0021317847065071005, 0.00065176689804591348, 3.7296316679924502e-05, 0.0035457001669209065, 3.4893542287139923e-05, 2.1988016301599522e-05, 0.029044304527479303, 9.7616030448555158e-05, 0.00017057385172103423, 6.9260985426589095e-05]
Starting iteration 10
[1743, 1605, 1600, 1882, 1503, 634, 557, 1712, 627, 2438, 1238, 666, 804, 1105, 1710, 1017]
diff = [0.0002375930101840007, 0.00060784683309578202, 9.658566076875541e-05, 5.4316489207062446e-05, 0.00081913440083003497, 0.0004993284472326609, 0.0012615328427056927, 0.00064427006405765042, 4.0005386385377761e-05, 0.0019482628467063501, 1.3749420483044617e-05, 1.4936497054973685e-05, 0.0047384501414835523, 0.00013164569161328021, 0.00021980630522289157, 5.7701040332536202e-05]
Starting iteration 11
[1740, 1497, 1571, 1896, 1509, 625, 566, 1682, 640, 2588, 1250, 665, 804, 1104, 1695, 1009]
diff = [0.00021215878600000515, 0.00087290542661544457, 0.00026647250587619187, 3.6750844673028027e-05, 0.00012841042001299208, 0.00020809376049968353, 0.0020512737476398035, 0.00040545868133057272, 0.00016066875498510491, 0.0018820716910729063, 5.0862953428043589e-05, 2.1781189859515493e-06, 0.00082306533796094872, 3.7196424297114561e-05, 0.00014655985350042755, 0.00011283609845802456]
Starting iteration 12
[1746, 1394, 1565, 1933, 1505, 625, 555, 1655, 642, 2667, 1288, 671, 813, 1104, 1674, 1004]
diff = [0.00011191493324558266, 0.00095065996309551259, 0.00024092589790047914, 0.00011439786157219078, 2.3338090861191318e-05, 9.423537373343116e-05, 0.0069257897353933728, 0.00041270304954343917, 4.5651345103370211e-05, 0.0020209697787948455, 0.00013657456693560999, 6.7719974138347183e-06, 0.00013860317579639236, 2.2440138195078951e-05, 9.9474814195255057e-05, 4.9897457461756112e-05]
Starting iteration 13
[1745, 1293, 1568, 1998, 1508, 623, 558, 1632, 642, 2659, 1350, 672, 823, 1102, 1668, 1000]
diff = [0.00011698263754089666, 0.00092227230270114369, 0.00036966946598526729, 0.00046350237435432984, 1.1149467783133638e-05, 6.698237314739508e-05, 0.022979398235590476, 0.00034174280425336434, 4.0245508802549956e-05, 0.0037711312302244338, 0.00035829174481794013, 3.492957929451812e-06, 4.5335874605090254e-05, 3.7928367154771436e-05, 0.00011077509307666489, 1.8540396410027249e-05]
Starting iteration 14
[1738, 1204, 1622, 2064, 1502, 622, 590, 1604, 632, 2601, 1396, 676, 826, 1101, 1664, 999]
diff = [8.1679334347328769e-05, 0.0010790318369238161, 0.0008812984489080522, 0.00037230000472943114, 1.1586973338251205e-05, 3.6644132572205557e-05, 0.021816213076606195, 0.00040699973973246095, 0.00013443748206232176, 0.0048755475356107025, 0.00033483670737310955, 9.0599046520534188e-06, 5.1958454904021956e-05, 8.8196798939677024e-06, 0.00010232450718117292, 1.4512917794640146e-05]
Starting iteration 15
[1720, 1124, 1701, 2107, 1496, 623, 681, 1573, 632, 2528, 1400, 678, 830, 1103, 1651, 994]
diff = [9.1274382462480652e-05, 0.001677211069730733, 0.0015395027889677504, 0.00026705042052421746, 3.2264552409566605e-05, 2.0119675193774889e-05, 0.0043440764267501653, 0.00059937128679565799, 5.0024514264057629e-05, 0.0053451298951203707, 3.1176156083168038e-05, 7.1933854556283094e-06, 5.3657904323656247e-05, 1.1074460997684277e-05, 4.0246701097701454e-05, 2.3827505299833796e-05]
Starting iteration 16
[1703, 1050, 1801, 2142, 1490, 625, 766, 1514, 626, 2486, 1399, 678, 830, 1099, 1636, 996]
diff = [8.0113533910353141e-05, 0.0038607252593926278, 0.0019629119333762768, 0.00010222257470526852, 1.8935627368987795e-05, 1.1215313189150145e-05, 0.0055679100502449286, 0.0012559078721356975, 4.6790620827241725e-05, 0.0059501130536770974, 1.1227940714064744e-05, 1.2496692115560037e-06, 1.1600637014552717e-05, 1.2919390421917143e-05, 5.8908181035155494e-05, 6.8911651011971387e-05]
Starting iteration 17
[1692, 1019, 1844, 2182, 1486, 622, 836, 1442, 629, 2453, 1398, 678, 829, 1100, 1633, 998]
diff = [6.6043019378181356e-05, 0.0010648444529128831, 0.0005772299721292784, 6.9545724220798633e-05, 1.2998061010183193e-05, 7.8736275532786948e-06, 0.0067004022692043197, 0.0011052507387243615, 8.3387114436783705e-06, 0.0020675901513876882, 3.3620191577377057e-06, 3.7609410988848069e-06, 6.3447578879660682e-06, 5.761084742816891e-06, 4.9199786868792117e-05, 0.00013683633779992821]
Starting iteration 18
[1691, 1011, 1864, 2197, 1490, 625, 912, 1377, 631, 2391, 1401, 679, 827, 1101, 1635, 1009]
diff = [3.9285682166489977e-05, 8.4003658017639538e-05, 0.00016254381969738052, 1.56959030659376e-05, 1.1459925875700883e-05, 1.6424909489942685e-05, 0.011214191425617637, 0.0011838914773992792, 5.5531199401048781e-06, 0.0018606346113007044, 1.5811170250845663e-06, 2.0880934747946611e-06, 2.3486605616573897e-05, 1.3618486848221423e-06, 6.2507060888061794e-05, 0.00026734348072365854]
Starting iteration 19
[1685, 1006, 1887, 2210, 1490, 626, 969, 1315, 631, 2341, 1402, 679, 827, 1099, 1634, 1040]
diff = [6.4289015087815038e-05, 3.6147872841008066e-05, 5.2442268133945369e-05, 1.4563117589738717e-05, 3.8969769183827552e-06, 1.5765142159507306e-06, 0.013405608992421936, 0.0008688945248747082, 5.1482149294734825e-06, 0.0016864690306078733, 5.6141152449118437e-07, 1.7455850828129726e-06, 9.6238013725935545e-06, 1.466717323550526e-05, 6.4606284367219047e-05, 0.00062551881208072757]
Starting iteration 20
[1682, 1008, 1916, 2220, 1489, 628, 943, 1274, 628, 2330, 1404, 680, 828, 1097, 1639, 1075]
diff = [5.8043459371770467e-05, 2.2404359082739411e-05, 5.4016371622833681e-05, 1.0127828384609572e-05, 7.2623856331999193e-06, 2.6105525243402816e-05, 0.0082410923786253587, 0.00029340581332981674, 7.0219769081614203e-06, 0.00065554045043880738, 6.038728118662462e-07, 2.1214364561705779e-06, 1.2951257635118729e-05, 9.4514337100060075e-06, 4.1775691871359655e-05, 0.00076202024360516596]
Starting iteration 21
[1675, 1013, 1928, 2232, 1485, 628, 906, 1249, 629, 2360, 1407, 682, 828, 1098, 1637, 1084]
diff = [5.558256079563062e-05, 3.994809070739791e-05, 2.101715191937803e-05, 9.5131376687263014e-06, 6.8245369824193602e-06, 0.0, 0.0049031721030327047, 0.00031175472090960721, 2.0244031022631503e-06, 0.00047392739704643638, 1.2043435508868328e-06, 7.2514525132350016e-06, 0.0, 3.2154938657269483e-06, 5.7748615164165962e-05, 0.00022403362402911853]
Starting iteration 22
[1675, 1016, 1940, 2241, 1484, 628, 873, 1213, 630, 2391, 1405, 682, 826, 1099, 1655, 1083]
diff = [2.4585900085472012e-05, 5.8359945606989427e-05, 1.2760656984633911e-05, 6.6471556979808e-06, 5.9859315389987344e-06, 0.0, 0.0019877864720230232, 0.0003742165241715778, 6.534023334725525e-06, 0.00021181654714397258, 1.0554737335244369e-06, 0.0, 8.2158396719211879e-06, 8.7371022161608636e-07, 9.2115629481526184e-05, 1.3447643955166733e-05]
Starting iteration 23
[1669, 1017, 1949, 2251, 1487, 628, 859, 1190, 631, 2408, 1404, 682, 825, 1097, 1663, 1081]
diff = [2.0879696595699215e-05, 3.7426743614177305e-05, 1.3706523055878606e-05, 4.8863371446827841e-06, 4.5409096622872624e-06, 0.0, 0.00099456853896595643, 0.00023316096210945769, 1.1593894930772564e-06, 0.00018959903496751362, 2.4679444243780324e-07, 0.0, 1.854448216098703e-06, 3.4010454846855609e-06, 5.4571363875877132e-05, 8.6723681598233071e-06]
Starting iteration 24
[1664, 1019, 1957, 2253, 1487, 628, 834, 1182, 633, 2426, 1404, 683, 827, 1097, 1669, 1078]
diff = [9.5300034365086717e-06, 3.513451781511634e-06, 5.9931156793924245e-06, 2.6576042922998866e-06, 1.291048284723928e-06, 0.0, 0.00080585160225787877, 6.2121631691280932e-05, 3.7070732201716083e-06, 0.00010163133728047224, 4.9206930885503652e-07, 7.0286389419749185e-07, 3.9584849953477885e-06, 1.1102230246251565e-16, 1.181280726347822e-05, 1.1656470996324053e-05]
Starting iteration 25
[1666, 1021, 1958, 2252, 1485, 630, 815, 1175, 633, 2443, 1405, 684, 827, 1097, 1672, 1078]
diff = [2.3570588703170081e-05, 5.9515583491487334e-06, 1.7094714295229352e-06, 6.8728792890215828e-07, 1.0894227507884935e-06, 5.0218474476615427e-06, 0.00053696570332339988, 3.011798811003441e-05, -2.2204460492503131e-16, 4.6226401782312188e-05, 3.0863701938610433e-07, 7.0031389221014706e-07, 9.866840987360348e-06, 1.1102230246251565e-16, 8.2897938949999528e-06, -2.2204460492503131e-16]
Starting iteration 26
[1661, 1022, 1962, 2252, 1484, 630, 806, 1170, 633, 2451, 1406, 684, 828, 1097, 1677, 1078]
diff = [6.4450609518207358e-06, 1.7880313877283172e-06, 3.6040094848477366e-06, 7.1711148841302474e-07, 4.3981510911006438e-07, 0.0, 0.0002529393996522078, 2.1192148004112177e-05, -2.2204460492503131e-16, 4.4742380587714514e-05, 5.352642652445283e-07, 0.0, 2.9010791540162728e-06, 1.1102230246251565e-16, 5.5984176999812618e-06, -2.2204460492503131e-16]
Starting iteration 27
[1660, 1022, 1967, 2253, 1483, 630, 794, 1168, 633, 2460, 1406, 684, 828, 1097, 1678, 1078]
diff = [1.3328599868689395e-05, 0.0, 3.4993514060888131e-06, 8.8443147483463491e-07, 6.1843472045630676e-06, 0.0, 0.00023373821704164577, 9.8733218775182152e-06, -2.2204460492503131e-16, 3.6840258193837627e-05, 0.0, 0.0, 0.0, 1.1102230246251565e-16, 3.0487443867244224e-06, -2.2204460492503131e-16]
Starting iteration 28
[1658, 1022, 1971, 2255, 1481, 630, 771, 1167, 633, 2479, 1406, 685, 830, 1097, 1678, 1078]
diff = [6.2908581672793673e-06, 2.7165060514366957e-06, 3.314374265483977e-06, 9.790671535725437e-07, 2.7440500164344073e-06, 0.0, 0.00046793228283936728, 1.7389496272945948e-06, -2.2204460492503131e-16, 5.1327267632572671e-05, 0.0, 2.7051265201194497e-06, 2.294202204211615e-06, 1.1102230246251565e-16, 0.0, -2.2204460492503131e-16]
Starting iteration 29
[1652, 1023, 1974, 2257, 1481, 630, 749, 1167, 633, 2501, 1406, 685, 831, 1096, 1679, 1077]
diff = [1.3254710997778751e-05, 4.2916321146835301e-06, 1.4209546593813016e-06, 1.278903098644868e-06, -2.2204460492503131e-16, 0.0, 0.00074903454593988616, 0.0, -2.2204460492503131e-16, 4.495468595011598e-05, 0.0, -2.2204460492503131e-16, 1.2468015292421697e-06, 1.080090991867344e-06, 6.7002564274609711e-08, 2.6569836703016492e-06]
Starting iteration 30
[1647, 1024, 1977, 2259, 1482, 630, 730, 1167, 633, 2515, 1406, 685, 831, 1096, 1681, 1078]
diff = [1.0409925644605522e-05, 4.6107458669952806e-06, 3.177672021625888e-06, 1.8861734640829297e-07, 2.5676324333367972e-07, 0.0, 0.00075176527404996474, 0.0, -2.2204460492503131e-16, 4.400612447263974e-05, 0.0, -2.2204460492503131e-16, 1.1102230246251565e-16, 1.1102230246251565e-16, 1.5007062884597744e-06, 2.1567985006853974e-06]
Starting iteration 31
[1642, 1025, 1978, 2257, 1484, 630, 713, 1167, 633, 2535, 1406, 685, 831, 1096, 1681, 1078]
diff = [1.2820227002219298e-05, 4.9454314100527696e-06, 2.1740809974524211e-07, 1.0734523918642935e-06, 2.7020671374833327e-06, 0.0, 0.00060720181196571854, 0.0, -2.2204460492503131e-16, 4.5661302966126804e-05, 0.0, -2.2204460492503131e-16, 1.1102230246251565e-16, 1.1102230246251565e-16, 2.2204460492503131e-16, -2.2204460492503131e-16]
Starting iteration 32
[1637, 1027, 1984, 2256, 1485, 630, 688, 1167, 633, 2558, 1406, 685, 831, 1095, 1681, 1078]
diff = [1.9595995589316573e-05, 2.1855654996905116e-06, 4.3677414784948354e-06, 1.6018134656459182e-06, 1.1620582414106906e-06, 0.0, 0.0010377422634030298, 0.0, -2.2204460492503131e-16, 6.8499450760484137e-05, 0.0, -2.2204460492503131e-16, 1.1102230246251565e-16, 4.8808897167296195e-06, 2.2204460492503131e-16, -2.2204460492503131e-16]
Starting iteration 33
[1629, 1030, 1985, 2256, 1485, 630, 652, 1167, 633, 2593, 1406, 685, 832, 1095, 1685, 1078]
diff = [3.639027063084832e-05, 1.1516543633516285e-05, 1.4663393906877431e-06, 7.2226403202702016e-07, 2.2204460492503131e-16, 0.0, 0.0019104778841729786, 0.0, -2.2204460492503131e-16, 0.00018010023854153623, 0.0, -2.2204460492503131e-16, 2.1952331960006788e-06, 1.1102230246251565e-16, 3.950831802490562e-06, -2.2204460492503131e-16]
Starting iteration 34
[1619, 1029, 1988, 2256, 1486, 630, 626, 1167, 633, 2621, 1406, 685, 832, 1096, 1689, 1078]
diff = [2.3443023796088092e-05, 6.1921654790353386e-06, 6.4905627793487852e-06, 1.9349865741924432e-06, 1.2187262753426964e-06, 0.0, 0.0018671138214739758, 0.0, -2.2204460492503131e-16, 0.00014041997774116854, 0.0, -2.2204460492503131e-16, 5.4508663610564057e-06, 5.0308317733893659e-07, 7.8754057400987065e-06, -2.2204460492503131e-16]
Starting iteration 35
[1615, 1027, 1992, 2255, 1489, 630, 598, 1167, 633, 2648, 1408, 685, 832, 1095, 1689, 1078]
diff = [2.754951946704054e-05, 4.8841914762620675e-06, 3.4385376332934925e-06, 7.4591091114850627e-07, 4.3027410236984309e-06, 0.0, 0.0018761529484586648, 0.0, -2.2204460492503131e-16, 0.00012917087149688644, 3.5671879994314537e-07, -2.2204460492503131e-16, 0.0, 2.4046627812301935e-06, 7.2660204138985662e-06, -2.2204460492503131e-16]
Starting iteration 36
[1606, 1027, 1997, 2256, 1490, 630, 571, 1167, 635, 2670, 1409, 685, 833, 1094, 1694, 1077]
diff = [6.1032127815385806e-05, 8.992877112534714e-06, 4.0343520427699175e-06, 1.0064541091647783e-06, 3.9351557157285555e-07, 0.0, 0.0025758881433697312, 0.0, 2.4481022159461574e-06, 8.3015903121652634e-05, 2.0602089700894055e-07, -2.2204460492503131e-16, 2.9955780235235707e-06, 5.0107777216368277e-07, 1.1316271403716271e-05, 2.8164437623212635e-06]
Starting iteration 37
[1591, 1027, 1996, 2257, 1488, 630, 552, 1166, 637, 2693, 1408, 684, 836, 1094, 1705, 1077]
diff = [0.00028437236703637847, 2.6867268557717594e-06, 5.2430336672237843e-07, 2.1930289614280341e-06, 5.8840382632929789e-07, 0.0, 0.0068674343769694612, 1.9763604427458503e-06, 4.9694415803491765e-06, 0.00022864392289467794, 1.0230059022120486e-07, 1.3095615103431157e-06, 9.6967908659317814e-06, 0.0, 3.5623165454468086e-05, 1.1102230246251565e-16]
Starting iteration 38
[1552, 1030, 1999, 2255, 1489, 629, 555, 1167, 637, 2725, 1408, 684, 832, 1094, 1708, 1077]
diff = [0.00040359213701535168, 1.3517602986290456e-05, 4.4329927341157926e-06, 1.4333873730176805e-06, 4.6367607227093544e-06, 2.6628784234317138e-06, 0.011638575313874244, 4.2118087850706587e-07, 0.0, 0.0003411871183887083, 0.0, 0.0, 2.8344268150459762e-05, 3.9943175275114484e-06, 1.516362193432208e-05, 1.1102230246251565e-16]
Starting iteration 39
[1512, 1028, 1994, 2244, 1492, 630, 592, 1164, 635, 2748, 1408, 684, 833, 1094, 1706, 1077]
diff = [0.00045193697810441691, 1.3098159842406254e-05, 5.1285756693664197e-06, 3.9047208112430454e-06, 9.6045616290174607e-06, 3.3938224289764563e-06, 0.005558225225849478, 7.27095396002575e-06, 3.223287893483473e-06, 0.0001856615494956193, 0.0, 0.0, 1.8409445150413539e-05, 8.8808540471552178e-06, 1.8854795364231514e-05, 1.1102230246251565e-16]
Starting iteration 40
[1483, 1026, 1990, 2236, 1495, 630, 621, 1163, 635, 2759, 1407, 684, 831, 1094, 1710, 1077]
diff = [0.00026027836748088173, 2.8891022432198099e-06, 4.9616218342762863e-06, 3.7819328233545946e-06, 6.6935029444659122e-06, 0.0, 0.0024397021513321571, 2.862721304341953e-06, -2.2204460492503131e-16, 8.0611151061615871e-05, 2.0606390793709295e-07, 0.0, 2.491508246060814e-05, 8.5309448285553202e-06, 2.6511056216982354e-05, 1.1102230246251565e-16]
Starting iteration 41
[1466, 1024, 1986, 2235, 1493, 630, 660, 1165, 635, 2756, 1407, 684, 825, 1094, 1703, 1078]
diff = [0.00013214186882704038, 1.3912159305795591e-05, 4.6080193052411289e-06, 1.101738518527462e-06, 1.9310164438568478e-06, 0.0, 0.0024502511052124643, 1.6248593958878566e-05, -2.2204460492503131e-16, 7.1747869112903651e-05, 0.0, 0.0, 5.2901091417867363e-05, 4.8291958304469418e-06, 6.2322415117388452e-05, 3.7828839614117982e-06]
Starting iteration 42
[1449, 1025, 1981, 2234, 1492, 630, 697, 1163, 635, 2753, 1407, 684, 823, 1095, 1694, 1079]
diff = [6.4972976884791755e-05, 7.9128034815578729e-06, 2.4904918579649049e-06, 3.9425758346922635e-07, 3.6672620518096721e-07, 0.0, 0.0018726026124823436, 1.6140035589917723e-05, -2.2204460492503131e-16, 2.5884643560791787e-05, 0.0, 0.0, 1.7443332335331796e-05, 5.0477353985556306e-07, 4.5952549371230944e-05, 1.6054783475993872e-06]
Starting iteration 43
[1433, 1026, 1981, 2232, 1491, 630, 746, 1164, 634, 2745, 1407, 684, 820, 1095, 1674, 1079]
diff = [4.7876196006657601e-05, 1.9866184088890293e-06, 3.4446790009301509e-07, 1.0446862199753326e-06, 6.6285682676081592e-07, 0.0, 0.0031843361152998906, 4.8294809537052785e-06, 1.6600053184268049e-06, 3.2033658032171175e-05, 0.0, 0.0, 2.6754733049805246e-05, -2.2204460492503131e-16, 0.00020772154328407844, -2.2204460492503131e-16]
Starting iteration 44
[1420, 1023, 1982, 2233, 1491, 630, 805, 1162, 634, 2734, 1407, 683, 816, 1093, 1649, 1079]
diff = [6.0636566611038667e-05, 9.7010664986685313e-06, 4.00258869936998e-07, 2.7081189202249334e-07, 1.9576622343198125e-06, 0.0, 0.0038024570002256342, 1.3748321463724622e-05, 1.1102230246251565e-16, 3.9351989607916416e-05, 0.0, 1.1621775232173448e-06, 1.666172471082028e-05, 1.709099033964101e-06, 0.00016841093417441222, -2.2204460492503131e-16]
Starting iteration 45
[1407, 1022, 1978, 2233, 1491, 628, 852, 1161, 634, 2734, 1407, 683, 811, 1093, 1629, 1078]
diff = [9.8634274104281161e-05, 1.6089218328740884e-06, 3.6346614575855085e-06, 9.4091075109048461e-07, 1.5104288728640114e-06, 5.024475495885028e-06, 0.0020719110359465054, 2.2445525068581773e-06, 1.1102230246251565e-16, 3.1092384992770228e-05, 0.0, 0.0, 4.0922647697505532e-05, -2.2204460492503131e-16, 0.00012703270497460561, 3.4894017760800367e-06]
Starting iteration 46
[1389, 1023, 1975, 2231, 1489, 628, 888, 1157, 634, 2735, 1407, 683, 809, 1093, 1622, 1078]
diff = [0.00033612962723361672, 6.7454704705260937e-06, 1.5252414605759768e-06, 4.6095303807280885e-07, 5.8817379751108234e-06, 0.0, 0.0021263265247126739, 2.0570949191722754e-05, 1.1102230246251565e-16, 2.7626739289132729e-05, 0.0, 0.0, 2.6358562993267221e-05, 2.0594813029406467e-06, 1.6393531163894082e-05, -2.2204460492503131e-16]
Starting iteration 47
[1354, 1022, 1975, 2228, 1488, 628, 946, 1153, 634, 2733, 1407, 682, 807, 1092, 1614, 1078]
diff = [0.00089635772391094548, 5.8205147607237606e-06, 5.8194189149762821e-06, 2.0041566676232137e-06, 2.0105438340856097e-06, 0.0, 0.0047767366750818274, 2.135913771073028e-05, 1.1102230246251565e-16, 2.4082752365095494e-05, 0.0, 8.3188404831346929e-07, 2.0988489687234768e-05, 1.2473147857905431e-06, 2.0381983668493753e-05, -2.2204460492503131e-16]
Starting iteration 48
[1324, 1021, 1975, 2225, 1489, 628, 1008, 1152, 634, 2726, 1407, 683, 806, 1089, 1596, 1078]
diff = [0.0004709454958321535, 6.3220865196278453e-06, 3.8077671381531175e-06, 2.0254858338342174e-06, 8.4944553925270228e-06, 0.0, 0.0029430140120541015, 1.0428823678632071e-05, 1.1102230246251565e-16, 4.0316931606110273e-05, 0.0, 9.3492946784401454e-07, 5.1512014114796223e-05, 9.1614677344420414e-06, 3.8088801630142832e-05, -2.2204460492503131e-16]
Starting iteration 49
[1304, 1022, 1974, 2222, 1487, 628, 1051, 1149, 634, 2727, 1407, 682, 796, 1086, 1594, 1078]
diff = [0.00018168847397626031, 5.9394300585546844e-06, 1.7576009281317084e-07, 5.6848193926706259e-06, 1.6509254637808723e-06, 0.0, 0.0025884846307905329, 1.9043563784015838e-05, 1.1102230246251565e-16, 3.0821870606656532e-05, 0.0, 9.3492946784401454e-07, 0.00017103646869576217, 7.1097856084723077e-06, 1.6171765172767749e-05, -2.2204460492503131e-16]
Starting iteration 50
[1285, 1023, 1973, 2221, 1490, 630, 1080, 1146, 635, 2725, 1407, 682, 787, 1086, 1594, 1077]
diff = [0.00012049649504042304, 2.2882532859647142e-06, 3.4151781647118185e-07, 6.0509580646073147e-07, 2.1235175688971708e-06, 9.8368580196961375e-06, 0.00096168139278340892, 1.7920220142797483e-05, 1.6484486490275785e-06, 2.9893872492081641e-05, 0.0, 2.2204460492503131e-16, 5.7215456328307823e-05, 3.7483302282037556e-06, 1.9220820643761627e-05, 1.7742400002518366e-06]
Starting iteration 51
[1276, 1023, 1971, 2217, 1489, 630, 1091, 1144, 636, 2731, 1407, 682, 785, 1086, 1596, 1077]
diff = [5.6007347602360369e-05, 0.0, 1.1800524534200107e-06, 2.2000804242860994e-06, 4.8360944465697386e-06, 2.2204460492503131e-16, 0.00038114121896704045, 1.0425433094152226e-05, 1.104828438514005e-06, 2.8772039532332094e-05, 0.0, 2.2204460492503131e-16, 1.7508259603005172e-05, -2.2204460492503131e-16, 9.5495768946962656e-06, 0.0]
Starting iteration 52
[1270, 1022, 1970, 2217, 1489, 629, 1112, 1144, 636, 2728, 1407, 681, 779, 1085, 1595, 1077]
diff = [2.9992510674925477e-05, 1.876139427481327e-06, 1.7356609316454552e-06, 1.3686438471438578e-06, 4.1035248926624135e-06, 1.447187784764381e-05, 0.00046683441190265018, 1.7179475665263233e-05, -2.2204460492503131e-16, 1.0273999194065908e-05, 0.0, 1.0128557681454708e-06, 8.0838944529149082e-05, 1.3401281424574307e-06, 7.8987604831270986e-06, 0.0]
Starting iteration 53
[1266, 1022, 1971, 2216, 1490, 629, 1121, 1143, 636, 2731, 1406, 681, 776, 1084, 1593, 1076]
diff = [3.2797906400539034e-05, 4.3071563889940379e-06, 7.274884550323435e-07, 1.2775269327969241e-06, 2.0240267059046246e-06, 2.2204460492503131e-16, 0.00025350225726172848, 1.7106036253045076e-06, -2.2204460492503131e-16, 1.5842236562257916e-05, 3.2370648672674918e-07, 0.0, 2.4570784306954252e-05, 9.9552507859534956e-06, 1.6629163240411415e-05, 1.7623011596690219e-06]
Starting iteration 54
[1259, 1023, 1970, 2216, 1490, 629, 1127, 1144, 636, 2733, 1406, 681, 775, 1082, 1594, 1076]
diff = [8.9557721238309185e-05, 4.0097420977991405e-06, 4.0589346872454968e-07, 2.2204460492503131e-16, 0.0, 2.2204460492503131e-16, 0.00022386687134678951, 1.0323016722546541e-06, -2.2204460492503131e-16, 6.7400498320324687e-06, 1.1102230246251565e-16, 0.0, 1.5929696821959105e-05, 4.7798105218266329e-06, 2.3966948503706398e-05, 1.1102230246251565e-16]
Starting iteration 55
[1251, 1023, 1970, 2216, 1491, 629, 1132, 1145, 636, 2736, 1405, 681, 774, 1080, 1596, 1076]
diff = [5.0919268117732841e-05, 2.2204460492503131e-16, 0.0, 2.2204460492503131e-16, 2.2618950477060196e-06, 2.2204460492503131e-16, 0.00019175638182455934, 2.3947535414681198e-06, -2.2204460492503131e-16, 2.0293793285164341e-05, 1.5398054054038823e-07, 0.0, 2.1194035680460743e-05, 6.7076227713291914e-06, 2.9483146881004174e-05, 1.1102230246251565e-16]
Starting iteration 56
[1242, 1022, 1970, 2216, 1493, 630, 1144, 1146, 636, 2731, 1405, 681, 773, 1078, 1598, 1076]
diff = [6.5332212441315818e-05, 5.7708438105930071e-07, 0.0, 5.1206322715380281e-07, 3.7902204033102294e-06, 7.6013791009410525e-06, 0.00015175305191150734, 1.6395321035256316e-06, -2.2204460492503131e-16, 2.7305379012965147e-05, -2.2204460492503131e-16, 0.0, 2.0146876194004903e-06, 8.7882293715590976e-06, 2.7873915174225772e-05, 1.1102230246251565e-16]
Starting iteration 57
[1237, 1021, 1969, 2215, 1496, 630, 1157, 1145, 636, 2723, 1405, 681, 773, 1079, 1598, 1076]
diff = [4.2129683913261218e-05, 2.9128522683885549e-06, 7.7297662604003392e-07, 1.0082792918364447e-06, 3.9081582264843817e-06, 0.0, 0.0002339656889092101, 1.2927418018282566e-06, -2.2204460492503131e-16, 6.0318442207774048e-05, -2.2204460492503131e-16, 0.0, -2.2204460492503131e-16, 4.0753898736811678e-06, 2.9181748864792745e-05, 1.1102230246251565e-16]
Starting iteration 58
[1234, 1019, 1969, 2215, 1494, 630, 1177, 1145, 636, 2717, 1405, 681, 772, 1078, 1593, 1076]
diff = [1.6097320829633333e-05, 3.2680475942070686e-06, 2.2204460492503131e-16, 9.7441996549374466e-07, 9.7154042411062846e-07, 0.0, 0.00023625359411150182, 3.3294844931974765e-05, -2.2204460492503131e-16, 2.8151803340925596e-05, -2.2204460492503131e-16, 0.0, 1.2101197163771893e-05, 1.8928002982754322e-06, 3.0625154058161463e-05, 1.1102230246251565e-16]
Starting iteration 59
[1232, 1020, 1968, 2214, 1494, 628, 1190, 1145, 637, 2715, 1405, 681, 770, 1078, 1588, 1076]
diff = [6.7099343533660871e-06, 5.2347994741186454e-06, 1.1269207996766895e-06, 1.1290091140869762e-06, 1.4624953457165191e-06, 1.4126072858444694e-05, 0.00013814253838029256, 8.9423876323824203e-06, 1.1612614078115868e-06, 1.8996087969846975e-05, -2.2204460492503131e-16, 0.0, 6.5799160459123485e-06, 1.1102230246251565e-16, 6.5161821999337732e-06, 1.1102230246251565e-16]
Starting iteration 60
[1229, 1020, 1968, 2213, 1494, 628, 1207, 1144, 637, 2709, 1406, 681, 767, 1078, 1584, 1076]
diff = [1.4428159542556607e-05, 0.0, -2.2204460492503131e-16, 6.3381477344304216e-07, 2.2204460492503131e-16, 0.0, 0.00010260308681642183, 9.9393842628581197e-06, 0.0, 1.1202029378210021e-05, 3.4643976110082519e-07, 0.0, 2.1335412759948547e-05, 1.1102230246251565e-16, 8.0212373533283809e-06, 1.1102230246251565e-16]
Starting iteration 61
[1228, 1020, 1966, 2212, 1493, 628, 1220, 1144, 637, 2708, 1405, 681, 767, 1078, 1578, 1076]
diff = [8.0588380093615797e-06, 0.0, 8.6311492797364053e-07, 1.5179432866219145e-07, 1.3140856673921064e-06, 0.0, 0.0001163069165603936, 7.6537230738749074e-06, 0.0, 8.0256167455106109e-06, 5.2156396190827792e-07, 0.0, 6.8155498247346458e-06, 1.1102230246251565e-16, 1.8774481107541874e-05, 1.1102230246251565e-16]
Starting iteration 62
[1224, 1020, 1965, 2212, 1493, 628, 1239, 1140, 637, 2702, 1405, 681, 766, 1079, 1573, 1077]
diff = [1.2778117303713366e-05, 2.3561490062329327e-06, 5.2917782322747797e-07, 2.2204460492503131e-16, -2.2204460492503131e-16, 0.0, 0.00029164138619375279, 1.455563550900596e-05, 0.0, 4.5289330534825645e-05, 0.0, 0.0, 2.590610738706367e-06, 1.088984288855066e-06, 1.8719589550020288e-05, 2.3895996960066057e-06]
Starting iteration 63
[1222, 1018, 1965, 2211, 1493, 628, 1259, 1139, 637, 2692, 1405, 681, 765, 1077, 1572, 1077]
diff = [1.1874041490278486e-05, 3.4318805278710229e-06, 0.0, 2.7383029865823971e-07, -2.2204460492503131e-16, 0.0, 0.00035168389656881072, 9.0612670056167133e-07, 0.0, 9.1660615197497464e-05, 0.0, 0.0, 4.5027842611178315e-06, 2.1151250166884239e-06, 8.0868830194535946e-06, -2.2204460492503131e-16]
Starting iteration 64
[1220, 1016, 1963, 2209, 1492, 627, 1281, 1136, 637, 2688, 1405, 681, 765, 1075, 1568, 1078]
diff = [8.5341005807704207e-06, 7.4413402715300947e-06, 1.5761605349773333e-06, 1.2370405617634361e-06, 3.006780734504666e-06, 1.6278276767645039e-05, 0.00030994548787577347, 4.3097431713379208e-06, 0.0, 5.3337780866802298e-05, 0.0, 0.0, 1.1102230246251565e-16, 2.2741653071811641e-06, 1.007372980654786e-05, 4.0190323578048748e-06]
Starting iteration 65
[1216, 1015, 1961, 2208, 1491, 626, 1300, 1133, 638, 2688, 1405, 681, 765, 1074, 1562, 1078]
diff = [1.8184031021162284e-05, 7.7434216494420838e-07, 4.5178686347568942e-07, 3.9435295573486684e-07, 9.5568952140911989e-07, 5.6384442774781718e-06, 0.00028710451434166284, 9.4576125697631852e-06, 1.344054789909066e-06, 3.3033796687287342e-05, 0.0, 0.0, 1.1102230246251565e-16, 2.4403120785221333e-06, 1.0481982170018611e-05, 0.0]
Starting iteration 66
[1207, 1015, 1961, 2207, 1490, 626, 1313, 1133, 638, 2687, 1405, 681, 765, 1074, 1561, 1078]
diff = [3.5961590152622236e-05, 2.7523348431479633e-06, 2.2204460492503131e-16, 2.8662929230094392e-07, 5.5510786711732152e-07, 2.2204460492503131e-16, 0.00016000586706421682, 0.0, 0.0, 1.9371500745268833e-05, 0.0, 0.0, 1.1102230246251565e-16, 1.1102230246251565e-16, 1.0888873661629717e-06, 0.0]
Starting iteration 67
[1207, 1015, 1961, 2208, 1489, 626, 1322, 1132, 638, 2681, 1405, 681, 765, 1073, 1560, 1078]
diff = [5.6115365165698705e-06, 2.2204460492503131e-16, 2.2204460492503131e-16, 2.5923020074980485e-07, 5.7550576193499126e-07, 2.2204460492503131e-16, 6.5292057951471527e-05, 2.5737900669620117e-06, 0.0, 1.5212072874248861e-05, 0.0, 0.0, 1.1102230246251565e-16, 7.9380004369689061e-07, 1.1633926244591919e-06, 0.0]
Starting iteration 68
[1204, 1015, 1961, 2208, 1491, 626, 1333, 1131, 638, 2674, 1405, 681, 765, 1073, 1558, 1078]
diff = [9.5278587505243095e-06, 2.2204460492503131e-16, 2.2204460492503131e-16, -2.2204460492503131e-16, 2.551331161892989e-06, 2.2204460492503131e-16, 7.630760614762977e-05, 4.8970094946865217e-06, 0.0, 1.4457924443211922e-05, 0.0, 0.0, 1.1102230246251565e-16, 0.0, 4.6469562736684011e-06, 0.0]
Starting iteration 69
[1202, 1014, 1960, 2208, 1492, 626, 1343, 1129, 638, 2670, 1405, 681, 765, 1072, 1558, 1078]
diff = [2.9086745801931713e-06, 1.2147636163639675e-06, 3.2986297349157923e-07, -2.2204460492503131e-16, 4.2637768060682646e-07, 2.2204460492503131e-16, 5.0939304412800368e-05, 3.1997264690053484e-06, 0.0, 1.6067728631719014e-05, 0.0, 0.0, 1.1102230246251565e-16, 1.2113368558219761e-06, 2.3783628543272428e-06, 0.0]
Starting iteration 70
[1197, 1014, 1959, 2208, 1492, 626, 1356, 1129, 638, 2663, 1405, 681, 765, 1072, 1558, 1078]
diff = [8.4568179353761153e-06, 2.2204460492503131e-16, 4.0539318824084347e-07, 2.339121887295903e-07, 2.2204460492503131e-16, 2.2204460492503131e-16, 6.2661244965012131e-05, 2.2204460492503131e-16, 0.0, 1.6244784353580677e-05, 0.0, 0.0, 1.1102230246251565e-16, -2.2204460492503131e-16, 1.5959768182582934e-06, 0.0]
Starting iteration 71
[1192, 1013, 1959, 2208, 1491, 626, 1369, 1126, 637, 2662, 1405, 682, 766, 1070, 1557, 1078]
diff = [7.3921532485199393e-06, 2.0405337741724594e-06, -2.2204460492503131e-16, -2.2204460492503131e-16, 4.3422046336338838e-07, 2.2204460492503131e-16, 6.9173000262545692e-05, 2.0356931141329859e-05, 1.2417865102865022e-06, 9.3922353611164411e-06, 0.0, 3.867271942903372e-06, 2.2242180897080743e-06, 1.4334930940052004e-06, 2.0190883633919299e-06, 0.0]
Starting iteration 72
[1188, 1013, 1959, 2208, 1490, 626, 1386, 1124, 637, 2656, 1405, 681, 767, 1070, 1553, 1078]
diff = [1.0624297952510631e-05, 2.2204460492503131e-16, -2.2204460492503131e-16, -2.2204460492503131e-16, 6.4196996585330623e-07, 2.2204460492503131e-16, 9.0533134755710343e-05, 4.1190891234554883e-06, -2.2204460492503131e-16, 1.0698099101258407e-05, 0.0, 6.4479376582493586e-07, 2.7924673995372018e-06, 0.0, 7.3281955246251584e-06, 0.0]
Starting iteration 73
[1186, 1013, 1959, 2208, 1490, 626, 1388, 1124, 637, 2655, 1405, 681, 768, 1070, 1553, 1078]
diff = [7.4880816032241171e-06, 2.2204460492503131e-16, -2.2204460492503131e-16, -2.2204460492503131e-16, 0.0, 2.2204460492503131e-16, 3.9944162316896126e-05, 0.0, -2.2204460492503131e-16, 9.944520224069997e-06, 0.0, 2.2204460492503131e-16, 3.111048299420105e-06, 0.0, 5.0843014439694301e-06, 0.0]
Starting iteration 74
[1183, 1013, 1960, 2208, 1490, 626, 1396, 1124, 637, 2651, 1405, 681, 768, 1070, 1551, 1078]
diff = [4.5891549467214077e-06, 2.2204460492503131e-16, 3.2765886759378304e-07, -2.2204460492503131e-16, 0.0, 2.2204460492503131e-16, 3.034849363781067e-05, 0.0, -2.2204460492503131e-16, 4.9811013599354581e-06, 0.0, 2.2204460492503131e-16, 1.1102230246251565e-16, 0.0, 1.6797939158541553e-06, 0.0]
Starting iteration 75
[1182, 1013, 1960, 2207, 1490, 626, 1400, 1124, 636, 2651, 1405, 681, 768, 1070, 1550, 1078]
diff = [1.0284594965659366e-06, 2.2204460492503131e-16, 0.0, 2.5175486229045418e-07, 0.0, 2.2204460492503131e-16, 1.6731547149428927e-05, 0.0, 1.6453430723428752e-06, 5.0959439644726601e-06, 0.0, 2.2204460492503131e-16, 1.1102230246251565e-16, 0.0, 1.8969243986699524e-06, 0.0]
Starting iteration 76
[1182, 1013, 1959, 2207, 1490, 626, 1401, 1125, 635, 2651, 1405, 681, 768, 1070, 1550, 1078]
diff = [0.0, 2.2204460492503131e-16, 8.0559605475372109e-07, -2.2204460492503131e-16, 0.0, 2.2204460492503131e-16, 2.7533776097987683e-06, 1.7560516026859929e-06, 1.5902995462724334e-06, 3.8929107430973886e-06, 0.0, 2.2204460492503131e-16, 1.1102230246251565e-16, 0.0, 0.0, 0.0]
Starting iteration 77
[1182, 1013, 1959, 2207, 1490, 626, 1401, 1125, 635, 2652, 1405, 681, 768, 1070, 1549, 1078]
diff = [0.0, 2.2204460492503131e-16, 0.0, -2.2204460492503131e-16, 0.0, 2.2204460492503131e-16, 0.0, 0.0, 1.1102230246251565e-16, 1.3212235102644243e-06, 0.0, 2.2204460492503131e-16, 1.1102230246251565e-16, 0.0, 9.7824841283067343e-07, 0.0]
Converged in 78 iterations
K-means converged in time: 8490.81842399 seconds or 141.5136404 minutes
Entropy = 3.29500686081
