Magnitudes computed in time:  2.09700989723
Starting iteration 0
[4122, 2153, 2295, 1787, 3553, 1829, 1855, 3247]
diff = [0.43777445459692566, 0.38712411050524009, 0.37160362282074422, 0.391462437431774, 0.37861183407413845, 0.40215415188352732, 0.54233855084775873, 0.39096829473436878]
Starting iteration 1
[945, 2554, 3789, 2537, 2430, 2974, 2593, 3019]
diff = [0.080730829679869776, 0.047442954826847905, 0.064302788209113282, 0.15023356281741229, 0.14111944923053676, 0.059503576162018512, 0.12204716369190727, 0.10105225745869417]
Starting iteration 2
[778, 2870, 4067, 2760, 1997, 3040, 2564, 2765]
diff = [0.066232624421581843, 0.019278566175346401, 0.016900549974963153, 0.021886774003704423, 0.039659859393249897, 0.023181513995912506, 0.0015148428910282119, 0.023468275980687681]
Starting iteration 3
[1008, 2931, 4250, 2583, 1848, 3073, 2564, 2584]
diff = [0.040297107662226161, 0.017403860041847241, 0.0026411421973643323, 0.0042591940382639137, 0.00579177156639199, 0.0096872909539409413, 4.7069640362051857e-05, 0.007993468970125539]
Starting iteration 4
[1019, 2935, 4401, 2455, 1810, 3061, 2594, 2566]
diff = [0.012072666072133198, 0.0066307684490540808, 0.0025668678322889882, 0.001559027086310949, 0.00090629698274724557, 0.0042612779359808561, 4.9858623670018254e-05, 0.001580897382203128]
Starting iteration 5
[1015, 2829, 4594, 2386, 1807, 3023, 2601, 2586]
diff = [0.00082063019269495996, 0.0052637524590588569, 0.004008291463931335, 0.00047968516284557783, 0.0001207659491032631, 0.0026473213528181994, 1.5554817422214207e-05, 0.0013355319336316729]
Starting iteration 6
[1030, 2816, 4771, 2354, 1801, 2895, 2596, 2578]
diff = [0.00022296753467809793, 0.0011670815506639176, 0.0037447463875284193, 0.00046861654442709177, 8.4830573289673694e-05, 0.0020586019068717931, 5.5905996044769424e-06, 0.00033554294940985052]
Starting iteration 7
[1040, 2862, 5007, 2360, 1812, 2670, 2587, 2503]
diff = [0.0001206832591890139, 0.00023727337940504523, 0.0055306417841770594, 0.0008615221909867854, 0.00027914827546415832, 0.0023035836066102044, 8.4771027911711982e-06, 0.00052794147600010444]
Starting iteration 8
[1071, 2922, 5265, 2418, 1827, 2413, 2579, 2346]
diff = [0.00026333647609921851, 0.00012150193894699957, 0.0064703879523209107, 0.0010351718795825748, 0.00031496475678738367, 0.0026192470598447315, 2.3832682017888018e-06, 0.0018504115949629085]
Starting iteration 9
[1150, 2952, 5399, 2559, 1835, 2166, 2580, 2200]
diff = [0.0015443119527146498, 0.00012400651554822506, 0.0062483667675030663, 0.0014264969218853452, 0.00046337545712504813, 0.0038695206605944277, 6.3222512303173772e-07, 0.0018965723210880858]
Starting iteration 10
[1192, 2981, 5262, 2849, 1817, 2065, 2582, 2093]
diff = [0.00037910932960738553, 0.00011679022920318971, 0.005359019476997795, 0.0038444269408326459, 0.00038837167421656993, 0.00068836509920289224, 1.5467559968396216e-06, 0.0011536851683690008]
Starting iteration 11
[1200, 2955, 5003, 3295, 1791, 2018, 2584, 1995]
diff = [0.0002117698905873544, 8.2869997641954463e-05, 0.0051941829258396188, 0.0064086479168962152, 0.00052900767180807939, 0.00014678316052052498, 7.480248942481893e-07, 0.00080222712944544305]
Starting iteration 12
[1183, 2884, 4799, 3744, 1758, 1981, 2585, 1907]
diff = [0.00018529315246940126, 0.00017773732223480554, 0.0027724864400423543, 0.003984948133870958, 0.00024696829341808169, 0.0001022692685971327, 1.4515807467141428e-07, 0.00056844310900217021]
Starting iteration 13
[1179, 2839, 4598, 4093, 1741, 1955, 2585, 1851]
diff = [0.00016231066665228777, 0.0001041970492418054, 0.0014367894677180804, 0.0017471832609772253, 0.00010372291281002255, 6.9010468033092742e-05, 4.6906745820862739e-07, 0.00036234448895544613]
Starting iteration 14
[1179, 2815, 4448, 4341, 1727, 1949, 2582, 1800]
diff = [8.9879489588828854e-05, 4.2609581883623626e-05, 0.00077391262267678673, 0.0007144213111506259, 5.8574392091337302e-05, 3.2048478840196459e-05, 6.8369944206114752e-07, 0.00032217992066907453]
Starting iteration 15
[1186, 2787, 4326, 4539, 1714, 1954, 2581, 1754]
diff = [6.7802323151178179e-05, 3.9399343938817388e-05, 0.00060302337672968331, 0.00048973193284940209, 3.6188911507917254e-05, 2.6721589061917683e-05, 7.6576492258340068e-08, 0.00026524878941114327]
Starting iteration 16
[1187, 2772, 4215, 4706, 1705, 1951, 2583, 1722]
diff = [4.4435064215919695e-05, 1.8444402375861202e-05, 0.00049108002118025684, 0.00042798570062452246, 1.9685052072726528e-05, 2.1903363820685584e-05, 2.4788953645327183e-07, 0.00015708236851497137]
Starting iteration 17
[1187, 2765, 4105, 4849, 1703, 1950, 2583, 1699]
diff = [4.1237089607348842e-05, 1.3571794266753479e-05, 0.0003106096250411472, 0.000296292014887789, 1.3727570507438003e-05, 1.5166313461767444e-05, 1.6999170660003671e-07, 6.2532092781952819e-05]
Starting iteration 18
[1192, 2763, 4051, 4918, 1698, 1958, 2585, 1676]
diff = [3.5437886532041496e-05, 9.602704753808311e-06, 0.00013068028360341266, 0.00010362411727482534, 1.2664991122179892e-05, 2.0547204600651625e-05, 2.3800138648777391e-07, 6.0167171912040018e-05]
Starting iteration 19
[1193, 2762, 4023, 4957, 1697, 1962, 2586, 1661]
diff = [1.7697516380255074e-05, 4.2528643829919943e-06, 6.8706119047412528e-05, 3.4985653389107974e-05, 7.3668587537989438e-06, 6.5311678901780468e-06, 7.3985314208435682e-08, 3.8060348082069595e-05]
Starting iteration 20
[1197, 2754, 4010, 4987, 1696, 1961, 2587, 1649]
diff = [1.5159820161869675e-05, 3.0521242802006299e-06, 4.4400247752207633e-05, 2.442411063396932e-05, 1.2363910842916326e-06, 4.7504996407710109e-06, 1.7170854504922062e-07, 3.4712007826898095e-05]
Starting iteration 21
[1199, 2747, 3990, 5015, 1695, 1962, 2587, 1646]
diff = [1.6334780658877612e-05, 2.630736623543406e-06, 3.2203133322084021e-05, 2.917111700051489e-05, 1.3839484080957476e-06, 2.7770716615194146e-07, 1.1102230246251565e-16, 7.4504131861719003e-06]
Starting iteration 22
[1206, 2747, 3972, 5030, 1694, 1960, 2588, 1644]
diff = [2.5071301135159985e-05, 7.9050897572319201e-07, 1.2886468119588379e-05, 1.1111677105768436e-05, 1.2840692271920418e-05, 1.4160873461621648e-06, 1.3474144888725448e-07, 1.1681781140193692e-06]
Starting iteration 23
[1213, 2748, 3963, 5029, 1694, 1962, 2589, 1643]
diff = [0.00040237888818295264, 6.4398733201631586e-07, 7.3682076551229159e-06, 2.3756842555400226e-06, 0.00047265335475277226, 3.3693961867253819e-06, 1.7846068522953118e-07, 3.5356083440962749e-06]
Starting iteration 24
[1221, 2749, 3957, 5029, 1688, 1962, 2592, 1643]
diff = [5.0583958185690392e-05, 1.3926922182161405e-07, 3.9696856706239458e-06, 3.7622618997978918e-07, 2.8966513978989639e-05, 2.9637651043357138e-06, 7.3318144599987534e-07, 2.2204460492503131e-16]
Starting iteration 25
[1226, 2749, 3953, 5028, 1689, 1960, 2592, 1644]
diff = [2.7494954802032012e-05, 0.0, 3.1431161349182446e-06, 1.9537255191437453e-07, 3.8852108860121248e-06, 2.2198521016925099e-06, 0.0, 6.131556467003918e-07]
Starting iteration 26
[1226, 2749, 3951, 5028, 1690, 1960, 2592, 1645]
diff = [5.3757744815641217e-06, 2.7493339171957842e-07, 2.6498390448548292e-07, 2.8379786465304591e-07, 1.7410777980453318e-06, 8.3626428315497492e-07, 0.0, 9.2468046797300474e-07]
Converged in 27 iterations
K-means converged in time: 1481.5373559 seconds or 24.692289265 minutes
Entropy = 3.42772179605
