./apriori - find frequent item sets with the apriori algorithm
version 6.5 (2013.11.12)         (c) 1996-2013   Christian Borgelt
reading input-s0.5m3-c85.tmp ... [1272 item(s), 9044 transaction(s)] done [0.01s].
filtering, sorting and recoding items ... [1158 item(s)] done [0.01s].
sorting and reducing transactions ... [8806/9044 transaction(s)] done [0.00s].
writing rules-s0.5m3-c85.tmp ... [2804701 rule(s)] done [9.85s].
./apriori - find frequent item sets with the apriori algorithm
version 6.5 (2013.11.12)         (c) 1996-2013   Christian Borgelt
reading input-s0.5m3-c85.tmp ... [1242 item(s), 1998 transaction(s)] done [0.00s].
filtering, sorting and recoding items ... [1115 item(s)] done [0.00s].
sorting and reducing transactions ... [1928/1998 transaction(s)] done [0.00s].
writing rules-s0.5m3-c85.tmp ... [2933933 rule(s)] done [6.79s].
./apriori - find frequent item sets with the apriori algorithm
version 6.5 (2013.11.12)         (c) 1996-2013   Christian Borgelt
reading input-s0.5m3-c85.tmp ... [1221 item(s), 1006 transaction(s)] done [0.00s].
filtering, sorting and recoding items ... [1056 item(s)] done [0.00s].
sorting and reducing transactions ... [987/1006 transaction(s)] done [0.00s].
writing rules-s0.5m3-c85.tmp ... [5489585 rule(s)] done [5.97s].
./apriori - find frequent item sets with the apriori algorithm
version 6.5 (2013.11.12)         (c) 1996-2013   Christian Borgelt
reading input-s0.5m3-c85.tmp ... [1206 item(s), 694 transaction(s)] done [0.00s].
filtering, sorting and recoding items ... [1066 item(s)] done [0.00s].
sorting and reducing transactions ... [683/694 transaction(s)] done [0.00s].
writing rules-s0.5m3-c85.tmp ... [3051319 rule(s)] done [3.32s].
./apriori - find frequent item sets with the apriori algorithm
version 6.5 (2013.11.12)         (c) 1996-2013   Christian Borgelt
reading input-s0.5m3-c85.tmp ... [1173 item(s), 536 transaction(s)] done [0.00s].
filtering, sorting and recoding items ... [959 item(s)] done [0.00s].
sorting and reducing transactions ... [529/536 transaction(s)] done [0.00s].
writing rules-s0.5m3-c85.tmp ... [8343917 rule(s)] done [8.92s].
Train size: 9044 | Test Size: 2261


#Rules before subsumption:  314984
#Rules after subsumption:   2647
Subsumption time: 911.420480013
Dataset uncovered: 1998


#Rules before subsumption:  59725
#Rules after subsumption:   462
Subsumption time: 35.9537580013
Dataset uncovered: 1006


#Rules before subsumption:  5222
#Rules after subsumption:   96
Subsumption time: 1.13645601273
Dataset uncovered: 694


#Rules before subsumption:  71137
#Rules after subsumption:   56
Subsumption time: 20.6456058025
Dataset uncovered: 536


#Rules before subsumption:  13565
#Rules after subsumption:   113
Subsumption time: 1.63388180733
Dataset uncovered: 306

No of labels after 5 iterations: 56
Training Time: 1287.3620801 

Performance with K = 5 :
Accuracy by one match: 0.858027421495
Accuracy by one-to-one matching: 0.844980097302
F-measure:  0.735636430815

Performance with varying number of predictions:
Accuracy by one match: 0.881468376824
Accuracy by one-to-one matching: 0.859367957709
F-measure:  0.659515783022

Testing Time: 17.8278701305 

Total Execution Time: 17.8278810978
