./apriori - find frequent item sets with the apriori algorithm
version 6.5 (2013.11.12)         (c) 1996-2013   Christian Borgelt
reading input-s3.5m3-c90.tmp ... [1272 item(s), 9044 transaction(s)] done [0.01s].
filtering, sorting and recoding items ... [308 item(s)] done [0.01s].
sorting and reducing transactions ... [8631/9044 transaction(s)] done [0.00s].
writing rules-s3.5m3-c90.tmp ... [14445 rule(s)] done [0.18s].
./apriori - find frequent item sets with the apriori algorithm
version 6.5 (2013.11.12)         (c) 1996-2013   Christian Borgelt
reading input-s3.5m3-c90.tmp ... [1271 item(s), 5497 transaction(s)] done [0.01s].
filtering, sorting and recoding items ... [398 item(s)] done [0.00s].
sorting and reducing transactions ... [5287/5497 transaction(s)] done [0.00s].
writing rules-s3.5m3-c90.tmp ... [29 rule(s)] done [0.05s].
./apriori - find frequent item sets with the apriori algorithm
version 6.5 (2013.11.12)         (c) 1996-2013   Christian Borgelt
reading input-s3.5m3-c90.tmp ... [1270 item(s), 4998 transaction(s)] done [0.01s].
filtering, sorting and recoding items ... [400 item(s)] done [0.00s].
sorting and reducing transactions ... [4797/4998 transaction(s)] done [0.00s].
writing rules-s3.5m3-c90.tmp ... [35 rule(s)] done [0.04s].
./apriori - find frequent item sets with the apriori algorithm
version 6.5 (2013.11.12)         (c) 1996-2013   Christian Borgelt
reading input-s3.5m3-c90.tmp ... [1270 item(s), 4759 transaction(s)] done [0.01s].
filtering, sorting and recoding items ... [390 item(s)] done [0.00s].
sorting and reducing transactions ... [4564/4759 transaction(s)] done [0.00s].
writing rules-s3.5m3-c90.tmp ... [27 rule(s)] done [0.04s].
Train size: 9044 | Test Size: 2261


#Rules before subsumption:  2585
#Rules after subsumption:   378
Subsumption time: 7.3213801384
Dataset uncovered: 5497


#Rules before subsumption:  4
#Rules after subsumption:   4
Subsumption time: 0.0172209739685
Dataset uncovered: 4998


#Rules before subsumption:  1
#Rules after subsumption:   1
Subsumption time: 0.00728297233582
Dataset uncovered: 4759


#Rules before subsumption:  0
#Rules after subsumption:   0
Subsumption time: 0.00429487228394
Dataset uncovered: 4759

No of labels after 4 iterations: 3
Training Time: 8.37755393982 

Performance with K = 5 :
Accuracy by one match: 0.469261388766
Accuracy by one-to-one matching: 0.468597965502
F-measure:  0.520313264807

Performance with varying number of predictions:
Accuracy by one match: 0.47545333923
Accuracy by one-to-one matching: 0.47434763379
F-measure:  0.517398608111

Testing Time: 2.35584712029 

Total Execution Time: 2.3558549881
