./apriori - find frequent item sets with the apriori algorithm
version 6.5 (2013.11.12)         (c) 1996-2013   Christian Borgelt
reading input-s1.5m3-c80.tmp ... [1272 item(s), 9044 transaction(s)] done [0.01s].
filtering, sorting and recoding items ... [718 item(s)] done [0.00s].
sorting and reducing transactions ... [8768/9044 transaction(s)] done [0.01s].
writing rules-s1.5m3-c80.tmp ... [183397 rule(s)] done [1.03s].
./apriori - find frequent item sets with the apriori algorithm
version 6.5 (2013.11.12)         (c) 1996-2013   Christian Borgelt
reading input-s1.5m3-c80.tmp ... [1253 item(s), 3229 transaction(s)] done [0.00s].
filtering, sorting and recoding items ... [858 item(s)] done [0.00s].
sorting and reducing transactions ... [3106/3229 transaction(s)] done [0.01s].
writing rules-s1.5m3-c80.tmp ... [29566 rule(s)] done [0.35s].
./apriori - find frequent item sets with the apriori algorithm
version 6.5 (2013.11.12)         (c) 1996-2013   Christian Borgelt
reading input-s1.5m3-c80.tmp ... [1243 item(s), 1891 transaction(s)] done [0.00s].
filtering, sorting and recoding items ... [744 item(s)] done [0.00s].
sorting and reducing transactions ... [1827/1891 transaction(s)] done [0.00s].
writing rules-s1.5m3-c80.tmp ... [3543 rule(s)] done [0.06s].
./apriori - find frequent item sets with the apriori algorithm
version 6.5 (2013.11.12)         (c) 1996-2013   Christian Borgelt
reading input-s1.5m3-c80.tmp ... [1241 item(s), 1606 transaction(s)] done [0.00s].
filtering, sorting and recoding items ... [712 item(s)] done [0.00s].
sorting and reducing transactions ... [1556/1606 transaction(s)] done [0.00s].
writing rules-s1.5m3-c80.tmp ... [2302 rule(s)] done [0.04s].
./apriori - find frequent item sets with the apriori algorithm
version 6.5 (2013.11.12)         (c) 1996-2013   Christian Borgelt
reading input-s1.5m3-c80.tmp ... [1241 item(s), 1512 transaction(s)] done [0.00s].
filtering, sorting and recoding items ... [701 item(s)] done [0.00s].
sorting and reducing transactions ... [1463/1512 transaction(s)] done [0.00s].
writing rules-s1.5m3-c80.tmp ... [1741 rule(s)] done [0.03s].
Train size: 9044 | Test Size: 2261


#Rules before subsumption:  22080
#Rules after subsumption:   1122
Subsumption time: 57.8494241238
Dataset uncovered: 3229


#Rules before subsumption:  1306
#Rules after subsumption:   173
Subsumption time: 1.04984092712
Dataset uncovered: 1891


#Rules before subsumption:  61
#Rules after subsumption:   18
Subsumption time: 0.0312230587006
Dataset uncovered: 1606


#Rules before subsumption:  14
#Rules after subsumption:   5
Subsumption time: 0.00931215286255
Dataset uncovered: 1512


#Rules before subsumption:  2
#Rules after subsumption:   1
Subsumption time: 0.00327515602112
Dataset uncovered: 1492

No of labels after 5 iterations: 22
Training Time: 64.3691759109 

Performance with K = 5 :
Accuracy by one match: 0.772666961521
Accuracy by one-to-one matching: 0.755491670352
F-measure:  0.688416988417

Performance with varying number of predictions:
Accuracy by one match: 0.796550199027
Accuracy by one-to-one matching: 0.778202860091
F-measure:  0.66433444114

Testing Time: 7.61685919762 

Total Execution Time: 7.6168680191
