./apriori - find frequent item sets with the apriori algorithm
version 6.5 (2013.11.12)         (c) 1996-2013   Christian Borgelt
reading input-s4m3-c70.tmp ... [1272 item(s), 9044 transaction(s)] done [0.02s].
filtering, sorting and recoding items ... [347 item(s)] done [0.00s].
sorting and reducing transactions ... [8665/9044 transaction(s)] done [0.00s].
writing rules-s4m3-c70.tmp ... [16425 rule(s)] done [0.21s].
./apriori - find frequent item sets with the apriori algorithm
version 6.5 (2013.11.12)         (c) 1996-2013   Christian Borgelt
reading input-s4m3-c70.tmp ... [1269 item(s), 4335 transaction(s)] done [0.01s].
filtering, sorting and recoding items ... [464 item(s)] done [0.00s].
sorting and reducing transactions ... [4148/4335 transaction(s)] done [0.00s].
writing rules-s4m3-c70.tmp ... [1810 rule(s)] done [0.07s].
./apriori - find frequent item sets with the apriori algorithm
version 6.5 (2013.11.12)         (c) 1996-2013   Christian Borgelt
reading input-s4m3-c70.tmp ... [1258 item(s), 3361 transaction(s)] done [0.00s].
filtering, sorting and recoding items ... [419 item(s)] done [0.00s].
sorting and reducing transactions ... [3225/3361 transaction(s)] done [0.01s].
writing rules-s4m3-c70.tmp ... [318 rule(s)] done [0.03s].
./apriori - find frequent item sets with the apriori algorithm
version 6.5 (2013.11.12)         (c) 1996-2013   Christian Borgelt
reading input-s4m3-c70.tmp ... [1251 item(s), 2891 transaction(s)] done [0.00s].
filtering, sorting and recoding items ... [415 item(s)] done [0.00s].
sorting and reducing transactions ... [2781/2891 transaction(s)] done [0.00s].
writing rules-s4m3-c70.tmp ... [239 rule(s)] done [0.02s].
Train size: 9044 | Test Size: 2261


#Rules before subsumption:  1829
#Rules after subsumption:   363
Subsumption time: 5.02833509445
Dataset uncovered: 4335


#Rules before subsumption:  31
#Rules after subsumption:   27
Subsumption time: 0.0417728424072
Dataset uncovered: 3361


#Rules before subsumption:  8
#Rules after subsumption:   5
Subsumption time: 0.011862039566
Dataset uncovered: 2891


#Rules before subsumption:  0
#Rules after subsumption:   0
Subsumption time: 0.00252103805542
Dataset uncovered: 2891

No of labels after 4 iterations: 7
Training Time: 6.05815696716 

Performance with K = 5 :
Accuracy by one match: 0.637770897833
Accuracy by one-to-one matching: 0.626087277016
F-measure:  0.59967253377

Performance with varying number of predictions:
Accuracy by one match: 0.658558160106
Accuracy by one-to-one matching: 0.644589414713
F-measure:  0.592879256966

Testing Time: 2.3598780632 

Total Execution Time: 2.35988616943
