./apriori - find frequent item sets with the apriori algorithm
version 6.5 (2013.11.12)         (c) 1996-2013   Christian Borgelt
reading input-s3.5m3-c60.tmp ... [1272 item(s), 9044 transaction(s)] done [0.01s].
filtering, sorting and recoding items ... [459 item(s)] done [0.00s].
sorting and reducing transactions ... [8710/9044 transaction(s)] done [0.01s].
writing rules-s3.5m3-c60.tmp ... [33974 rule(s)] done [0.35s].
./apriori - find frequent item sets with the apriori algorithm
version 6.5 (2013.11.12)         (c) 1996-2013   Christian Borgelt
reading input-s3.5m3-c60.tmp ... [1262 item(s), 3809 transaction(s)] done [0.00s].
filtering, sorting and recoding items ... [596 item(s)] done [0.00s].
sorting and reducing transactions ... [3657/3809 transaction(s)] done [0.01s].
writing rules-s3.5m3-c60.tmp ... [5976 rule(s)] done [0.10s].
./apriori - find frequent item sets with the apriori algorithm
version 6.5 (2013.11.12)         (c) 1996-2013   Christian Borgelt
reading input-s3.5m3-c60.tmp ... [1252 item(s), 2405 transaction(s)] done [0.00s].
filtering, sorting and recoding items ... [502 item(s)] done [0.00s].
sorting and reducing transactions ... [2305/2405 transaction(s)] done [0.00s].
writing rules-s3.5m3-c60.tmp ... [2431 rule(s)] done [0.04s].
./apriori - find frequent item sets with the apriori algorithm
version 6.5 (2013.11.12)         (c) 1996-2013   Christian Borgelt
reading input-s3.5m3-c60.tmp ... [1250 item(s), 2086 transaction(s)] done [0.00s].
filtering, sorting and recoding items ... [479 item(s)] done [0.00s].
sorting and reducing transactions ... [1996/2086 transaction(s)] done [0.00s].
writing rules-s3.5m3-c60.tmp ... [1083 rule(s)] done [0.02s].
./apriori - find frequent item sets with the apriori algorithm
version 6.5 (2013.11.12)         (c) 1996-2013   Christian Borgelt
reading input-s3.5m3-c60.tmp ... [1250 item(s), 2015 transaction(s)] done [0.00s].
filtering, sorting and recoding items ... [466 item(s)] done [0.00s].
sorting and reducing transactions ... [1925/2015 transaction(s)] done [0.00s].
writing rules-s3.5m3-c60.tmp ... [693 rule(s)] done [0.02s].
Train size: 9044 | Test Size: 2261


#Rules before subsumption:  2850
#Rules after subsumption:   513
Subsumption time: 7.5489859581
Dataset uncovered: 3809


#Rules before subsumption:  96
#Rules after subsumption:   64
Subsumption time: 0.0825607776642
Dataset uncovered: 2405


#Rules before subsumption:  11
#Rules after subsumption:   9
Subsumption time: 0.00954389572144
Dataset uncovered: 2086


#Rules before subsumption:  1
#Rules after subsumption:   1
Subsumption time: 0.00287795066833
Dataset uncovered: 2015


#Rules before subsumption:  0
#Rules after subsumption:   0
Subsumption time: 0.00197911262512
Dataset uncovered: 2015

No of labels after 5 iterations: 12
Training Time: 8.83376097679 

Performance with K = 5 :
Accuracy by one match: 0.710305174701
Accuracy by one-to-one matching: 0.687564499484
F-measure:  0.596715328467

Performance with varying number of predictions:
Accuracy by one match: 0.758071649713
Accuracy by one-to-one matching: 0.726529559192
F-measure:  0.567558954748

Testing Time: 3.36811900139 

Total Execution Time: 3.36812710762
