./apriori - find frequent item sets with the apriori algorithm
version 6.5 (2013.11.12)         (c) 1996-2013   Christian Borgelt
reading input-s1m3-c85.tmp ... [1272 item(s), 9044 transaction(s)] done [0.02s].
filtering, sorting and recoding items ... [949 item(s)] done [0.00s].
sorting and reducing transactions ... [8794/9044 transaction(s)] done [0.00s].
writing rules-s1m3-c85.tmp ... [472790 rule(s)] done [1.95s].
./apriori - find frequent item sets with the apriori algorithm
version 6.5 (2013.11.12)         (c) 1996-2013   Christian Borgelt
reading input-s1m3-c85.tmp ... [1255 item(s), 2786 transaction(s)] done [0.00s].
filtering, sorting and recoding items ... [1002 item(s)] done [0.00s].
sorting and reducing transactions ... [2671/2786 transaction(s)] done [0.00s].
writing rules-s1m3-c85.tmp ... [202749 rule(s)] done [0.90s].
./apriori - find frequent item sets with the apriori algorithm
version 6.5 (2013.11.12)         (c) 1996-2013   Christian Borgelt
reading input-s1m3-c85.tmp ... [1247 item(s), 1757 transaction(s)] done [0.00s].
filtering, sorting and recoding items ... [934 item(s)] done [0.00s].
sorting and reducing transactions ... [1707/1757 transaction(s)] done [0.00s].
writing rules-s1m3-c85.tmp ... [9068 rule(s)] done [0.12s].
./apriori - find frequent item sets with the apriori algorithm
version 6.5 (2013.11.12)         (c) 1996-2013   Christian Borgelt
reading input-s1m3-c85.tmp ... [1245 item(s), 1560 transaction(s)] done [0.00s].
filtering, sorting and recoding items ... [901 item(s)] done [0.00s].
sorting and reducing transactions ... [1519/1560 transaction(s)] done [0.00s].
writing rules-s1m3-c85.tmp ... [8007 rule(s)] done [0.11s].
./apriori - find frequent item sets with the apriori algorithm
version 6.5 (2013.11.12)         (c) 1996-2013   Christian Borgelt
reading input-s1m3-c85.tmp ... [1243 item(s), 1466 transaction(s)] done [0.00s].
filtering, sorting and recoding items ... [901 item(s)] done [0.00s].
sorting and reducing transactions ... [1435/1466 transaction(s)] done [0.00s].
writing rules-s1m3-c85.tmp ... [9141 rule(s)] done [0.10s].
Train size: 9044 | Test Size: 2261


#Rules before subsumption:  59194
#Rules after subsumption:   1552
Subsumption time: 185.884364128
Dataset uncovered: 2786


#Rules before subsumption:  7982
#Rules after subsumption:   175
Subsumption time: 4.42522192001
Dataset uncovered: 1757


#Rules before subsumption:  39
#Rules after subsumption:   24
Subsumption time: 0.0186131000519
Dataset uncovered: 1560


#Rules before subsumption:  21
#Rules after subsumption:   8
Subsumption time: 0.00973296165466
Dataset uncovered: 1466


#Rules before subsumption:  1
#Rules after subsumption:   1
Subsumption time: 0.00243592262268
Dataset uncovered: 1453

No of labels after 5 iterations: 24
Training Time: 196.963667154 

Performance with K = 5 :
Accuracy by one match: 0.784608580274
Accuracy by one-to-one matching: 0.773404098481
F-measure:  0.708513142409

Performance with varying number of predictions:
Accuracy by one match: 0.804953560372
Accuracy by one-to-one matching: 0.790306648975
F-measure:  0.687432481095

Testing Time: 9.91860294342 

Total Execution Time: 9.91861200333
